graphdata/snap/wiki-talk-temporal/wiki-talk-temporal.mtx
4 0 16 1140149 3309592 16 0.00581064224243164 0.008516629536946615
4 1 16 1140149 3309592 16 0.013337548573811848 0.0033829530080159505
4 2 16 1140149 3309592 16 0.011409393946329753 0.0033597628275553386
4 3 16 1140149 3309592 16 0.010610739390055338 0.0032332261403401692
graphdata/snap/wiki-talk-temporal/wiki-talk-temporal.mtx
4 0 32 1140149 3309592 32 0.012131086985270182 0.007602818806966146
4 1 32 1140149 3309592 32 0.01618795394897461 0.004387807846069336
4 2 32 1140149 3309592 32 0.013810173670450846 0.0033488750457763674
4 3 32 1140149 3309592 32 0.015253003438313801 0.0034740447998046877
graphdata/snap/wiki-talk-temporal/wiki-talk-temporal.mtx
4 0 64 1140149 3309592 64 0.020055278142293295 0.00901953379313151
4 1 64 1140149 3309592 64 0.028148571650187176 0.0035924275716145834
4 2 64 1140149 3309592 64 0.027376715342203775 0.0030526638031005858
4 3 64 1140149 3309592 64 0.02643132209777832 0.0031356334686279295
graphdata/snap/wiki-talk-temporal/wiki-talk-temporal.mtx
4 0 128 1140149 3309592 128 0.04000673294067383 0.008018398284912109
4 1 128 1140149 3309592 128 0.03880297342936198 0.004068311055501302
4 2 128 1140149 3309592 128 0.04230480194091797 0.0038174152374267577
4 3 128 1140149 3309592 128 0.04049318631490072 0.003762960433959961
graphdata/snap/wiki-talk-temporal/wiki-talk-temporal.mtx
4 0 256 1140149 3309592 256 0.06562646230061848 0.007541577021280925
4 1 256 1140149 3309592 256 0.07114013036092122 0.0033963998158772785
4 2 256 1140149 3309592 256 0.074462095896403 0.003193187713623047
4 3 256 1140149 3309592 256 0.07244445482889811 0.0035193602244059244
