graphdata/snap/roadNet-TX/roadNet-TX.mtx
4 0 16 1393383 3843320 16 0.014908774693806966 0.007187906901041667
4 1 16 1393383 3843320 16 0.0171265443166097 0.010191218058268229
4 2 16 1393383 3843320 16 0.018531672159830728 0.00756368637084961
4 3 16 1393383 3843320 16 0.0194821039835612 0.00772711435953776
graphdata/snap/roadNet-TX/roadNet-TX.mtx
4 0 32 1393383 3843320 32 0.019014771779378256 0.006923977533976237
4 1 32 1393383 3843320 32 0.019486331939697267 0.00622092882792155
4 2 32 1393383 3843320 32 0.023319307963053384 0.006161053975423177
4 3 32 1393383 3843320 32 0.022261571884155274 0.006883732477823893
graphdata/snap/roadNet-TX/roadNet-TX.mtx
4 0 64 1393383 3843320 64 0.029848655064900715 0.005395841598510742
4 1 64 1393383 3843320 64 0.030087709426879883 0.005474567413330078
4 2 64 1393383 3843320 64 0.0292203426361084 0.004901472727457682
4 3 64 1393383 3843320 64 0.028657833735148113 0.006139039993286133
graphdata/snap/roadNet-TX/roadNet-TX.mtx
4 0 128 1393383 3843320 128 0.0504449208577474 0.006020005544026693
4 1 128 1393383 3843320 128 0.049248027801513675 0.005248467127482097
4 2 128 1393383 3843320 128 0.05014503796895345 0.005201164881388346
4 3 128 1393383 3843320 128 0.0496821403503418 0.004828755060831706
graphdata/snap/roadNet-TX/roadNet-TX.mtx
4 0 256 1393383 3843320 256 0.08292029698689779 0.005598624547322591
4 1 256 1393383 3843320 256 0.08155762354532878 0.005056031545003255
4 2 256 1393383 3843320 256 0.08460062344868978 0.00597076416015625
4 3 256 1393383 3843320 256 0.08320109049479167 0.005667686462402344
