graphdata/snap/soc-LiveJournal1/soc-LiveJournal1.mtx
4 0 16 4847571 68993773 16 0.0615350882212321 0.21421914100646972
4 1 16 4847571 68993773 16 0.05304684638977051 0.07874762217203776
4 2 16 4847571 68993773 16 0.05129175186157227 0.021148840586344402
4 3 16 4847571 68993773 16 0.03776106834411621 0.011412700017293295
graphdata/snap/soc-LiveJournal1/soc-LiveJournal1.mtx
4 0 32 4847571 68993773 32 0.11043782234191894 0.21850582758585613
4 1 32 4847571 68993773 32 0.09454935391743978 0.07234649658203125
4 2 32 4847571 68993773 32 0.07605754534403483 0.02579216957092285
4 3 32 4847571 68993773 32 0.05827468236287435 0.013277641932169596
graphdata/snap/soc-LiveJournal1/soc-LiveJournal1.mtx
4 0 64 4847571 68993773 64 0.20033337275187174 0.2133241653442383
4 1 64 4847571 68993773 64 0.1600737730662028 0.0750344435373942
4 2 64 4847571 68993773 64 0.1285832722981771 0.026167821884155274
4 3 64 4847571 68993773 64 0.09148211479187011 0.012113030751546223
graphdata/snap/soc-LiveJournal1/soc-LiveJournal1.mtx
4 0 128 4847571 68993773 128 0.31691293716430663 0.21523416837056478
4 1 128 4847571 68993773 128 0.26516075134277345 0.07841300964355469
4 2 128 4847571 68993773 128 0.23170995712280273 0.0312796433766683
4 3 128 4847571 68993773 128 0.17148316701253255 0.014021921157836913
graphdata/snap/soc-LiveJournal1/soc-LiveJournal1.mtx
4 0 256 4847571 68993773 256 0.6047691980997721 0.20785579681396485
4 1 256 4847571 68993773 256 0.49824957847595214 0.07921380996704101
4 2 256 4847571 68993773 256 0.43719584147135415 0.029703887303670247
4 3 256 4847571 68993773 256 0.349173911412557 0.016906070709228515
