graphdata/snap/com-LiveJournal/com-LiveJournal.mtx
4 0 16 3997962 69362378 16 0.05581041971842448 0.215210485458374
4 1 16 3997962 69362378 16 0.05227956771850586 0.07900551160176596
4 2 16 3997962 69362378 16 0.04262226422627767 0.02790492375691732
4 3 16 3997962 69362378 16 0.031167332331339517 0.013507334391276042
graphdata/snap/com-LiveJournal/com-LiveJournal.mtx
4 0 32 3997962 69362378 32 0.09962050120035808 0.20732564926147462
4 1 32 3997962 69362378 32 0.08943408330281576 0.08674017588297527
4 2 32 3997962 69362378 32 0.0709591547648112 0.0299623171488444
4 3 32 3997962 69362378 32 0.0520905335744222 0.013759597142537435
graphdata/snap/com-LiveJournal/com-LiveJournal.mtx
4 0 64 3997962 69362378 64 0.1842357317606608 0.21441772778828938
4 1 64 3997962 69362378 64 0.15183471043904623 0.07789599100748698
4 2 64 3997962 69362378 64 0.12068516413370768 0.031609535217285156
4 3 64 3997962 69362378 64 0.08784344991048178 0.01221140225728353
graphdata/snap/com-LiveJournal/com-LiveJournal.mtx
4 0 128 3997962 69362378 128 0.30396270751953125 0.20122572580973308
4 1 128 3997962 69362378 128 0.25981109937032065 0.07941247622172037
4 2 128 3997962 69362378 128 0.21249661445617676 0.03034245173136393
4 3 128 3997962 69362378 128 0.16218344370524088 0.01344129244486491
graphdata/snap/com-LiveJournal/com-LiveJournal.mtx
4 0 256 3997962 69362378 256 0.5549355506896972 0.1989541212717692
4 1 256 3997962 69362378 256 0.46291050910949705 0.0801066239674886
4 2 256 3997962 69362378 256 0.3933939774831136 0.029673242568969728
4 3 256 3997962 69362378 256 0.3048736890157064 0.015522193908691407
