graphdata/snap/cit-Patents/cit-Patents.mtx
4 0 16 3774768 16518948 16 0.029683764775594076 0.010244321823120118
4 1 16 3774768 16518948 16 0.045402272542317705 0.022095092137654624
4 2 16 3774768 16518948 16 0.03486339251200358 0.026030333836873372
4 3 16 3774768 16518948 16 0.021457338333129884 0.012997945149739584
graphdata/snap/cit-Patents/cit-Patents.mtx
4 0 32 3774768 16518948 32 0.050687583287556966 0.009250831604003907
4 1 32 3774768 16518948 32 0.06707501411437988 0.0168306827545166
4 2 32 3774768 16518948 32 0.06727274258931477 0.023143768310546875
4 3 32 3774768 16518948 32 0.02821768124898275 0.012318833669026693
graphdata/snap/cit-Patents/cit-Patents.mtx
4 0 64 3774768 16518948 64 0.08358117739359537 0.008208719889322917
4 1 64 3774768 16518948 64 0.11693113644917806 0.02050333023071289
4 2 64 3774768 16518948 64 0.10041804313659668 0.0235869566599528
4 3 64 3774768 16518948 64 0.05408609708150228 0.015122509002685547
graphdata/snap/cit-Patents/cit-Patents.mtx
4 0 128 3774768 16518948 128 0.15817650159200033 0.010427427291870118
4 1 128 3774768 16518948 128 0.20704139073689778 0.023628886540730795
4 2 128 3774768 16518948 128 0.1827204386393229 0.023909680048624673
4 3 128 3774768 16518948 128 0.10440278053283691 0.015178712209065755
graphdata/snap/cit-Patents/cit-Patents.mtx
4 0 256 3774768 16518948 256 0.2909692287445068 0.010946067174275716
4 1 256 3774768 16518948 256 0.40737837155659995 0.017626047134399414
4 2 256 3774768 16518948 256 0.3263461430867513 0.02387836774190267
4 3 256 3774768 16518948 256 0.17987187703450522 0.014536889394124348
