graphdata/snap/sx-stackoverflow/sx-stackoverflow.mtx
4 0 16 2601977 36233450 16 0.035252682367960614 0.09640933672587076
4 1 16 2601977 36233450 16 0.02648297945658366 0.04643829663594564
4 2 16 2601977 36233450 16 0.023687394460042317 0.022706127166748045
4 3 16 2601977 36233450 16 0.016982046763102214 0.013391987482706705
graphdata/snap/sx-stackoverflow/sx-stackoverflow.mtx
4 0 32 2601977 36233450 32 0.05292213757832845 0.09111207326253255
4 1 32 2601977 36233450 32 0.04649678866068522 0.04533843994140625
4 2 32 2601977 36233450 32 0.041670004526774086 0.018197933832804363
4 3 32 2601977 36233450 32 0.028165594736735026 0.0107176144917806
graphdata/snap/sx-stackoverflow/sx-stackoverflow.mtx
4 0 64 2601977 36233450 64 0.1012297789255778 0.09427949587504068
4 1 64 2601977 36233450 64 0.07601178487141927 0.0426941712697347
4 2 64 2601977 36233450 64 0.06367513338724771 0.017238712310791014
4 3 64 2601977 36233450 64 0.04750270843505859 0.012682358423868815
graphdata/snap/sx-stackoverflow/sx-stackoverflow.mtx
4 0 128 2601977 36233450 128 0.16223912239074706 0.10054140090942383
4 1 128 2601977 36233450 128 0.13034044901529948 0.04163969357808431
4 2 128 2601977 36233450 128 0.10904237429300943 0.01934655507405599
4 3 128 2601977 36233450 128 0.09384571711222331 0.01318968137105306
graphdata/snap/sx-stackoverflow/sx-stackoverflow.mtx
4 0 256 2601977 36233450 256 0.29160138765970867 0.09834567705790202
4 1 256 2601977 36233450 256 0.24044206937154133 0.044071102142333986
4 2 256 2601977 36233450 256 0.2126173178354899 0.02385234832763672
4 3 256 2601977 36233450 256 0.15937816301981608 0.01269671122233073
