graphdata/snap/wiki-Talk/wiki-Talk.mtx
4 0 16 2394385 5021410 16 0.011726570129394532 0.009425910313924153
4 1 16 2394385 5021410 16 0.015302944183349609 0.005016883214314778
4 2 16 2394385 5021410 16 0.014793841044108073 0.0050585269927978516
4 3 16 2394385 5021410 16 0.017131296793619792 0.0054819742838541664
graphdata/snap/wiki-Talk/wiki-Talk.mtx
4 0 32 2394385 5021410 32 0.02191462516784668 0.008703517913818359
4 1 32 2394385 5021410 32 0.029642677307128905 0.005641317367553711
4 2 32 2394385 5021410 32 0.027040974299112955 0.004245281219482422
4 3 32 2394385 5021410 32 0.0319851557413737 0.004355780283610026
graphdata/snap/wiki-Talk/wiki-Talk.mtx
4 0 64 2394385 5021410 64 0.03783046404520671 0.008789936701456705
4 1 64 2394385 5021410 64 0.04096689224243164 0.005430380503336589
4 2 64 2394385 5021410 64 0.043521912892659505 0.005532264709472656
4 3 64 2394385 5021410 64 0.04470324516296387 0.005007235209147135
graphdata/snap/wiki-Talk/wiki-Talk.mtx
4 0 128 2394385 5021410 128 0.06974821090698242 0.008965746561686198
4 1 128 2394385 5021410 128 0.07962063153584799 0.004968563715616862
4 2 128 2394385 5021410 128 0.07949566841125488 0.005049641927083333
4 3 128 2394385 5021410 128 0.07884984016418457 0.005074501037597656
graphdata/snap/wiki-Talk/wiki-Talk.mtx
4 0 256 2394385 5021410 256 0.1234206199645996 0.00970306396484375
4 1 256 2394385 5021410 256 0.13910744984944662 0.005867433547973633
4 2 256 2394385 5021410 256 0.12457567850748698 0.005118052164713542
4 3 256 2394385 5021410 256 0.13845267295837402 0.005951929092407227
