graphdata/snap/roadNet-CA/roadNet-CA.mtx
4 0 16 1971281 5533214 16 0.012654495239257813 0.007739750544230143
4 1 16 1971281 5533214 16 0.013132222493489583 0.008178981145222981
4 2 16 1971281 5533214 16 0.016465059916178384 0.007778851191202799
4 3 16 1971281 5533214 16 0.0147245724995931 0.007591533660888672
graphdata/snap/roadNet-CA/roadNet-CA.mtx
4 0 32 1971281 5533214 32 0.0280577818552653 0.007024129231770833
4 1 32 1971281 5533214 32 0.02965685526529948 0.008789380391438803
4 2 32 1971281 5533214 32 0.030516306559244793 0.008663193384806315
4 3 32 1971281 5533214 32 0.029762903849283855 0.008441670735677084
graphdata/snap/roadNet-CA/roadNet-CA.mtx
4 0 64 1971281 5533214 64 0.03882571856180827 0.006296888987223307
4 1 64 1971281 5533214 64 0.04131979942321777 0.007171328862508138
4 2 64 1971281 5533214 64 0.03926218350728353 0.007621367772420247
4 3 64 1971281 5533214 64 0.041143798828125 0.007301759719848633
graphdata/snap/roadNet-CA/roadNet-CA.mtx
4 0 128 1971281 5533214 128 0.0644688606262207 0.007914559046427409
4 1 128 1971281 5533214 128 0.06424131393432617 0.006340217590332031
4 2 128 1971281 5533214 128 0.06004651387532552 0.007638915379842123
4 3 128 1971281 5533214 128 0.06276540756225586 0.0067020893096923825
graphdata/snap/roadNet-CA/roadNet-CA.mtx
4 0 256 1971281 5533214 256 0.11365790367126465 0.007054917017618815
4 1 256 1971281 5533214 256 0.10340561866760253 0.007486724853515625
4 2 256 1971281 5533214 256 0.10734097162882487 0.007316160202026367
4 3 256 1971281 5533214 256 0.1153893788655599 0.006778144836425781
