graphdata/snap/wiki-topcats/wiki-topcats.mtx
4 0 16 1791489 28511807 16 0.02612301508585612 0.02691639264424642
4 1 16 1791489 28511807 16 0.025755612055460612 0.01807994842529297
4 2 16 1791489 28511807 16 0.02805930773417155 0.0488856315612793
4 3 16 1791489 28511807 16 0.02339318593343099 0.02099293073018392
graphdata/snap/wiki-topcats/wiki-topcats.mtx
4 0 32 1791489 28511807 32 0.04164257049560547 0.02576276461283366
4 1 32 1791489 28511807 32 0.040685447057088216 0.021286869049072267
4 2 32 1791489 28511807 32 0.044443305333455405 0.04983994166056315
4 3 32 1791489 28511807 32 0.03808576265970866 0.020528046290079753
graphdata/snap/wiki-topcats/wiki-topcats.mtx
4 0 64 1791489 28511807 64 0.07611166636149089 0.03750758171081543
4 1 64 1791489 28511807 64 0.06843829154968262 0.019423993428548177
4 2 64 1791489 28511807 64 0.07591139475504557 0.0509857972462972
4 3 64 1791489 28511807 64 0.0677017370859782 0.02053351402282715
graphdata/snap/wiki-topcats/wiki-topcats.mtx
4 0 128 1791489 28511807 128 0.13382803599039714 0.031826448440551755
4 1 128 1791489 28511807 128 0.11144309043884278 0.023721647262573243
4 2 128 1791489 28511807 128 0.13230846722920736 0.04854683876037598
4 3 128 1791489 28511807 128 0.1145174503326416 0.02108141581217448
graphdata/snap/wiki-topcats/wiki-topcats.mtx
4 0 256 1791489 28511807 256 0.23668996493021646 0.033877897262573245
4 1 256 1791489 28511807 256 0.2480696201324463 0.023686313629150392
4 2 256 1791489 28511807 256 0.2328919251759847 0.05085107485453288
4 3 256 1791489 28511807 256 0.2339758237202962 0.030469147364298503
