graphdata/snap/as-Skitter/as-Skitter.mtx
4 0 16 1696415 22190596 16 0.02378424008687337 0.06437436739603679
4 1 16 1696415 22190596 16 0.024805688858032228 0.018523025512695312
4 2 16 1696415 22190596 16 0.0157162348429362 0.009347184499104818
4 3 16 1696415 22190596 16 0.015093294779459636 0.005807685852050781
graphdata/snap/as-Skitter/as-Skitter.mtx
4 0 32 1696415 22190596 32 0.045893589655558266 0.06474628448486328
4 1 32 1696415 22190596 32 0.038515837987264 0.020705238978068034
4 2 32 1696415 22190596 32 0.02862836519877116 0.008871952692667643
4 3 32 1696415 22190596 32 0.023420333862304688 0.006105438868204752
graphdata/snap/as-Skitter/as-Skitter.mtx
4 0 64 1696415 22190596 64 0.07528422673543295 0.06573689778645833
4 1 64 1696415 22190596 64 0.06764634450276692 0.0234742005666097
4 2 64 1696415 22190596 64 0.04829746882120768 0.009130016962687174
4 3 64 1696415 22190596 64 0.04019417762756348 0.0056071599324544275
graphdata/snap/as-Skitter/as-Skitter.mtx
4 0 128 1696415 22190596 128 0.1303544044494629 0.06596191724141438
4 1 128 1696415 22190596 128 0.11772336959838867 0.02267146110534668
4 2 128 1696415 22190596 128 0.08811540603637695 0.008825969696044923
4 3 128 1696415 22190596 128 0.06750483512878418 0.005887349446614583
graphdata/snap/as-Skitter/as-Skitter.mtx
4 0 256 1696415 22190596 256 0.23063044548034667 0.06644798914591471
4 1 256 1696415 22190596 256 0.21602104504903158 0.0209468682607015
4 2 256 1696415 22190596 256 0.16352362632751466 0.010061152776082357
4 3 256 1696415 22190596 256 0.12249134381612142 0.007027037938435872
