graphdata/snap/papers100m.mm
8 0 16 111059956 1615685872 16 0.8361662705739339 0.9774179299672444
8 1 16 111059956 1615685872 16 0.9457022666931152 1.9828360080718994
8 2 16 111059956 1615685872 16 0.8452701091766357 2.102989339828491
8 3 16 111059956 1615685872 16 0.877141269048055 2.412876574198405
8 4 16 111059956 1615685872 16 0.7874256610870362 0.5985166072845459
8 5 16 111059956 1615685872 16 0.6371575991312662 0.42874352137247723
8 6 16 111059956 1615685872 16 0.41785853703816733 0.19986046155293782
8 7 16 111059956 1615685872 16 0.4691509087880453 0.19580090840657552
graphdata/snap/papers100m.mm
8 0 32 111059956 1615685872 32 1.4730556011199951 0.9951540152231853
8 1 32 111059956 1615685872 32 1.810715421040853 2.276137049992879
8 2 32 111059956 1615685872 32 1.5925095717112223 2.088010724385579
8 3 32 111059956 1615685872 32 1.7217058340708415 2.5768118222554524
8 4 32 111059956 1615685872 32 1.349474271138509 0.6040956020355225
8 5 32 111059956 1615685872 32 1.186708943049113 0.4631674289703369
8 6 32 111059956 1615685872 32 0.7359461784362793 0.2076693375905355
8 7 32 111059956 1615685872 32 0.802520211537679 0.20293407440185546
graphdata/snap/papers100m.mm
8 0 64 111059956 1615685872 64 
8 1 64 111059956 1615685872 64 
8 2 64 111059956 1615685872 64 
8 3 64 111059956 1615685872 64 
8 4 64 111059956 1615685872 64 
8 5 64 111059956 1615685872 64 
8 6 64 111059956 1615685872 64 
8 7 64 111059956 1615685872 64 
graphdata/snap/papers100m.mm
8 0 128 
8 1 128 
8 2 128 
8 3 128 
8 4 128 
8 5 128 
8 6 128 
8 7 128 
