graphdata/snap/mag240m.mm
8 0 16 244160499 1728364232 16 0.6032438278198242 0.4218456745147705
8 1 16 244160499 1728364232 16 0.6780047416687012 0.4311992327372233
8 2 16 244160499 1728364232 16 0.5923163890838623 0.47264281908671063
8 3 16 244160499 1728364232 16 0.5569666226704916 0.48427192370096844
8 4 16 244160499 1728364232 16 2.4836546579996743 2.587021748224894
8 5 16 244160499 1728364232 16 2.1179816722869873 2.4403273264567056
8 6 16 244160499 1728364232 16 1.8023311297098796 2.8229592641194663
8 7 16 244160499 1728364232 16 1.7169544696807861 2.7415338357289634
graphdata/snap/mag240m.mm
8 0 32 244160499 1728364232 32 
8 1 32 244160499 1728364232 32 
8 2 32 244160499 1728364232 32 
8 3 32 244160499 1728364232 32 
8 4 32 244160499 1728364232 32 
8 5 32 244160499 1728364232 32 
8 6 32 244160499 1728364232 32 
8 7 32 244160499 1728364232 32 
graphdata/snap/mag240m.mm
8 0 64 
8 1 64 
8 2 64 
8 3 64 
8 4 64 
8 5 64 
8 6 64 
8 7 64 
graphdata/snap/mag240m.mm
8 0 128 
8 1 128 
8 2 128 
8 3 128 
8 4 128 
8 5 128 
8 6 128 
8 7 128 
