graphdata/snap/twitter7.mm
8 0 16 41652230 1468365182 16 0.28925007581710815 1.744266152381897
8 1 16 41652230 1468365182 16 0.22577083110809326 0.9749984741210938
8 2 16 41652230 1468365182 16 0.2510663866996765 0.7114783525466919
8 3 16 41652230 1468365182 16 0.25430184602737427 0.6573939919471741
8 4 16 41652230 1468365182 16 0.29120415449142456 0.6672256588935852
8 5 16 41652230 1468365182 16 0.400126576423645 0.8486407399177551
8 6 16 41652230 1468365182 16 0.4728453755378723 1.13391774892807
8 7 16 41652230 1468365182 16 0.3109126091003418 0.7969084978103638
graphdata/snap/twitter7.mm
8 0 32 41652230 1468365182 32 0.47392064332962036 1.9202391505241394
8 1 32 41652230 1468365182 32 0.45323532819747925 0.9901788234710693
8 2 32 41652230 1468365182 32 0.4756590723991394 0.6784000396728516
8 3 32 41652230 1468365182 32 0.4535115361213684 0.6745100617408752
8 4 32 41652230 1468365182 32 0.5323407053947449 0.6921870112419128
8 5 32 41652230 1468365182 32 0.7496750950813293 0.879132091999054
8 6 32 41652230 1468365182 32 0.9118679165840149 1.069777011871338
8 7 32 41652230 1468365182 32 0.6657935976982117 0.7309093475341797
graphdata/snap/twitter7.mm
8 0 64 41652230 1468365182 64 1.0455983877182007 1.9330797791481018
8 1 64 41652230 1468365182 64 0.8163434863090515 0.9488438963890076
8 2 64 41652230 1468365182 64 0.9447959661483765 0.778957188129425
8 3 64 41652230 1468365182 64 0.9280846118927002 0.6864145398139954
8 4 64 41652230 1468365182 64 0.8797014355659485 0.6569194793701172
8 5 64 41652230 1468365182 64 1.3933911323547363 0.8395488858222961
8 6 64 41652230 1468365182 64 1.6415565609931946 1.0426028966903687
8 7 64 41652230 1468365182 64 1.2590761184692383 0.7849269509315491
graphdata/snap/twitter7.mm
8 0 128 41652230 1468365182 128 
8 1 128 41652230 1468365182 128 
8 2 128 41652230 1468365182 128 
8 3 128 41652230 1468365182 128 
8 4 128 41652230 1468365182 128 
8 5 128 41652230 1468365182 128 
8 6 128 41652230 1468365182 128 
8 7 128 41652230 1468365182 128 
