graphdata/snap/wiki-Talk/wiki-Talk.mtx
2 0 16 2394385 5021410 16 0.27924430997748123
2 1 16 2394385 5021410 16 0.28035823922408254
graphdata/snap/wiki-Talk/wiki-Talk.mtx
2 0 32 2394385 5021410 32 0.2808604491384406
2 1 32 2394385 5021410 32 0.3082513683720639
graphdata/snap/wiki-Talk/wiki-Talk.mtx
2 0 64 2394385 5021410 64 0.4028064075269197
2 1 64 2394385 5021410 64 0.5295286053105405
graphdata/snap/wiki-Talk/wiki-Talk.mtx
2 0 128 2394385 5021410 128 0.8034938762062475
2 1 128 2394385 5021410 128 0.9973512950696444
graphdata/snap/wiki-Talk/wiki-Talk.mtx
2 0 256 2394385 5021410 256 1.649542105825324
2 1 256 2394385 5021410 256 1.933287357029162
graphdata/snap/wiki-Talk/wiki-Talk.mtx
4 0 16 2394385 5021410 16 0.1353957402078729
4 1 16 2394385 5021410 16 0.13747724733854594
4 2 16 2394385 5021410 16 0.13636182483873868
4 3 16 2394385 5021410 16 0.1355653813010768
graphdata/snap/wiki-Talk/wiki-Talk.mtx
4 0 32 2394385 5021410 32 0.13915395736694336
4 1 32 2394385 5021410 32 0.15291725961785568
4 2 32 2394385 5021410 32 0.13858860417416222
4 3 32 2394385 5021410 32 0.13914959054244191
graphdata/snap/wiki-Talk/wiki-Talk.mtx
4 0 64 2394385 5021410 64 0.20218142710233988
4 1 64 2394385 5021410 64 0.2636363631800601
4 2 64 2394385 5021410 64 0.1810307502746582
4 3 64 2394385 5021410 64 0.17659782108507657
graphdata/snap/wiki-Talk/wiki-Talk.mtx
4 0 128 2394385 5021410 128 0.3922686451359799
4 1 128 2394385 5021410 128 0.4951488595259817
4 2 128 2394385 5021410 128 0.31549468793367086
4 3 128 2394385 5021410 128 0.3060112375962107
graphdata/snap/wiki-Talk/wiki-Talk.mtx
4 0 256 2394385 5021410 256 0.7942660105855841
4 1 256 2394385 5021410 256 0.9578028478120503
4 2 256 2394385 5021410 256 0.6221095009853965
4 3 256 2394385 5021410 256 0.6249758193367406
