graphdata/snap/wiki-topcats/wiki-topcats.mtx
2 0 16 1791489 28511807 16 0.4092654679950915
2 1 16 1791489 28511807 16 0.5989940291956851
graphdata/snap/wiki-topcats/wiki-topcats.mtx
2 0 32 1791489 28511807 32 0.7136747711583188
2 1 32 1791489 28511807 32 0.974284335186607
graphdata/snap/wiki-topcats/wiki-topcats.mtx
2 0 64 1791489 28511807 64 1.486627265026695
2 1 64 1791489 28511807 64 1.906182941637541
graphdata/snap/wiki-topcats/wiki-topcats.mtx
2 0 128 1791489 28511807 128 3.226688811653539
2 1 128 1791489 28511807 128 3.8082703540199683
graphdata/snap/wiki-topcats/wiki-topcats.mtx
2 0 256 1791489 28511807 256 6.876863718032837
2 1 256 1791489 28511807 256 7.670296317652652
graphdata/snap/wiki-topcats/wiki-topcats.mtx
4 0 16 1791489 28511807 16 0.20439939749868294
4 1 16 1791489 28511807 16 0.2998085272939582
4 2 16 1791489 28511807 16 0.2092651316994115
4 3 16 1791489 28511807 16 0.2163449588574861
graphdata/snap/wiki-topcats/wiki-topcats.mtx
4 0 32 1791489 28511807 32 0.36087826678627416
4 1 32 1791489 28511807 32 0.48725689084906326
4 2 32 1791489 28511807 32 0.3397545061613384
4 3 32 1791489 28511807 32 0.3384453120984529
graphdata/snap/wiki-topcats/wiki-topcats.mtx
4 0 64 1791489 28511807 64 0.7434692131845575
4 1 64 1791489 28511807 64 0.953048404894377
4 2 64 1791489 28511807 64 0.6707439171640497
4 3 64 1791489 28511807 64 0.6614150624526175
graphdata/snap/wiki-topcats/wiki-topcats.mtx
4 0 128 1791489 28511807 128 1.6192517657029002
4 1 128 1791489 28511807 128 1.9064161275562488
4 2 128 1791489 28511807 128 1.4890937930659245
4 3 128 1791489 28511807 128 1.4948253631591797
graphdata/snap/wiki-topcats/wiki-topcats.mtx
4 0 256 1791489 28511807 256 3.4625389324991325
4 1 256 1791489 28511807 256 3.8522728242372213
4 2 256 1791489 28511807 256 3.3059296231520805
4 3 256 1791489 28511807 256 3.309457804027357
