graphdata/snap/as-Skitter/as-Skitter.mtx
2 0 16 1696415 22190596 16 0.39347406437522486
2 1 16 1696415 22190596 16 0.581869690041793
graphdata/snap/as-Skitter/as-Skitter.mtx
2 0 32 1696415 22190596 32 0.6884083998830695
2 1 32 1696415 22190596 32 0.9406268220198782
graphdata/snap/as-Skitter/as-Skitter.mtx
2 0 64 1696415 22190596 64 1.4049233762841475
2 1 64 1696415 22190596 64 1.8300769705521434
graphdata/snap/as-Skitter/as-Skitter.mtx
2 0 128 1696415 22190596 128 3.039246069757562
2 1 128 1696415 22190596 128 3.638500351654856
graphdata/snap/as-Skitter/as-Skitter.mtx
2 0 256 1696415 22190596 256 6.536515386481034
2 1 256 1696415 22190596 256 7.321072879590486
graphdata/snap/as-Skitter/as-Skitter.mtx
4 0 16 1696415 22190596 16 0.1954724161248458
4 1 16 1696415 22190596 16 0.29054390756707443
4 2 16 1696415 22190596 16 0.21011499354713842
4 3 16 1696415 22190596 16 0.2076500089544999
graphdata/snap/as-Skitter/as-Skitter.mtx
4 0 32 1696415 22190596 32 0.3457407323937667
4 1 32 1696415 22190596 32 0.47018688603451375
4 2 32 1696415 22190596 32 0.32240133536489385
4 3 32 1696415 22190596 32 0.32528632565548543
graphdata/snap/as-Skitter/as-Skitter.mtx
4 0 64 1696415 22190596 64 0.7061270663612768
4 1 64 1696415 22190596 64 0.9153109977119848
4 2 64 1696415 22190596 64 0.6145937442779541
4 3 64 1696415 22190596 64 0.6209767241226999
graphdata/snap/as-Skitter/as-Skitter.mtx
4 0 128 1696415 22190596 128 1.525296637886449
4 1 128 1696415 22190596 128 1.8217290702619051
4 2 128 1696415 22190596 128 1.4528131359501888
4 3 128 1696415 22190596 128 1.4499620010978298
graphdata/snap/as-Skitter/as-Skitter.mtx
4 0 256 1696415 22190596 256 3.2806893524370695
4 1 256 1696415 22190596 256 3.6734525028027987
4 2 256 1696415 22190596 256 3.2246909141540527
4 3 256 1696415 22190596 256 3.2239715802042106
