graphdata/snap/wiki-talk-temporal/wiki-talk-temporal.mtx
2 0 16 1140149 3309592 16 0.0063528638137014285
2 1 16 1140149 3309592 16 0.008044845179507607
graphdata/snap/wiki-talk-temporal/wiki-talk-temporal.mtx
2 0 32 1140149 3309592 32 0.0132512418847335
2 1 32 1140149 3309592 32 0.014857555690564607
graphdata/snap/wiki-talk-temporal/wiki-talk-temporal.mtx
2 0 64 1140149 3309592 64 0.027430722587986997
2 1 64 1140149 3309592 64 0.029226328197278474
graphdata/snap/wiki-talk-temporal/wiki-talk-temporal.mtx
4 0 16 1140149 3309592 16 0.002432710246035927
4 1 16 1140149 3309592 16 0.003907291512740285
4 2 16 1140149 3309592 16 0.004170631107531096
4 3 16 1140149 3309592 16 0.0041393104352449115
graphdata/snap/wiki-talk-temporal/wiki-talk-temporal.mtx
4 0 32 1140149 3309592 32 0.006203274977834601
4 1 32 1140149 3309592 32 0.007626219799644069
4 2 32 1140149 3309592 32 0.007811031843486585
4 3 32 1140149 3309592 32 0.007762632871928968
graphdata/snap/wiki-talk-temporal/wiki-talk-temporal.mtx
4 0 64 1140149 3309592 64 0.013894495211149516
4 1 64 1140149 3309592 64 0.01507217005679482
4 2 64 1140149 3309592 64 0.014942708768342671
4 3 64 1140149 3309592 64 0.014827565142982885
