graphdata/snap/roadNet-TX/roadNet-TX.mtx
2 0 16 1393383 3843320 16 0.00958017299049779
2 1 16 1393383 3843320 16 0.009732572655928763
graphdata/snap/roadNet-TX/roadNet-TX.mtx
2 0 32 1393383 3843320 32 0.018007567054346987
2 1 32 1393383 3843320 32 0.018235909311394943
graphdata/snap/roadNet-TX/roadNet-TX.mtx
2 0 64 1393383 3843320 64 0.03495049476623535
2 1 64 1393383 3843320 64 0.035303278973228054
graphdata/snap/roadNet-TX/roadNet-TX.mtx
4 0 16 1393383 3843320 16 0.004539389359323602
4 1 16 1393383 3843320 16 0.004871343311510588
4 2 16 1393383 3843320 16 0.004994869232177734
4 3 16 1393383 3843320 16 0.004971228147807874
graphdata/snap/roadNet-TX/roadNet-TX.mtx
4 0 32 1393383 3843320 32 0.009000364102815328
4 1 32 1393383 3843320 32 0.009267957586991159
4 2 32 1393383 3843320 32 0.009278837003205953
4 3 32 1393383 3843320 32 0.00924498156497353
graphdata/snap/roadNet-TX/roadNet-TX.mtx
4 0 64 1393383 3843320 64 0.017373674794247274
4 1 64 1393383 3843320 64 0.01787457968059339
4 2 64 1393383 3843320 64 0.017891620334826018
4 3 64 1393383 3843320 64 0.01783368462010434
