graphdata/snap/soc-LiveJournal1/soc-LiveJournal1.mtx
2 0 16 4847571 68993773 16 0.027011394500732422
2 1 16 4847571 68993773 16 0.05604332371761924
graphdata/snap/soc-LiveJournal1/soc-LiveJournal1.mtx
2 0 32 4847571 68993773 32 0.050792694091796875
2 1 32 4847571 68993773 32 0.09345182619596783
graphdata/snap/soc-LiveJournal1/soc-LiveJournal1.mtx
2 0 64 4847571 68993773 64 0.0996947915930497
2 1 64 4847571 68993773 64 0.17282636542069285
graphdata/snap/soc-LiveJournal1/soc-LiveJournal1.mtx
4 0 16 4847571 68993773 16 0.0234390936399761
4 1 16 4847571 68993773 16 0.04696706721657201
4 2 16 4847571 68993773 16 0.023131345447741057
4 3 16 4847571 68993773 16 0.02197525375767758
graphdata/snap/soc-LiveJournal1/soc-LiveJournal1.mtx
4 0 32 4847571 68993773 32 0.04335490025972065
4 1 32 4847571 68993773 32 0.07176320176375539
4 2 32 4847571 68993773 32 0.04855827281349584
4 3 32 4847571 68993773 32 0.04263196493449964
graphdata/snap/soc-LiveJournal1/soc-LiveJournal1.mtx
4 0 64 4847571 68993773 64 0.10415779916863692
4 1 64 4847571 68993773 64 0.13962399332146896
4 2 64 4847571 68993773 64 0.10517824323553789
4 3 64 4847571 68993773 64 0.09224067236247815
