graphdata/snap/com-LiveJournal/com-LiveJournal.mtx
2 0 16 3997962 69362378 16 0.02458936289737099
2 1 16 3997962 69362378 16 0.04959098916304739
graphdata/snap/com-LiveJournal/com-LiveJournal.mtx
2 0 32 3997962 69362378 32 0.045098229458457546
2 1 32 3997962 69362378 32 0.08105427340457314
graphdata/snap/com-LiveJournal/com-LiveJournal.mtx
2 0 64 3997962 69362378 64 0.08903896181206954
2 1 64 3997962 69362378 64 0.15183393578780324
graphdata/snap/com-LiveJournal/com-LiveJournal.mtx
4 0 16 3997962 69362378 16 0.02086763632924933
4 1 16 3997962 69362378 16 0.041475183085391394
4 2 16 3997962 69362378 16 0.017635169782136615
4 3 16 3997962 69362378 16 0.016576591290925678
graphdata/snap/com-LiveJournal/com-LiveJournal.mtx
4 0 32 3997962 69362378 32 0.0376782542780826
4 1 32 3997962 69362378 32 0.06433256048905223
4 2 32 3997962 69362378 32 0.040967740510639394
4 3 32 3997962 69362378 32 0.03685129316229569
graphdata/snap/com-LiveJournal/com-LiveJournal.mtx
4 0 64 3997962 69362378 64 0.09677174216822575
4 1 64 3997962 69362378 64 0.12801273245560496
4 2 64 3997962 69362378 64 0.09078904202109889
4 3 64 3997962 69362378 64 0.08077714317723324
