graphdata/snap/cit-Patents/cit-Patents.mtx
2 0 16 3774768 16518948 16 0.03539264829535233
2 1 16 3774768 16518948 16 0.027086822610152394
graphdata/snap/cit-Patents/cit-Patents.mtx
2 0 32 3774768 16518948 32 0.06507190905119244
2 1 32 3774768 16518948 32 0.048982708077681694
graphdata/snap/cit-Patents/cit-Patents.mtx
2 0 64 3774768 16518948 64 0.12701404722113357
2 1 64 3774768 16518948 64 0.09526351878517553
graphdata/snap/cit-Patents/cit-Patents.mtx
4 0 16 3774768 16518948 16 0.01411572255586323
4 1 16 3774768 16518948 16 0.025434443825169614
4 2 16 3774768 16518948 16 0.012335877669484992
4 3 16 3774768 16518948 16 0.009826183319091797
graphdata/snap/cit-Patents/cit-Patents.mtx
4 0 32 3774768 16518948 32 0.032036542892456055
4 1 32 3774768 16518948 32 0.049445114637676035
4 2 32 3774768 16518948 32 0.022209205125507555
4 3 32 3774768 16518948 32 0.015537149027774208
graphdata/snap/cit-Patents/cit-Patents.mtx
4 0 64 3774768 16518948 64 0.07390555582548443
4 1 64 3774768 16518948 64 0.10143069217079564
4 2 64 3774768 16518948 64 0.05211419808237176
4 3 64 3774768 16518948 64 0.035561624326204
