graphdata/snap/sx-stackoverflow/sx-stackoverflow.mtx
2 0 16 2601977 36233450 16 0.013892487475746557
2 1 16 2601977 36233450 16 0.025599128321597452
graphdata/snap/sx-stackoverflow/sx-stackoverflow.mtx
2 0 32 2601977 36233450 32 0.025333228864167865
2 1 32 2601977 36233450 32 0.04088736835278963
graphdata/snap/sx-stackoverflow/sx-stackoverflow.mtx
2 0 64 2601977 36233450 64 0.05519444064090127
2 1 64 2601977 36233450 64 0.07612767972444233
graphdata/snap/sx-stackoverflow/sx-stackoverflow.mtx
4 0 16 2601977 36233450 16 0.010960327951531661
4 1 16 2601977 36233450 16 0.016744187003687808
4 2 16 2601977 36233450 16 0.008666803962305972
4 3 16 2601977 36233450 16 0.00758261429636102
graphdata/snap/sx-stackoverflow/sx-stackoverflow.mtx
4 0 32 2601977 36233450 32 0.01955397505509226
4 1 32 2601977 36233450 32 0.028794878407528524
4 2 32 2601977 36233450 32 0.01985528594569156
4 3 32 2601977 36233450 32 0.017297418493973583
graphdata/snap/sx-stackoverflow/sx-stackoverflow.mtx
4 0 64 2601977 36233450 64 0.05427836116991545
4 1 64 2601977 36233450 64 0.06030283476177015
4 2 64 2601977 36233450 64 0.044548599343550835
4 3 64 2601977 36233450 64 0.03947933096634714
