graphdata/snap/wiki-Talk/wiki-Talk.mtx
2 0 16 2394385 5021410 16 0.014777196081061112
2 1 16 2394385 5021410 16 0.016543275431582804
graphdata/snap/wiki-Talk/wiki-Talk.mtx
2 0 32 2394385 5021410 32 0.02935851247687089
2 1 32 2394385 5021410 32 0.031075226633172286
graphdata/snap/wiki-Talk/wiki-Talk.mtx
2 0 64 2394385 5021410 64 0.058632461648238335
2 1 64 2394385 5021410 64 0.060699600922433955
graphdata/snap/wiki-Talk/wiki-Talk.mtx
4 0 16 2394385 5021410 16 0.006914803856297543
4 1 16 2394385 5021410 16 0.008592668332551656
4 2 16 2394385 5021410 16 0.008729244533338044
4 3 16 2394385 5021410 16 0.008930005525287828
graphdata/snap/wiki-Talk/wiki-Talk.mtx
4 0 32 2394385 5021410 32 0.014344403618260435
4 1 32 2394385 5021410 32 0.015871687939292507
4 2 32 2394385 5021410 32 0.016037853140580028
4 3 32 2394385 5021410 32 0.01597998016758969
graphdata/snap/wiki-Talk/wiki-Talk.mtx
4 0 64 2394385 5021410 64 0.029677453793977435
4 1 64 2394385 5021410 64 0.031114979794150906
4 2 64 2394385 5021410 64 0.030964374542236328
4 3 64 2394385 5021410 64 0.03082989391527678
