graphdata/snap/roadNet-CA/roadNet-CA.mtx
2 0 16 1971281 5533214 16 0.013571362746389289
2 1 16 1971281 5533214 16 0.013911209608379164
graphdata/snap/roadNet-CA/roadNet-CA.mtx
2 0 32 1971281 5533214 32 0.025431846317492034
2 1 32 1971281 5533214 32 0.025755317587601512
graphdata/snap/roadNet-CA/roadNet-CA.mtx
2 0 64 1971281 5533214 64 0.049413793965389856
2 1 64 1971281 5533214 64 0.04989872480693616
graphdata/snap/roadNet-CA/roadNet-CA.mtx
4 0 16 1971281 5533214 16 0.006713553478843288
4 1 16 1971281 5533214 16 0.007093655435662521
4 2 16 1971281 5533214 16 0.007171593214336194
4 3 16 1971281 5533214 16 0.007330317246286492
graphdata/snap/roadNet-CA/roadNet-CA.mtx
4 0 32 1971281 5533214 32 0.012262319263659026
4 1 32 1971281 5533214 32 0.01290707839162726
4 2 32 1971281 5533214 32 0.012801333477622584
4 3 32 1971281 5533214 32 0.012708613747044614
graphdata/snap/roadNet-CA/roadNet-CA.mtx
4 0 64 1971281 5533214 64 0.024710241116975482
4 1 64 1971281 5533214 64 0.02527115219517758
4 2 64 1971281 5533214 64 0.025116368343955593
4 3 64 1971281 5533214 64 0.025035431510523745
