graphdata/snap/wiki-topcats/wiki-topcats.mtx
2 0 16 1791489 28511807 16 0.0133386913098787
2 1 16 1791489 28511807 16 0.020380057786640367
graphdata/snap/wiki-topcats/wiki-topcats.mtx
2 0 32 1791489 28511807 32 0.031484214883101616
2 1 32 1791489 28511807 32 0.03654138665450247
graphdata/snap/wiki-topcats/wiki-topcats.mtx
2 0 64 1791489 28511807 64 0.06948389505085192
2 1 64 1791489 28511807 64 0.07402275737963225
graphdata/snap/wiki-topcats/wiki-topcats.mtx
4 0 16 1791489 28511807 16 0.013937121943423622
4 1 16 1791489 28511807 16 0.01844098693446109
4 2 16 1791489 28511807 16 0.00846778719048751
4 3 16 1791489 28511807 16 0.009002735740260073
graphdata/snap/wiki-topcats/wiki-topcats.mtx
4 0 32 1791489 28511807 32 0.026772499084472656
4 1 32 1791489 28511807 32 0.026945189425819797
4 2 32 1791489 28511807 32 0.02070226167377673
4 3 32 1791489 28511807 32 0.020560678682829205
graphdata/snap/wiki-topcats/wiki-topcats.mtx
4 0 64 1791489 28511807 64 0.05534249857852334
4 1 64 1791489 28511807 64 0.05387954962880988
4 2 64 1791489 28511807 64 0.04906255320498818
4 3 64 1791489 28511807 64 0.048208224145989666
