graphdata/snap/as-Skitter/as-Skitter.mtx
2 0 16 1696415 22190596 16 0.00981089943333676
2 1 16 1696415 22190596 16 0.01815945223758095
graphdata/snap/as-Skitter/as-Skitter.mtx
2 0 32 1696415 22190596 32 0.018947300158048932
2 1 32 1696415 22190596 32 0.031140452937075968
graphdata/snap/as-Skitter/as-Skitter.mtx
2 0 64 1696415 22190596 64 0.04189498800980417
2 1 64 1696415 22190596 64 0.05844623164126748
graphdata/snap/as-Skitter/as-Skitter.mtx
4 0 16 1696415 22190596 16 0.007805861924823962
4 1 16 1696415 22190596 16 0.01623788632844624
4 2 16 1696415 22190596 16 0.007295671262239155
4 3 16 1696415 22190596 16 0.006245889161762439
graphdata/snap/as-Skitter/as-Skitter.mtx
4 0 32 1696415 22190596 32 0.018708818837216024
4 1 32 1696415 22190596 32 0.028986780267012745
4 2 32 1696415 22190596 32 0.016230018515335887
4 3 32 1696415 22190596 32 0.013645862278185393
graphdata/snap/as-Skitter/as-Skitter.mtx
4 0 64 1696415 22190596 64 0.04832203764664499
4 1 64 1696415 22190596 64 0.05856447470815558
4 2 64 1696415 22190596 64 0.035264943775377776
4 3 64 1696415 22190596 64 0.02934632803264417
