graphdata/snap/wiki-talk-temporal/wiki-talk-temporal.mtx
2 0 16 1140149 3309592 16 0.007508468627929687 0.0018912315368652343
2 1 16 1140149 3309592 16 0.014228884379069011 0.001331631342569987
graphdata/snap/wiki-talk-temporal/wiki-talk-temporal.mtx
2 0 32 1140149 3309592 32 0.021763928731282554 0.0020571231842041017
2 1 32 1140149 3309592 32 0.024799219767252603 0.0014234701792399088
graphdata/snap/wiki-talk-temporal/wiki-talk-temporal.mtx
2 0 64 1140149 3309592 64 0.03922435442606608 0.0024829546610514322
2 1 64 1140149 3309592 64 0.0454902172088623 0.001864941914876302
graphdata/snap/wiki-talk-temporal/wiki-talk-temporal.mtx
2 0 128 1140149 3309592 128 0.0734422524770101 0.0036259969075520832
2 1 128 1140149 3309592 128 0.08718463579813639 0.00289761225382487
graphdata/snap/wiki-talk-temporal/wiki-talk-temporal.mtx
2 0 256 1140149 3309592 256 0.14449790318806965 0.006106678644816081
2 1 256 1140149 3309592 256 0.17514554659525552 0.00492397944132487
graphdata/snap/wiki-talk-temporal/wiki-talk-temporal.mtx
4 0 16 1140149 3309592 16 0.00527799924214681 0.0015230973561604817
4 1 16 1140149 3309592 16 0.007173458735148112 0.0011530717213948567
4 2 16 1140149 3309592 16 0.006046517690022787 0.0012320359547932944
4 3 16 1140149 3309592 16 0.005575927098592123 0.001266018549601237
graphdata/snap/wiki-talk-temporal/wiki-talk-temporal.mtx
4 0 32 1140149 3309592 32 0.01136762301127116 0.0016737143198649088
4 1 32 1140149 3309592 32 0.014136139551798503 0.0011861960093180338
4 2 32 1140149 3309592 32 0.014393774668375652 0.0012708663940429687
4 3 32 1140149 3309592 32 0.013770230611165364 0.0012286186218261718
graphdata/snap/wiki-talk-temporal/wiki-talk-temporal.mtx
4 0 64 1140149 3309592 64 0.022086381912231445 0.0018545150756835937
4 1 64 1140149 3309592 64 0.026020622253417967 0.0013818581899007162
4 2 64 1140149 3309592 64 0.026043812433878582 0.0014342308044433595
4 3 64 1140149 3309592 64 0.025067726771036785 0.0013615926106770833
graphdata/snap/wiki-talk-temporal/wiki-talk-temporal.mtx
4 0 128 1140149 3309592 128 0.0413970947265625 0.0025105953216552736
4 1 128 1140149 3309592 128 0.047256882985432944 0.0017824014027913412
4 2 128 1140149 3309592 128 0.04979112943013509 0.0017638524373372396
4 3 128 1140149 3309592 128 0.05128242174784343 0.0017227490743001303
graphdata/snap/wiki-talk-temporal/wiki-talk-temporal.mtx
4 0 256 1140149 3309592 256 0.07653743426005045 0.003886286417643229
4 1 256 1140149 3309592 256 0.09683688481648763 0.002839803695678711
4 2 256 1140149 3309592 256 0.1040389060974121 0.002843793233235677
4 3 256 1140149 3309592 256 0.10366570154825847 0.0027903397878011067
