graphdata/snap/roadNet-TX/roadNet-TX.mtx
2 0 16 1393383 3843320 16 0.013480440775553385 0.0018314520517985027
2 1 16 1393383 3843320 16 0.015594069163004558 0.0018646717071533203
graphdata/snap/roadNet-TX/roadNet-TX.mtx
2 0 32 1393383 3843320 32 0.025999053319295248 0.0019422054290771484
2 1 32 1393383 3843320 32 0.029757928848266602 0.002034600575764974
graphdata/snap/roadNet-TX/roadNet-TX.mtx
2 0 64 1393383 3843320 64 0.05282917022705078 0.0027313709259033205
2 1 64 1393383 3843320 64 0.05673411687215169 0.0026923020680745444
graphdata/snap/roadNet-TX/roadNet-TX.mtx
2 0 128 1393383 3843320 128 0.10491644541422526 0.004393513997395833
2 1 128 1393383 3843320 128 0.10980559984842936 0.00440066655476888
graphdata/snap/roadNet-TX/roadNet-TX.mtx
2 0 256 1393383 3843320 256 0.2136146068572998 0.007704385121663411
2 1 256 1393383 3843320 256 0.22096649805704752 0.0076839288075764975
graphdata/snap/roadNet-TX/roadNet-TX.mtx
4 0 16 1393383 3843320 16 0.007073895136515299 0.0012981891632080078
4 1 16 1393383 3843320 16 0.008029365539550781 0.0013869444529215494
4 2 16 1393383 3843320 16 0.005669339497884115 0.00141142209370931
4 3 16 1393383 3843320 16 0.006614716847737631 0.0013896942138671875
graphdata/snap/roadNet-TX/roadNet-TX.mtx
4 0 32 1393383 3843320 32 0.016794522603352863 0.0015018304189046224
4 1 32 1393383 3843320 32 0.017639350891113282 0.0014867623647054037
4 2 32 1393383 3843320 32 0.017075856526692707 0.0014319260915120443
4 3 32 1393383 3843320 32 0.015499178568522136 0.0014386177062988281
graphdata/snap/roadNet-TX/roadNet-TX.mtx
4 0 64 1393383 3843320 64 0.032237704594930014 0.0017628033955891928
4 1 64 1393383 3843320 64 0.03521429697672526 0.0017260392506917319
4 2 64 1393383 3843320 64 0.03547201156616211 0.001759815216064453
4 3 64 1393383 3843320 64 0.03390769958496094 0.0017194906870524088
graphdata/snap/roadNet-TX/roadNet-TX.mtx
4 0 128 1393383 3843320 128 0.060933891932169595 0.0025171279907226563
4 1 128 1393383 3843320 128 0.06150644620259603 0.002538474400838216
4 2 128 1393383 3843320 128 0.06086198488871256 0.002560917536417643
4 3 128 1393383 3843320 128 0.06357552210489908 0.0025995572408040366
graphdata/snap/roadNet-TX/roadNet-TX.mtx
4 0 256 1393383 3843320 256 0.1381526788075765 0.004136466979980468
4 1 256 1393383 3843320 256 0.1406216303507487 0.00416563351949056
4 2 256 1393383 3843320 256 0.13950498898824057 0.0041766484578450525
4 3 256 1393383 3843320 256 0.13129258155822754 0.004172293345133463
