graphdata/snap/soc-LiveJournal1/soc-LiveJournal1.mtx
2 0 16 4847571 68993773 16 0.08771408398946126 0.02927854855855306
2 1 16 4847571 68993773 16 0.09486222267150879 0.00689229965209961
graphdata/snap/soc-LiveJournal1/soc-LiveJournal1.mtx
2 0 32 4847571 68993773 32 0.14920818010965983 0.030987993876139323
2 1 32 4847571 68993773 32 0.1584985891977946 0.007668240865071615
graphdata/snap/soc-LiveJournal1/soc-LiveJournal1.mtx
2 0 64 4847571 68993773 64 0.2708704948425293 0.03729324340820313
2 1 64 4847571 68993773 64 0.2801915804545085 0.010335540771484375
graphdata/snap/soc-LiveJournal1/soc-LiveJournal1.mtx
2 0 128 4847571 68993773 128 0.5024113496144612 0.05714058876037598
2 1 128 4847571 68993773 128 0.5281987667083741 0.016868225733439126
graphdata/snap/soc-LiveJournal1/soc-LiveJournal1.mtx
4 0 16 4847571 68993773 16 0.08167624473571777 0.021519804000854494
4 1 16 4847571 68993773 16 0.08023780186971029 0.008223581314086913
4 2 16 4847571 68993773 16 0.06309688886006673 0.004561201731363932
4 3 16 4847571 68993773 16 0.04820105234781901 0.0028327306111653647
graphdata/snap/soc-LiveJournal1/soc-LiveJournal1.mtx
4 0 32 4847571 68993773 32 0.13340333302815754 0.022377204895019532
4 1 32 4847571 68993773 32 0.13284034729003907 0.008854929606119792
4 2 32 4847571 68993773 32 0.10029350916544597 0.0050016085306803385
4 3 32 4847571 68993773 32 0.07736145655314128 0.003166389465332031
graphdata/snap/soc-LiveJournal1/soc-LiveJournal1.mtx
4 0 64 4847571 68993773 64 0.23308159510294596 0.026653528213500977
4 1 64 4847571 68993773 64 0.23380870819091798 0.01103205680847168
4 2 64 4847571 68993773 64 0.17630241711934408 0.006498003005981445
4 3 64 4847571 68993773 64 0.13678998947143556 0.004328441619873047
graphdata/snap/soc-LiveJournal1/soc-LiveJournal1.mtx
4 0 128 4847571 68993773 128 0.43464306195576985 0.04059147834777832
4 1 128 4847571 68993773 128 0.4393765926361084 0.01698004404703776
4 2 128 4847571 68993773 128 0.3270341714223226 0.010282564163208007
4 3 128 4847571 68993773 128 0.2535593827565511 0.007073529561360677
graphdata/snap/soc-LiveJournal1/soc-LiveJournal1.mtx
4 0 256 4847571 68993773 256 0.8264567534128825 0.06781741778055826
4 1 256 4847571 68993773 256 0.8485526084899903 0.02866215705871582
4 2 256 4847571 68993773 256 0.625738779703776 0.017745304107666015
4 3 256 4847571 68993773 256 0.4866662343343099 0.012525208791097005
