graphdata/snap/com-LiveJournal/com-LiveJournal.mtx
2 0 16 3997962 69362378 16 0.08552714983622232 0.029071648915608723
2 1 16 3997962 69362378 16 0.08500277201334636 0.0072343667348225916
graphdata/snap/com-LiveJournal/com-LiveJournal.mtx
2 0 32 3997962 69362378 32 0.1397427717844645 0.030316766103108725
2 1 32 3997962 69362378 32 0.13771042823791504 0.007953564325968424
graphdata/snap/com-LiveJournal/com-LiveJournal.mtx
2 0 64 3997962 69362378 64 0.24955870310465494 0.03596220016479492
2 1 64 3997962 69362378 64 0.24565617243448892 0.010310935974121093
graphdata/snap/com-LiveJournal/com-LiveJournal.mtx
2 0 128 3997962 69362378 128 0.45825533866882323 0.054290024439493816
2 1 128 3997962 69362378 128 0.4610064347585042 0.016405900319417317
graphdata/snap/com-LiveJournal/com-LiveJournal.mtx
2 0 256 3997962 69362378 256 0.8669807116190592 0.08973555564880371
2 1 256 3997962 69362378 256 0.8827256679534912 0.02821809450785319
graphdata/snap/com-LiveJournal/com-LiveJournal.mtx
4 0 16 3997962 69362378 16 0.07238146464029947 0.020248794555664064
4 1 16 3997962 69362378 16 0.07368451754252116 0.008373419443766275
4 2 16 3997962 69362378 16 0.057030280431111656 0.004689407348632812
4 3 16 3997962 69362378 16 0.044856993357340495 0.002772076924641927
graphdata/snap/com-LiveJournal/com-LiveJournal.mtx
4 0 32 3997962 69362378 32 0.11880062421162924 0.02099897066752116
4 1 32 3997962 69362378 32 0.12222356796264648 0.008862988154093424
4 2 32 3997962 69362378 32 0.0895599365234375 0.0050719261169433595
4 3 32 3997962 69362378 32 0.07069557507832845 0.003057130177815755
graphdata/snap/com-LiveJournal/com-LiveJournal.mtx
4 0 64 3997962 69362378 64 0.21015191078186035 0.024623807271321616
4 1 64 3997962 69362378 64 0.21697065035502117 0.010924673080444336
4 2 64 3997962 69362378 64 0.1569720427195231 0.006438604990641276
4 3 64 3997962 69362378 64 0.1242903232574463 0.0040620168050130205
graphdata/snap/com-LiveJournal/com-LiveJournal.mtx
4 0 128 3997962 69362378 128 0.386338472366333 0.037023735046386716
4 1 128 3997962 69362378 128 0.4046728769938151 0.01666847864786784
4 2 128 3997962 69362378 128 0.29364258448282876 0.01005384127298991
4 3 128 3997962 69362378 128 0.23195958137512207 0.006496556599934896
graphdata/snap/com-LiveJournal/com-LiveJournal.mtx
4 0 256 3997962 69362378 256 0.7336118539174398 0.061258331934611006
4 1 256 3997962 69362378 256 0.7750475406646729 0.028001960118611655
4 2 256 3997962 69362378 256 0.5650036652882894 0.017142057418823242
4 3 256 3997962 69362378 256 0.4399511019388835 0.011298592885335286
