graphdata/snap/cit-Patents/cit-Patents.mtx
2 0 16 3774768 16518948 16 0.0766786257425944 0.005727895100911458
2 1 16 3774768 16518948 16 0.047685432434082034 0.011296288172403971
graphdata/snap/cit-Patents/cit-Patents.mtx
2 0 32 3774768 16518948 32 0.13492973645528158 0.006424840291341146
2 1 32 3774768 16518948 32 0.08203835487365722 0.012012020746866862
graphdata/snap/cit-Patents/cit-Patents.mtx
2 0 64 3774768 16518948 64 0.24472583134969075 0.008852195739746094
2 1 64 3774768 16518948 64 0.15130171775817872 0.013755464553833007
graphdata/snap/cit-Patents/cit-Patents.mtx
2 0 128 3774768 16518948 128 0.4900809764862061 0.014396254221598308
2 1 128 3774768 16518948 128 0.30206681887308756 0.019689035415649415
graphdata/snap/cit-Patents/cit-Patents.mtx
2 0 256 3774768 16518948 256 0.9296833356221517 0.025686947504679362
2 1 256 3774768 16518948 256 0.5791134675343831 0.03174503644307455
graphdata/snap/cit-Patents/cit-Patents.mtx
4 0 16 3774768 16518948 16 0.04014979998270671 0.0021748860677083333
4 1 16 3774768 16518948 16 0.059301074345906576 0.0039028167724609376
4 2 16 3774768 16518948 16 0.04471422831217448 0.004500102996826172
4 3 16 3774768 16518948 16 0.021272786458333335 0.006255308787027995
graphdata/snap/cit-Patents/cit-Patents.mtx
4 0 32 3774768 16518948 32 0.06547753016153972 0.002484560012817383
4 1 32 3774768 16518948 32 0.09671346346537273 0.0043103535970052086
4 2 32 3774768 16518948 32 0.07289924621582031 0.0048947970072428385
4 3 32 3774768 16518948 32 0.03597405751546224 0.006511179606119791
graphdata/snap/cit-Patents/cit-Patents.mtx
4 0 64 3774768 16518948 64 0.11706177393595378 0.0035025755564371745
4 1 64 3774768 16518948 64 0.1716459592183431 0.00562450091044108
4 2 64 3774768 16518948 64 0.13374846776326496 0.006448825200398763
4 3 64 3774768 16518948 64 0.06864067713419596 0.007492717107137044
graphdata/snap/cit-Patents/cit-Patents.mtx
4 0 128 3774768 16518948 128 0.21978991826375324 0.0057294368743896484
4 1 128 3774768 16518948 128 0.3251493771870931 0.008938185373942057
4 2 128 3774768 16518948 128 0.2519245624542236 0.010150289535522461
4 3 128 3774768 16518948 128 0.13397642771402996 0.009661451975504557
graphdata/snap/cit-Patents/cit-Patents.mtx
4 0 256 3774768 16518948 256 0.43568094571431476 0.010282389322916667
4 1 256 3774768 16518948 256 0.6384826501210531 0.01568744977315267
4 2 256 3774768 16518948 256 0.482918659845988 0.01777056058247884
4 3 256 3774768 16518948 256 0.2697336673736572 0.013969103495279947
