graphdata/snap/sx-stackoverflow/sx-stackoverflow.mtx
2 0 16 2601977 36233450 16 0.05102996826171875 0.013874228795369465
2 1 16 2601977 36233450 16 0.045093345642089847 0.005600341161092122
graphdata/snap/sx-stackoverflow/sx-stackoverflow.mtx
2 0 32 2601977 36233450 32 0.08000750541687011 0.014523903528849283
2 1 32 2601977 36233450 32 0.07365450859069825 0.006096172332763672
graphdata/snap/sx-stackoverflow/sx-stackoverflow.mtx
2 0 64 2601977 36233450 64 0.1415859858194987 0.017486429214477538
2 1 64 2601977 36233450 64 0.13027553558349608 0.007754230499267578
graphdata/snap/sx-stackoverflow/sx-stackoverflow.mtx
2 0 128 2601977 36233450 128 0.26182265281677247 0.02681895891825358
2 1 128 2601977 36233450 128 0.24360044797261557 0.012310314178466796
graphdata/snap/sx-stackoverflow/sx-stackoverflow.mtx
2 0 256 2601977 36233450 256 0.4921960512797038 0.04506975809733073
2 1 256 2601977 36233450 256 0.46690993309020995 0.021175368626912435
graphdata/snap/sx-stackoverflow/sx-stackoverflow.mtx
4 0 16 2601977 36233450 16 0.04134898185729981 0.008986457188924154
4 1 16 2601977 36233450 16 0.03775145212809245 0.004802529017130534
4 2 16 2601977 36233450 16 0.029871066411336262 0.003431971867879232
4 3 16 2601977 36233450 16 0.022715250651041668 0.002501185735066732
graphdata/snap/sx-stackoverflow/sx-stackoverflow.mtx
4 0 32 2601977 36233450 32 0.06556553840637207 0.009347836176554361
4 1 32 2601977 36233450 32 0.06080636978149414 0.005121914545694987
4 2 32 2601977 36233450 32 0.0461482048034668 0.0036712010701497396
4 3 32 2601977 36233450 32 0.03612786928812663 0.0026847044626871746
graphdata/snap/sx-stackoverflow/sx-stackoverflow.mtx
4 0 64 2601977 36233450 64 0.1118024190266927 0.011182339986165364
4 1 64 2601977 36233450 64 0.10632863044738769 0.006315167744954427
4 2 64 2601977 36233450 64 0.0799825668334961 0.00461268424987793
4 3 64 2601977 36233450 64 0.06298762957255045 0.0034140745798746743
graphdata/snap/sx-stackoverflow/sx-stackoverflow.mtx
4 0 128 2601977 36233450 128 0.20257514317830402 0.017030970255533854
4 1 128 2601977 36233450 128 0.194495423634847 0.009725538889567058
4 2 128 2601977 36233450 128 0.1440710703531901 0.007180484135945638
4 3 128 2601977 36233450 128 0.11488533020019531 0.005383125940958659
graphdata/snap/sx-stackoverflow/sx-stackoverflow.mtx
4 0 256 2601977 36233450 256 0.38915486335754396 0.028613519668579102
4 1 256 2601977 36233450 256 0.3764567534128825 0.01645979881286621
4 2 256 2601977 36233450 256 0.2758930524190267 0.012255636850992839
4 3 256 2601977 36233450 256 0.21926665306091309 0.009241517384847004
