graphdata/snap/wiki-Talk/wiki-Talk.mtx
2 0 16 2394385 5021410 16 0.024120807647705078 0.00266413688659668
2 1 16 2394385 5021410 16 0.02956112225850423 0.0018863360087076823
graphdata/snap/wiki-Talk/wiki-Talk.mtx
2 0 32 2394385 5021410 32 0.042943318684895836 0.003034575780232747
2 1 32 2394385 5021410 32 0.05039540926615397 0.0022092501322428385
graphdata/snap/wiki-Talk/wiki-Talk.mtx
2 0 64 2394385 5021410 64 0.07760728200276693 0.003914388020833334
2 1 64 2394385 5021410 64 0.09390541712443033 0.003167136510213216
graphdata/snap/wiki-Talk/wiki-Talk.mtx
2 0 128 2394385 5021410 128 0.151341978708903 0.00626366933186849
2 1 128 2394385 5021410 128 0.18669122060139973 0.005225849151611328
graphdata/snap/wiki-Talk/wiki-Talk.mtx
2 0 256 2394385 5021410 256 0.3203998724619547 0.010686063766479492
2 1 256 2394385 5021410 256 0.3705495198567708 0.0093934694925944
graphdata/snap/wiki-Talk/wiki-Talk.mtx
4 0 16 2394385 5021410 16 0.01099101702372233 0.0019174575805664062
4 1 16 2394385 5021410 16 0.016126267115275063 0.0014010747273763022
4 2 16 2394385 5021410 16 0.014565499623616536 0.0013916492462158203
4 3 16 2394385 5021410 16 0.014592647552490234 0.0013413429260253906
graphdata/snap/wiki-Talk/wiki-Talk.mtx
4 0 32 2394385 5021410 32 0.023317575454711914 0.0020734786987304686
4 1 32 2394385 5021410 32 0.026645088195800783 0.001478862762451172
4 2 32 2394385 5021410 32 0.02710134188334147 0.0014845053354899088
4 3 32 2394385 5021410 32 0.02593364715576172 0.0015197118123372396
graphdata/snap/wiki-Talk/wiki-Talk.mtx
4 0 64 2394385 5021410 64 0.04201793670654297 0.0025264263153076173
4 1 64 2394385 5021410 64 0.05021543502807617 0.0019437789916992188
4 2 64 2394385 5021410 64 0.050533485412597653 0.0018868287404378255
4 3 64 2394385 5021410 64 0.0519227663675944 0.0019122600555419923
graphdata/snap/wiki-Talk/wiki-Talk.mtx
4 0 128 2394385 5021410 128 0.078965695699056 0.0036839803059895834
4 1 128 2394385 5021410 128 0.09677344957987467 0.0029677073160807293
4 2 128 2394385 5021410 128 0.09283749262491862 0.002910153071085612
4 3 128 2394385 5021410 128 0.1017240842183431 0.0029198487599690756
graphdata/snap/wiki-Talk/wiki-Talk.mtx
4 0 256 2394385 5021410 256 0.1527759075164795 0.006145477294921875
4 1 256 2394385 5021410 256 0.2206439971923828 0.005169026056925456
4 2 256 2394385 5021410 256 0.23881672223409017 0.005070257186889649
4 3 256 2394385 5021410 256 0.23973162968953451 0.004989989598592122
