graphdata/snap/roadNet-CA/roadNet-CA.mtx
2 0 16 1971281 5533214 16 0.018077325820922852 0.0022935390472412108
2 1 16 1971281 5533214 16 0.02325097719828288 0.0023715655008951825
graphdata/snap/roadNet-CA/roadNet-CA.mtx
2 0 32 1971281 5533214 32 0.037459739049275714 0.0025918642679850262
2 1 32 1971281 5533214 32 0.04277768135070801 0.0026078224182128906
graphdata/snap/roadNet-CA/roadNet-CA.mtx
2 0 64 1971281 5533214 64 0.07254528999328613 0.0036693096160888674
2 1 64 1971281 5533214 64 0.08343092600504558 0.003633705774943034
graphdata/snap/roadNet-CA/roadNet-CA.mtx
2 0 128 1971281 5533214 128 0.14023202260335285 0.006076876322428385
2 1 128 1971281 5533214 128 0.1552762508392334 0.006096871693929037
graphdata/snap/roadNet-CA/roadNet-CA.mtx
2 0 256 1971281 5533214 256 0.27895878156026205 0.010810168584187825
2 1 256 1971281 5533214 256 0.3044126828511556 0.010792096455891928
graphdata/snap/roadNet-CA/roadNet-CA.mtx
4 0 16 1971281 5533214 16 0.00789799690246582 0.0015362103780110676
4 1 16 1971281 5533214 16 0.011469554901123048 0.0015314579010009765
4 2 16 1971281 5533214 16 0.009892638524373372 0.0015030225118001302
4 3 16 1971281 5533214 16 0.009353224436442058 0.001537783940633138
graphdata/snap/roadNet-CA/roadNet-CA.mtx
4 0 32 1971281 5533214 32 0.02223790486653646 0.001647806167602539
4 1 32 1971281 5533214 32 0.023026212056477865 0.0017333348592122396
4 2 32 1971281 5533214 32 0.02229164441426595 0.0016878445943196614
4 3 32 1971281 5533214 32 0.022931575775146484 0.0017294724782307943
graphdata/snap/roadNet-CA/roadNet-CA.mtx
4 0 64 1971281 5533214 64 0.04330158233642578 0.0021078109741210936
4 1 64 1971281 5533214 64 0.04506049156188965 0.0022116502126057944
4 2 64 1971281 5533214 64 0.04491791725158691 0.0021450996398925783
4 3 64 1971281 5533214 64 0.04552685419718425 0.0022013982137044272
graphdata/snap/roadNet-CA/roadNet-CA.mtx
4 0 128 1971281 5533214 128 0.09394617080688476 0.003300746281941732
4 1 128 1971281 5533214 128 0.09186528523763021 0.003348636627197266
4 2 128 1971281 5533214 128 0.09248661994934082 0.003381935755411784
4 3 128 1971281 5533214 128 0.09603799184163411 0.0033394654591878256
graphdata/snap/roadNet-CA/roadNet-CA.mtx
4 0 256 1971281 5533214 256 0.17660169601440429 0.00568092664082845
4 1 256 1971281 5533214 256 0.19804991086324056 0.005703783035278321
4 2 256 1971281 5533214 256 0.20028665860493977 0.0057286421457926435
4 3 256 1971281 5533214 256 0.18645318349202475 0.005613787968953451
