graphdata/snap/wiki-topcats/wiki-topcats.mtx
2 0 16 1791489 28511807 16 0.037993971506754556 0.006631024678548177
2 1 16 1791489 28511807 16 0.04167701403299968 0.007627646128336589
graphdata/snap/wiki-topcats/wiki-topcats.mtx
2 0 32 1791489 28511807 32 0.06428635915120443 0.007028961181640625
2 1 32 1791489 28511807 32 0.06982433001200358 0.008121140797932943
graphdata/snap/wiki-topcats/wiki-topcats.mtx
2 0 64 1791489 28511807 64 0.10890196164449056 0.008667786916097006
2 1 64 1791489 28511807 64 0.12331045468648275 0.009752448399861653
graphdata/snap/wiki-topcats/wiki-topcats.mtx
2 0 128 1791489 28511807 128 0.2172134558359782 0.012883249918619792
2 1 128 1791489 28511807 128 0.2284974416097005 0.01447310447692871
graphdata/snap/wiki-topcats/wiki-topcats.mtx
2 0 256 1791489 28511807 256 0.43499638239542643 0.0215360164642334
2 1 256 1791489 28511807 256 0.4542300860087077 0.02414867083231608
graphdata/snap/wiki-topcats/wiki-topcats.mtx
4 0 16 1791489 28511807 16 0.031965748469034834 0.003875891367594401
4 1 16 1791489 28511807 16 0.03190105756123861 0.0031129201253255207
4 2 16 1791489 28511807 16 0.03006876309712728 0.0047237237294514975
4 3 16 1791489 28511807 16 0.03070797920227051 0.0032172203063964844
graphdata/snap/wiki-topcats/wiki-topcats.mtx
4 0 32 1791489 28511807 32 0.049628686904907224 0.0041105429331461584
4 1 32 1791489 28511807 32 0.053200896581014 0.0033141454060872395
4 2 32 1791489 28511807 32 0.04963351885477702 0.0049574851989746095
4 3 32 1791489 28511807 32 0.04652374585469564 0.0034056663513183593
graphdata/snap/wiki-topcats/wiki-topcats.mtx
4 0 64 1791489 28511807 64 0.08784138361612956 0.004941113789876302
4 1 64 1791489 28511807 64 0.09244313240051269 0.003932269414265951
4 2 64 1791489 28511807 64 0.08526730537414551 0.005925289789835612
4 3 64 1791489 28511807 64 0.08078826268513997 0.004103930791219076
graphdata/snap/wiki-topcats/wiki-topcats.mtx
4 0 128 1791489 28511807 128 0.16614015897115073 0.007394266128540039
4 1 128 1791489 28511807 128 0.1705941359202067 0.005856529871622721
4 2 128 1791489 28511807 128 0.1557222366333008 0.008697589238484701
4 3 128 1791489 28511807 128 0.15415722529093426 0.006196896235148112
graphdata/snap/wiki-topcats/wiki-topcats.mtx
4 0 256 1791489 28511807 256 0.35585713386535645 0.012177038192749023
4 1 256 1791489 28511807 256 0.3792373021443685 0.00970910390218099
4 2 256 1791489 28511807 256 0.29991631507873534 0.014217106501261394
4 3 256 1791489 28511807 256 0.34009318351745604 0.010250361760457356
