graphdata/snap/as-Skitter/as-Skitter.mtx
2 0 16 1696415 22190596 16 0.03353900909423828 0.008808628718058268
2 1 16 1696415 22190596 16 0.031396484375 0.0026718775431315103
graphdata/snap/as-Skitter/as-Skitter.mtx
2 0 32 1696415 22190596 32 0.05644378662109375 0.00920853614807129
2 1 32 1696415 22190596 32 0.05228363672892253 0.002945566177368164
graphdata/snap/as-Skitter/as-Skitter.mtx
2 0 64 1696415 22190596 64 0.10134057998657227 0.010769001642862956
2 1 64 1696415 22190596 64 0.09298442204793295 0.003819990158081055
graphdata/snap/as-Skitter/as-Skitter.mtx
2 0 128 1696415 22190596 128 0.18989310264587403 0.015595785776774089
2 1 128 1696415 22190596 128 0.17804381052652996 0.006038252512613932
graphdata/snap/as-Skitter/as-Skitter.mtx
2 0 256 1696415 22190596 256 0.3666723092397054 0.025249226888020834
2 1 256 1696415 22190596 256 0.3432439963022868 0.01036990483601888
graphdata/snap/as-Skitter/as-Skitter.mtx
4 0 16 1696415 22190596 16 0.02710898717244466 0.005964406331380208
4 1 16 1696415 22190596 16 0.033152103424072266 0.0030091126759847005
4 2 16 1696415 22190596 16 0.021402772267659506 0.0019449392954508464
4 3 16 1696415 22190596 16 0.015221166610717773 0.0013962109883626302
graphdata/snap/as-Skitter/as-Skitter.mtx
4 0 32 1696415 22190596 32 0.047542635599772134 0.006209325790405273
4 1 32 1696415 22190596 32 0.053629366556803386 0.003194713592529297
4 2 32 1696415 22190596 32 0.03589812914530436 0.0020699183146158854
4 3 32 1696415 22190596 32 0.025624545415242513 0.0014854907989501954
graphdata/snap/as-Skitter/as-Skitter.mtx
4 0 64 1696415 22190596 64 0.08328355153401693 0.007140429814656576
4 1 64 1696415 22190596 64 0.09425455729166667 0.0037810802459716797
4 2 64 1696415 22190596 64 0.062209463119506835 0.0025196075439453125
4 3 64 1696415 22190596 64 0.044807847340901694 0.0018584887186686198
graphdata/snap/as-Skitter/as-Skitter.mtx
4 0 128 1696415 22190596 128 0.1532794157663981 0.01011199951171875
4 1 128 1696415 22190596 128 0.17658278147379558 0.005620145797729492
4 2 128 1696415 22190596 128 0.1142785390218099 0.0037510236104329425
4 3 128 1696415 22190596 128 0.08380354245503743 0.0027977943420410155
graphdata/snap/as-Skitter/as-Skitter.mtx
4 0 256 1696415 22190596 256 0.2962765693664551 0.01619378725687663
4 1 256 1696415 22190596 256 0.3435749689737956 0.009229501088460287
4 2 256 1696415 22190596 256 0.22432411511739095 0.006235424677530924
4 3 256 1696415 22190596 256 0.17369249661763508 0.0047290960947672525
