../../../../../matrix/wiki-talk-temporal.mm
2 0 16 1140149 3309592 16 0.011975669860839843 0.0024446964263916014
2 1 16 1140149 3309592 16 0.011877044041951498 0.0022132078806559245
../../../../../matrix/wiki-talk-temporal.mm
2 0 32 1140149 3309592 32 0.019341532389322916 0.002451181411743164
2 1 32 1140149 3309592 32 0.019217220942179362 0.0018968900044759114
../../../../../matrix/wiki-talk-temporal.mm
2 0 64 1140149 3309592 64 0.034765005111694336 0.0026324113210042317
2 1 64 1140149 3309592 64 0.03255484898885091 0.0018668651580810546
../../../../../matrix/wiki-talk-temporal.mm
2 0 128 1140149 3309592 128 0.061331558227539065 0.002740923563639323
2 1 128 1140149 3309592 128 0.06405858993530274 0.002102518081665039
../../../../../matrix/wiki-talk-temporal.mm
2 0 256 1140149 3309592 256 0.10907715161641439 0.002973477045694987
2 1 256 1140149 3309592 256 0.11700932184855144 0.002224906285603841
../../../../../matrix/wiki-talk-temporal.mm
4 0 16 1140149 3309592 16 0.00897665023803711 0.0023698329925537108
4 1 16 1140149 3309592 16 0.009254360198974609 0.002059745788574219
4 2 16 1140149 3309592 16 0.008413441975911458 0.0021112442016601564
4 3 16 1140149 3309592 16 0.008429956436157227 0.0023397127787272137
../../../../../matrix/wiki-talk-temporal.mm
4 0 32 1140149 3309592 32 0.011317936579386394 0.0022760550181070965
4 1 32 1140149 3309592 32 0.015386009216308593 0.0019838492075602214
4 2 32 1140149 3309592 32 0.018330144882202148 0.0018350283304850261
4 3 32 1140149 3309592 32 0.01730337142944336 0.001872110366821289
../../../../../matrix/wiki-talk-temporal.mm
4 0 64 1140149 3309592 64 0.023258543014526366 0.0025848706563313803
4 1 64 1140149 3309592 64 0.026564900080362955 0.002448304494222005
4 2 64 1140149 3309592 64 0.026713784535725912 0.0019674142201741534
4 3 64 1140149 3309592 64 0.02720053990681966 0.0020952860514322916
../../../../../matrix/wiki-talk-temporal.mm
4 0 128 1140149 3309592 128 0.037811533610026045 0.0024434725443522134
4 1 128 1140149 3309592 128 0.04173625310262044 0.0018718560536702474
4 2 128 1140149 3309592 128 0.04408354759216308 0.0020551045735677084
4 3 128 1140149 3309592 128 0.042470232645670576 0.0019713878631591798
../../../../../matrix/wiki-talk-temporal.mm
4 0 256 1140149 3309592 256 0.0677452564239502 0.0023795286814371746
4 1 256 1140149 3309592 256 0.08368854522705078 0.0022189935048421224
4 2 256 1140149 3309592 256 0.08009829521179199 0.0019198099772135416
4 3 256 1140149 3309592 256 0.08046255111694336 0.0020012696584065753
