../../../../../matrix/soc-LiveJournal1.mm
2 0 16 4847571 68993773 16 0.08887205123901368 0.02013394037882487
2 1 16 4847571 68993773 16 0.07408289909362793 0.006319109598795573
../../../../../matrix/soc-LiveJournal1.mm
2 0 32 4847571 68993773 32 0.1456147034962972 0.020666186014811197
2 1 32 4847571 68993773 32 0.12186880111694336 0.006546958287556966
../../../../../matrix/soc-LiveJournal1.mm
2 0 64 4847571 68993773 64 0.2619143009185791 0.021762863794962565
2 1 64 4847571 68993773 64 0.1802784283955892 0.0070307413736979164
../../../../../matrix/soc-LiveJournal1.mm
2 0 128 4847571 68993773 128 0.39446924527486166 0.02317469914754232
2 1 128 4847571 68993773 128 0.29519678751627604 0.008324082692464192
../../../../../matrix/soc-LiveJournal1.mm
2 0 256 4847571 68993773 256 0.6792083899180095 0.023444461822509765
2 1 256 4847571 68993773 256 0.5498648802439372 0.009978659947713216
../../../../../matrix/soc-LiveJournal1.mm
4 0 16 4847571 68993773 16 
4 1 16 4847571 68993773 16 
4 2 16 4847571 68993773 16 
4 3 16 4847571 68993773 16 
../../../../../matrix/soc-LiveJournal1.mm
4 0 32 4847571 68993773 32 
4 1 32 4847571 68993773 32 
4 2 32 4847571 68993773 32 
4 3 32 4847571 68993773 32 
../../../../../matrix/soc-LiveJournal1.mm
4 0 64 
4 1 64 
4 2 64 
4 3 64 
../../../../../matrix/soc-LiveJournal1.mm
4 0 128 
4 1 128 
4 2 128 
4 3 128 
../../../../../matrix/soc-LiveJournal1.mm
4 0 256 
4 1 256 
4 2 256 
4 3 256 
../../../../../matrix/soc-LiveJournal1.mm
4 0 16 4847571 68993773 16 
4 1 16 4847571 68993773 16 
4 2 16 4847571 68993773 16 
4 3 16 4847571 68993773 16 
../../../../../matrix/soc-LiveJournal1.mm
8 0 16 
8 1 16 
8 2 16 
8 3 16 
8 4 16 
8 5 16 
8 6 16 
8 7 16 
../../../../../matrix/soc-LiveJournal1.mm
8 0 16 4847571 68993773 16 
8 1 16 4847571 68993773 16 
8 2 16 4847571 68993773 16 
8 3 16 4847571 68993773 16 
8 4 16 4847571 68993773 16 
8 5 16 4847571 68993773 16 
8 6 16 4847571 68993773 16 
8 7 16 4847571 68993773 16 
../../../../../matrix/soc-LiveJournal1.mm
8 0 128 4847571 68993773 128 
8 1 128 4847571 68993773 128 
8 2 128 4847571 68993773 128 
8 3 128 4847571 68993773 128 
8 4 128 4847571 68993773 128 
8 5 128 4847571 68993773 128 
8 6 128 4847571 68993773 128 
8 7 128 4847571 68993773 128 
../../../../../matrix/soc-LiveJournal1.mm
8 0 64 4847571 68993773 128 
8 1 64 
8 2 64 
8 3 64 
8 4 64 
8 5 64 
8 6 64 
8 7 64 
../../../../../matrix/soc-LiveJournal1.mm
8 0 64 
8 1 64 
8 2 64 
8 3 64 
8 4 64 
8 5 64 
8 6 64 
8 7 64 
../../../../../matrix/soc-LiveJournal1.mm
8 0 64 4847571 68993773 64 
8 1 64 4847571 68993773 64 
8 2 64 4847571 68993773 64 
8 3 64 4847571 68993773 64 
8 4 64 4847571 68993773 64 
8 5 64 4847571 68993773 64 
8 6 64 4847571 68993773 64 
8 7 64 4847571 68993773 64 
../../../../../matrix/soc-LiveJournal1.mm
8 0 128 4847571 68993773 128 
8 1 128 4847571 68993773 128 
8 2 128 4847571 68993773 128 
8 3 128 4847571 68993773 64 

8 4 128 4847571 68993773 128 
8 5 128 4847571 68993773 128 
8 6 128 4847571 68993773 128 
8 7 128 4847571 68993773 128 
../../../../../matrix/soc-LiveJournal1.mm
8 0 256 4847571 68993773 256 
8 1 256 4847571 68993773 256 
8 2 256 4847571 68993773 256 
8 3 256 4847571 68993773 256 
8 4 256 4847571 68993773 256 
8 5 256 4847571 68993773 256 
8 6 256 4847571 68993773 256 
8 7 256 4847571 68993773 256 
../../../../../matrix/soc-LiveJournal1.mm
8 0 256 4847571 68993773 256 
8 1 256 4847571 68993773 256 
8 2 256 4847571 68993773 256 
8 3 256 4847571 68993773 256 
8 4 256 4847571 68993773 256 
8 5 256 4847571 68993773 256 
8 6 256 4847571 68993773 256 
8 7 256 4847571 68993773 256 
../../../../../matrix/soc-LiveJournal1.mm
8 0 128 4847571 68993773 128 
8 1 128 4847571 68993773 128 
8 2 128 4847571 68993773 128 
8 3 128 4847571 68993773 128 
8 4 128 4847571 68993773 128 
8 5 128 4847571 68993773 128 
8 6 128 4847571 68993773 128 
8 7 128 4847571 68993773 128 
../../../../../matrix/soc-LiveJournal1.mm
8 0 128 4847571 68993773 128 
8 1 128 4847571 68993773 128 
8 2 128 4847571 68993773 128 
8 3 128 4847571 68993773 128 
8 4 128 4847571 68993773 128 
8 5 128 4847571 68993773 128 
8 6 128 4847571 68993773 128 
8 7 128 4847571 68993773 128 
../../../../../matrix/soc-LiveJournal1.mm
8 0 128 4847571 68993773 128 
8 1 128 4847571 68993773 128 
8 2 128 4847571 68993773 128 
8 3 128 4847571 68993773 128 
8 4 128 4847571 68993773 128 
8 5 128 4847571 68993773 128 
8 6 128 4847571 68993773 128 
8 7 128 4847571 68993773 128 
../../../../../matrix/soc-LiveJournal1.mm
8 0 128 4847571 68993773 128 
8 1 128 4847571 68993773 128 
8 2 128 4847571 68993773 128 
8 3 128 4847571 68993773 128 
8 4 128 4847571 68993773 128 
8 5 128 4847571 68993773 128 
8 6 128 4847571 68993773 128 
8 7 128 4847571 68993773 128 
../../../../../matrix/soc-LiveJournal1.mm
8 0 128 4847571 68993773 128 
8 1 128 4847571 68993773 128 
8 2 128 4847571 68993773 128 
8 3 128 4847571 68993773 128 
8 4 128 4847571 68993773 128 
8 5 128 4847571 68993773 128 
8 6 128 4847571 68993773 128 
8 7 128 4847571 68993773 128 
../../../../../matrix/soc-LiveJournal1.mm
8 0 128 4847571 68993773 128 
8 1 128 4847571 68993773 128 
8 2 128 4847571 68993773 128 
8 3 128 4847571 68993773 128 
8 4 128 4847571 68993773 128 
8 5 128 4847571 68993773 128 
8 6 128 4847571 68993773 128 
8 7 128 4847571 68993773 128 
