../../../../../matrix/com-LiveJournal.mm
2 0 16 3997962 69362378 16 0.08000601132710775 0.018911123275756836
2 1 16 3997962 69362378 16 0.06546284357706705 0.0058280309041341145
../../../../../matrix/com-LiveJournal.mm
2 0 32 3997962 69362378 32 0.1284279982248942 0.019268306096394856
2 1 32 3997962 69362378 32 0.10900643666585287 0.006104946136474609
../../../../../matrix/com-LiveJournal.mm
2 0 64 3997962 69362378 64 0.220188840230306 0.020078182220458984
2 1 64 3997962 69362378 64 0.16389381090799968 0.006228383382161458
../../../../../matrix/com-LiveJournal.mm
2 0 128 3997962 69362378 128 0.3356045087178548 0.021690177917480468
2 1 128 3997962 69362378 128 0.2794666131337484 0.007967964808146159
../../../../../matrix/com-LiveJournal.mm
2 0 256 3997962 69362378 256 0.6034508228302002 0.02207810084025065
2 1 256 3997962 69362378 256 0.5591403166453044 0.00951526959737142
../../../../../matrix/com-LiveJournal.mm
4 0 16 
4 1 16 
4 2 16 
4 3 16 
../../../../../matrix/com-LiveJournal.mm
4 0 32 
4 1 32 
4 2 32 
4 3 32 
../../../../../matrix/com-LiveJournal.mm
4 0 64 
4 1 64 
4 2 64 
4 3 64 
../../../../../matrix/com-LiveJournal.mm
4 0 128 
4 1 128 
4 2 128 
4 3 128 
../../../../../matrix/com-LiveJournal.mm
4 0 256 
