graphdata/snap/wiki-talk-temporal/wiki-talk-temporal.mtx
2 0 16 1140149 3309592 16 0.13215225621273644
2 1 16 1140149 3309592 16 0.13296359463741905
graphdata/snap/wiki-talk-temporal/wiki-talk-temporal.mtx
2 0 32 1140149 3309592 32 0.13235675661187424
2 1 32 1140149 3309592 32 0.14575168960972837
graphdata/snap/wiki-talk-temporal/wiki-talk-temporal.mtx
2 0 64 1140149 3309592 64 0.19486380878247714
2 1 64 1140149 3309592 64 0.2514444150422749
graphdata/snap/wiki-talk-temporal/wiki-talk-temporal.mtx
2 0 128 1140149 3309592 128 0.3673309652428878
2 1 128 1140149 3309592 128 0.4678896602831389
graphdata/snap/wiki-talk-temporal/wiki-talk-temporal.mtx
2 0 256 1140149 3309592 256 0.7282795278649581
2 1 256 1140149 3309592 256 0.9005240766625655
graphdata/snap/wiki-talk-temporal/wiki-talk-temporal.mtx
4 0 16 1140149 3309592 16 0.06489458837007221
4 1 16 1140149 3309592 16 0.06515906986437346
4 2 16 1140149 3309592 16 0.06419836847405684
4 3 16 1140149 3309592 16 0.06436895069323088
graphdata/snap/wiki-talk-temporal/wiki-talk-temporal.mtx
4 0 32 1140149 3309592 32 0.06701714114138954
4 1 32 1140149 3309592 32 0.07288768416956852
4 2 32 1140149 3309592 32 0.06691309025413111
4 3 32 1140149 3309592 32 0.06629994041041325
graphdata/snap/wiki-talk-temporal/wiki-talk-temporal.mtx
4 0 64 1140149 3309592 64 0.09740052725139417
4 1 64 1140149 3309592 64 0.12569289458425423
4 2 64 1140149 3309592 64 0.08464101741188451
4 3 64 1140149 3309592 64 0.08439582272579796
graphdata/snap/wiki-talk-temporal/wiki-talk-temporal.mtx
4 0 128 1140149 3309592 128 0.18140438983314916
4 1 128 1140149 3309592 128 0.23328934217754163
4 2 128 1140149 3309592 128 0.15383855920088918
4 3 128 1140149 3309592 128 0.15154636533636795
graphdata/snap/wiki-talk-temporal/wiki-talk-temporal.mtx
4 0 256 1140149 3309592 256 0.3734450340270996
4 1 256 1140149 3309592 256 0.4526234300513017
4 2 256 1140149 3309592 256 0.3057038658543637
4 3 256 1140149 3309592 256 0.3046843127200478
