graphdata/snap/roadNet-TX/roadNet-TX.mtx
2 0 16 1393383 3843320 16 0.1616507329438862
2 1 16 1393383 3843320 16 0.162432871366802
graphdata/snap/roadNet-TX/roadNet-TX.mtx
2 0 32 1393383 3843320 32 0.16242192920885587
2 1 32 1393383 3843320 32 0.18369509044446444
graphdata/snap/roadNet-TX/roadNet-TX.mtx
2 0 64 1393383 3843320 64 0.2407839298248291
2 1 64 1393383 3843320 64 0.32126182004025106
graphdata/snap/roadNet-TX/roadNet-TX.mtx
2 0 128 1393383 3843320 128 0.4695665334400378
2 1 128 1393383 3843320 128 0.6020965701655338
graphdata/snap/roadNet-TX/roadNet-TX.mtx
2 0 256 1393383 3843320 256 0.9441430443211606
2 1 256 1393383 3843320 256 1.1623530889812268
graphdata/snap/roadNet-TX/roadNet-TX.mtx
4 0 16 1393383 3843320 16 0.08016295182077508
4 1 16 1393383 3843320 16 0.07997424978958934
4 2 16 1393383 3843320 16 0.07985872971384149
4 3 16 1393383 3843320 16 0.0796502012955515
graphdata/snap/roadNet-TX/roadNet-TX.mtx
4 0 32 1393383 3843320 32 0.07929178288108424
4 1 32 1393383 3843320 32 0.09148923974288137
4 2 32 1393383 3843320 32 0.07884560133281507
4 3 32 1393383 3843320 32 0.07895986657393606
graphdata/snap/roadNet-TX/roadNet-TX.mtx
4 0 64 1393383 3843320 64 0.12235627676311292
4 1 64 1393383 3843320 64 0.16112981344524183
4 2 64 1393383 3843320 64 0.10900394540084035
4 3 64 1393383 3843320 64 0.10883885935733192
graphdata/snap/roadNet-TX/roadNet-TX.mtx
4 0 128 1393383 3843320 128 0.22451060696652061
4 1 128 1393383 3843320 128 0.2979162617733604
4 2 128 1393383 3843320 128 0.19182139948794716
4 3 128 1393383 3843320 128 0.1903708106593082
graphdata/snap/roadNet-TX/roadNet-TX.mtx
4 0 256 1393383 3843320 256 0.4966204040928891
4 1 256 1393383 3843320 256 0.5889509100663034
4 2 256 1393383 3843320 256 0.3830508181923314
4 3 256 1393383 3843320 256 0.38631996355558695
