graphdata/snap/soc-LiveJournal1/soc-LiveJournal1.mtx
2 0 16 4847571 68993773 16 1.6164700608504445
2 1 16 4847571 68993773 16 2.2113729025188245
graphdata/snap/soc-LiveJournal1/soc-LiveJournal1.mtx
2 0 32 4847571 68993773 32 2.7281866826509176
2 1 32 4847571 68993773 32 3.5596931482616223
graphdata/snap/soc-LiveJournal1/soc-LiveJournal1.mtx
2 0 64 4847571 68993773 64 5.560552459014089
2 1 64 4847571 68993773 64 6.969988082584582
graphdata/snap/soc-LiveJournal1/soc-LiveJournal1.mtx
2 0 128 4847571 68993773 128 11.983510255813599
2 1 128 4847571 68993773 128 13.940735239731637
graphdata/snap/soc-LiveJournal1/soc-LiveJournal1.mtx
2 0 256 4847571 68993773 256 25.369132393284847
2 1 256 4847571 68993773 256 28.044176691456844
graphdata/snap/soc-LiveJournal1/soc-LiveJournal1.mtx
4 0 16 4847571 68993773 16 0.8053860413400751
4 1 16 4847571 68993773 16 1.1059369664443166
4 2 16 4847571 68993773 16 0.9256593428160015
4 3 16 4847571 68993773 16 0.9248572650708651
graphdata/snap/soc-LiveJournal1/soc-LiveJournal1.mtx
4 0 32 4847571 68993773 32 1.3750944764990556
4 1 32 4847571 68993773 32 1.7778158815283525
4 2 32 4847571 68993773 32 1.2740430957392643
4 3 32 4847571 68993773 32 1.2562436806528192
graphdata/snap/soc-LiveJournal1/soc-LiveJournal1.mtx
4 0 64 4847571 68993773 64 2.7881023507369194
4 1 64 4847571 68993773 64 3.486643728456999
4 2 64 4847571 68993773 64 2.512823594243903
4 3 64 4847571 68993773 64 2.530002242640445
graphdata/snap/soc-LiveJournal1/soc-LiveJournal1.mtx
4 0 128 4847571 68993773 128 6.005334138870239
4 1 128 4847571 68993773 128 6.972771330883629
4 2 128 4847571 68993773 128 5.84899377822876
4 3 128 4847571 68993773 128 5.85552988554302
graphdata/snap/soc-LiveJournal1/soc-LiveJournal1.mtx
4 0 256 4847571 68993773 256 12.76433653580515
4 1 256 4847571 68993773 256 14.086683323508815
4 2 256 4847571 68993773 256 12.61522912979126
4 3 256 4847571 68993773 256 12.609038164741115
