graphdata/snap/com-LiveJournal/com-LiveJournal.mtx
2 0 16 3997962 69362378 16 1.5034076038159823
2 1 16 3997962 69362378 16 2.2106300153230367
graphdata/snap/com-LiveJournal/com-LiveJournal.mtx
2 0 32 3997962 69362378 32 2.812512259734304
2 1 32 3997962 69362378 32 3.5978965382826957
graphdata/snap/com-LiveJournal/com-LiveJournal.mtx
2 0 64 3997962 69362378 64 5.724961205532677
2 1 64 3997962 69362378 64 7.0652256513896745
graphdata/snap/com-LiveJournal/com-LiveJournal.mtx
2 0 128 3997962 69362378 128 12.28889156642713
2 1 128 3997962 69362378 128 14.132213642722682
graphdata/snap/com-LiveJournal/com-LiveJournal.mtx
2 0 256 3997962 69362378 256 25.940445134514256
2 1 256 3997962 69362378 256 28.436604437075164
graphdata/snap/com-LiveJournal/com-LiveJournal.mtx
4 0 16 3997962 69362378 16 0.7664068623592979
4 1 16 3997962 69362378 16 1.1101799387680857
4 2 16 3997962 69362378 16 0.8213869145042018
4 3 16 3997962 69362378 16 0.867532303458766
graphdata/snap/com-LiveJournal/com-LiveJournal.mtx
4 0 32 3997962 69362378 32 1.4092609505904348
4 1 32 3997962 69362378 32 1.802665810835989
4 2 32 3997962 69362378 32 1.2297057729018361
4 3 32 3997962 69362378 32 1.2160865884078176
graphdata/snap/com-LiveJournal/com-LiveJournal.mtx
4 0 64 3997962 69362378 64 2.865044581262689
4 1 64 3997962 69362378 64 3.5321062615043237
4 2 64 3997962 69362378 64 2.704945338399787
4 3 64 3997962 69362378 64 2.698836740694548
graphdata/snap/com-LiveJournal/com-LiveJournal.mtx
4 0 128 3997962 69362378 128 6.145399018337852
4 1 128 3997962 69362378 128 7.07097780077081
4 2 128 3997962 69362378 128 6.123852805087441
4 3 128 3997962 69362378 128 6.116064423008969
graphdata/snap/com-LiveJournal/com-LiveJournal.mtx
4 0 256 3997962 69362378 256 13.060914830157632
4 1 256 3997962 69362378 256 14.289566818036532
4 2 256 3997962 69362378 256 12.888523465708682
4 3 256 3997962 69362378 256 12.901933444173713
