graphdata/snap/cit-Patents/cit-Patents.mtx
2 0 16 3774768 16518948 16 0.5191507966894853
2 1 16 3774768 16518948 16 0.6061593356885409
graphdata/snap/cit-Patents/cit-Patents.mtx
2 0 32 3774768 16518948 32 0.7055454379633853
2 1 32 3774768 16518948 32 0.8831628874728554
graphdata/snap/cit-Patents/cit-Patents.mtx
2 0 64 3774768 16518948 64 1.267194760473151
2 1 64 3774768 16518948 64 1.6235677944986444
graphdata/snap/cit-Patents/cit-Patents.mtx
2 0 128 3774768 16518948 128 2.640042643798025
2 1 128 3774768 16518948 128 3.1614358048689994
graphdata/snap/cit-Patents/cit-Patents.mtx
2 0 256 3774768 16518948 256 5.424552214773078
2 1 256 3774768 16518948 256 6.25076224929408
graphdata/snap/cit-Patents/cit-Patents.mtx
4 0 16 3774768 16518948 16 0.25528215107164887
4 1 16 3774768 16518948 16 0.29398005887081746
4 2 16 3774768 16518948 16 0.2597573681881553
4 3 16 3774768 16518948 16 0.258626799834402
graphdata/snap/cit-Patents/cit-Patents.mtx
4 0 32 3774768 16518948 32 0.35546506078619705
4 1 32 3774768 16518948 32 0.4408421516418457
4 2 32 3774768 16518948 32 0.332451908211959
4 3 32 3774768 16518948 32 0.3307388456244218
graphdata/snap/cit-Patents/cit-Patents.mtx
4 0 64 3774768 16518948 64 0.6653200074246055
4 1 64 3774768 16518948 64 0.8181524276733398
4 2 64 3774768 16518948 64 0.5300594756477758
4 3 64 3774768 16518948 64 0.516269608547813
graphdata/snap/cit-Patents/cit-Patents.mtx
4 0 128 3774768 16518948 128 1.3189931794216758
4 1 128 3774768 16518948 128 1.58086643720928
4 2 128 3774768 16518948 128 1.00955531471654
4 3 128 3774768 16518948 128 1.0060462700693231
graphdata/snap/cit-Patents/cit-Patents.mtx
4 0 256 3774768 16518948 256 2.7462893912666724
4 1 256 3774768 16518948 256 3.135650270863583
4 2 256 3774768 16518948 256 2.3070963558397795
4 3 256 3774768 16518948 256 2.301783662093313
