graphdata/snap/sx-stackoverflow/sx-stackoverflow.mtx
2 0 16 2601977 36233450 16 0.7288077128560919
2 1 16 2601977 36233450 16 0.9348892412687603
graphdata/snap/sx-stackoverflow/sx-stackoverflow.mtx
2 0 32 2601977 36233450 32 1.1253396586367959
2 1 32 2601977 36233450 32 1.502478135259528
graphdata/snap/sx-stackoverflow/sx-stackoverflow.mtx
2 0 64 2601977 36233450 64 2.2353129888835706
2 1 64 2601977 36233450 64 2.904708009017141
graphdata/snap/sx-stackoverflow/sx-stackoverflow.mtx
2 0 128 2601977 36233450 128 4.833665471327932
2 1 128 2601977 36233450 128 5.77825110837033
graphdata/snap/sx-stackoverflow/sx-stackoverflow.mtx
2 0 256 2601977 36233450 256 10.376602436366834
2 1 256 2601977 36233450 256 11.622925193686234
graphdata/snap/sx-stackoverflow/sx-stackoverflow.mtx
4 0 16 2601977 36233450 16 0.3698675506993344
4 1 16 2601977 36233450 16 0.4656320747576262
4 2 16 2601977 36233450 16 0.42335427434820877
4 3 16 2601977 36233450 16 0.42785953220568207
graphdata/snap/sx-stackoverflow/sx-stackoverflow.mtx
4 0 32 2601977 36233450 32 0.564439384560836
4 1 32 2601977 36233450 32 0.7509480526572779
4 2 32 2601977 36233450 32 0.5640634486549779
4 3 32 2601977 36233450 32 0.573668078372353
graphdata/snap/sx-stackoverflow/sx-stackoverflow.mtx
4 0 64 2601977 36233450 64 1.1253076979988499
4 1 64 2601977 36233450 64 1.4543577871824567
4 2 64 2601977 36233450 64 0.9944168141013697
4 3 64 2601977 36233450 64 1.0351868554165489
graphdata/snap/sx-stackoverflow/sx-stackoverflow.mtx
4 0 128 2601977 36233450 128 2.4263588127337004
4 1 128 2601977 36233450 128 2.8914741591403357
4 2 128 2601977 36233450 128 2.345591507459942
4 3 128 2601977 36233450 128 2.3443685079875745
graphdata/snap/sx-stackoverflow/sx-stackoverflow.mtx
4 0 256 2601977 36233450 256 5.216983042265239
4 1 256 2601977 36233450 256 5.834153714932893
4 2 256 2601977 36233450 256 5.043411342721236
4 3 256 2601977 36233450 256 5.046059671201204
