graphdata/snap/roadNet-CA/roadNet-CA.mtx
2 0 16 1971281 5533214 16 0.22632083139921488
2 1 16 1971281 5533214 16 0.22670571427596242
graphdata/snap/roadNet-CA/roadNet-CA.mtx
2 0 32 1971281 5533214 32 0.2310142768056769
2 1 32 1971281 5533214 32 0.2667958234485827
graphdata/snap/roadNet-CA/roadNet-CA.mtx
2 0 64 1971281 5533214 64 0.3559588256635164
2 1 64 1971281 5533214 64 0.4673169286627519
graphdata/snap/roadNet-CA/roadNet-CA.mtx
2 0 128 1971281 5533214 128 0.6838098325227436
2 1 128 1971281 5533214 128 0.8725441506034449
graphdata/snap/roadNet-CA/roadNet-CA.mtx
2 0 256 1971281 5533214 256 1.421138939104582
2 1 256 1971281 5533214 256 1.6991274482325505
graphdata/snap/roadNet-CA/roadNet-CA.mtx
4 0 16 1971281 5533214 16 0.1138134755586323
4 1 16 1971281 5533214 16 0.1147594828354685
4 2 16 1971281 5533214 16 0.11404549448113692
4 3 16 1971281 5533214 16 0.11400427316364489
graphdata/snap/roadNet-CA/roadNet-CA.mtx
4 0 32 1971281 5533214 32 0.11368518126638312
4 1 32 1971281 5533214 32 0.13168344999614515
4 2 32 1971281 5533214 32 0.11320072726199501
4 3 32 1971281 5533214 32 0.11438752475537751
graphdata/snap/roadNet-CA/roadNet-CA.mtx
4 0 64 1971281 5533214 64 0.18165557008040578
4 1 64 1971281 5533214 64 0.23506928745069003
4 2 64 1971281 5533214 64 0.15688258723208778
4 3 64 1971281 5533214 64 0.1553310469577187
graphdata/snap/roadNet-CA/roadNet-CA.mtx
4 0 128 1971281 5533214 128 0.342131213137978
4 1 128 1971281 5533214 128 0.4356781934436999
4 2 128 1971281 5533214 128 0.28021006835134404
4 3 128 1971281 5533214 128 0.2819401841414602
graphdata/snap/roadNet-CA/roadNet-CA.mtx
4 0 256 1971281 5533214 256 0.737516491036666
4 1 256 1971281 5533214 256 0.8571079530214009
4 2 256 1971281 5533214 256 0.5299958680805407
4 3 256 1971281 5533214 256 0.5292320125981381
