graphdata/snap/wiki-talk-temporal/wiki-talk-temporal.mtx
8 0 16 1140149 3309592 16 0.012266174952189127 0.007282479604085287
8 1 16 1140149 3309592 16 0.04461046854654948 0.007367563247680664
8 2 16 1140149 3309592 16 0.05091230074564616 0.004454723993937175
8 3 16 1140149 3309592 16 0.04342371622721354 0.006250301996866862
8 4 16 1140149 3309592 16 0.04275046984354655 0.004770135879516602
8 5 16 1140149 3309592 16 0.048085753122965494 0.004643774032592774
8 6 16 1140149 3309592 16 0.048110008239746094 0.0040711085001627605
8 7 16 1140149 3309592 16 0.046326700846354166 0.0053484598795572914
graphdata/snap/wiki-talk-temporal/wiki-talk-temporal.mtx
8 0 32 1140149 3309592 32 0.01220111846923828 0.008082421620686848
8 1 32 1140149 3309592 32 0.04119380315144857 0.004325008392333985
8 2 32 1140149 3309592 32 0.03688955307006836 0.0062442143758138025
8 3 32 1140149 3309592 32 0.03535205523173014 0.0038058916727701825
8 4 32 1140149 3309592 32 0.03252360026041667 0.003472582499186198
8 5 32 1140149 3309592 32 0.03831005096435547 0.004822587966918946
8 6 32 1140149 3309592 32 0.033158461252848305 0.007195615768432617
8 7 32 1140149 3309592 32 0.03126319249471029 0.005044778188069661
graphdata/snap/wiki-talk-temporal/wiki-talk-temporal.mtx
8 0 64 1140149 3309592 64 0.016540686289469402 0.007567199071248373
8 1 64 1140149 3309592 64 0.04752519925435384 0.004352951049804687
8 2 64 1140149 3309592 64 0.049806801478068034 0.0041433970133463545
8 3 64 1140149 3309592 64 0.05395011901855469 0.003828287124633789
8 4 64 1140149 3309592 64 0.04681722323099772 0.003957811991373698
8 5 64 1140149 3309592 64 0.0477117379506429 0.004511785507202148
8 6 64 1140149 3309592 64 0.04948918024698893 0.005286312103271485
8 7 64 1140149 3309592 64 0.04655923843383789 0.005205694834391276
graphdata/snap/wiki-talk-temporal/wiki-talk-temporal.mtx
8 0 128 1140149 3309592 128 0.028992064793904624 0.007723045349121094
8 1 128 1140149 3309592 128 0.052330334981282554 0.003903627395629883
8 2 128 1140149 3309592 128 0.05444976488749186 0.005054378509521484
8 3 128 1140149 3309592 128 0.053350973129272464 0.0035822391510009766
8 4 128 1140149 3309592 128 0.052340761820475264 0.007067696253458659
8 5 128 1140149 3309592 128 0.05705881118774414 0.004015127817789714
8 6 128 1140149 3309592 128 0.05521732966105143 0.0037372748057047525
8 7 128 1140149 3309592 128 0.05158637364705403 0.003220351537068685
graphdata/snap/wiki-talk-temporal/wiki-talk-temporal.mtx
8 0 256 1140149 3309592 256 0.051683473587036136 0.006903505325317383
8 1 256 1140149 3309592 256 0.07413142522176107 0.0036543528238932293
8 2 256 1140149 3309592 256 0.07156654993693033 0.004141410191853841
8 3 256 1140149 3309592 256 0.07858093579610188 0.00367430051167806
8 4 256 1140149 3309592 256 0.06712377866109212 0.0028336366017659505
8 5 256 1140149 3309592 256 0.06796758969624837 0.004231834411621093
8 6 256 1140149 3309592 256 0.07672209739685058 0.004917065302530925
8 7 256 1140149 3309592 256 0.07363840738932291 0.0057201385498046875
