graphdata/snap/roadNet-TX/roadNet-TX.mtx
8 0 16 1393383 3843320 16 0.03528148333231608 0.005045334498087565
8 1 16 1393383 3843320 16 0.04614761670430501 0.00586857795715332
8 2 16 1393383 3843320 16 0.04133718808492025 0.005656035741170248
8 3 16 1393383 3843320 16 0.040099716186523436 0.006153774261474609
8 4 16 1393383 3843320 16 0.0404138724009196 0.0056299527486165365
8 5 16 1393383 3843320 16 0.03397215207417806 0.005432653427124024
8 6 16 1393383 3843320 16 0.037445449829101564 0.006958468755086263
8 7 16 1393383 3843320 16 0.03507836659749349 0.004789320627848307
graphdata/snap/roadNet-TX/roadNet-TX.mtx
8 0 32 1393383 3843320 32 0.03839470545450847 0.007436211903889974
8 1 32 1393383 3843320 32 0.048134231567382814 0.0056035518646240234
8 2 32 1393383 3843320 32 0.04298184712727864 0.006494140625
8 3 32 1393383 3843320 32 0.03361398379007975 0.005059941609700521
8 4 32 1393383 3843320 32 0.05246426264444987 0.006419754028320313
8 5 32 1393383 3843320 32 0.03939722379048665 0.005661710103352865
8 6 32 1393383 3843320 32 0.03866041501363118 0.005602010091145833
8 7 32 1393383 3843320 32 0.042432371775309244 0.004194800059000651
graphdata/snap/roadNet-TX/roadNet-TX.mtx
8 0 64 1393383 3843320 64 0.05980229377746582 0.006034660339355469
8 1 64 1393383 3843320 64 0.050942214330037434 0.004373327891031901
8 2 64 1393383 3843320 64 0.05238176981608073 0.004504648844401041
8 3 64 1393383 3843320 64 0.048437945048014325 0.007171169916788737
8 4 64 1393383 3843320 64 0.04659700393676758 0.005313587188720703
8 5 64 1393383 3843320 64 0.0503356138865153 0.0049163182576497395
8 6 64 1393383 3843320 64 0.05406627655029297 0.005533281962076823
8 7 64 1393383 3843320 64 0.04702712694803874 0.004525470733642578
graphdata/snap/roadNet-TX/roadNet-TX.mtx
8 0 128 1393383 3843320 128 0.05745437939961751 0.00465704600016276
8 1 128 1393383 3843320 128 0.059130525588989256 0.005242792765299479
8 2 128 1393383 3843320 128 0.056876643498738604 0.004854424794514974
8 3 128 1393383 3843320 128 0.0677366574605306 0.005221096674601237
8 4 128 1393383 3843320 128 0.06484842300415039 0.0046623865763346355
8 5 128 1393383 3843320 128 0.06424347559611003 0.005605332056681315
8 6 128 1393383 3843320 128 0.06867281595865886 0.0063525994618733725
8 7 128 1393383 3843320 128 0.0737927754720052 0.0062388420104980465
graphdata/snap/roadNet-TX/roadNet-TX.mtx
8 0 256 1393383 3843320 256 0.07655410766601563 0.004896322886149089
8 1 256 1393383 3843320 256 0.08489526112874349 0.00447689692179362
8 2 256 1393383 3843320 256 0.07811613082885742 0.004919211069742839
8 3 256 1393383 3843320 256 0.07818622589111328 0.0048018773396809895
8 4 256 1393383 3843320 256 0.08029001553853353 0.0036212762196858725
8 5 256 1393383 3843320 256 0.07443329493204752 0.004971710840861002
8 6 256 1393383 3843320 256 0.0777306874593099 0.004319667816162109
8 7 256 1393383 3843320 256 0.07957534790039063 0.006064303716023763
