graphdata/snap/soc-LiveJournal1/soc-LiveJournal1.mtx
8 0 16 4847571 68993773 16 0.05550435384114583 0.14456353187561036
8 1 16 4847571 68993773 16 0.05255916913350423 0.07680886586507162
8 2 16 4847571 68993773 16 0.04408318201700846 0.048174285888671876
8 3 16 4847571 68993773 16 0.036675914128621416 0.021565675735473633
8 4 16 4847571 68993773 16 0.03306283950805664 0.01809380849202474
8 5 16 4847571 68993773 16 0.03808399836222331 0.010817893346150716
8 6 16 4847571 68993773 16 0.028406174977620442 0.009426291783650715
8 7 16 4847571 68993773 16 0.02344341278076172 0.006467644373575846
graphdata/snap/soc-LiveJournal1/soc-LiveJournal1.mtx
8 0 32 4847571 68993773 32 0.10180347760518392 0.15254446665445964
8 1 32 4847571 68993773 32 0.08277058601379395 0.07862022717793783
8 2 32 4847571 68993773 32 0.07995055516560873 0.0529843807220459
8 3 32 4847571 68993773 32 0.060262266794840494 0.019818687438964845
8 4 32 4847571 68993773 32 0.05167024930318197 0.013250319163004558
8 5 32 4847571 68993773 32 0.04527815183003744 0.009888998667399089
8 6 32 4847571 68993773 32 0.042750612894694014 0.010112810134887695
8 7 32 4847571 68993773 32 0.03673874537150065 0.008794657389322917
graphdata/snap/soc-LiveJournal1/soc-LiveJournal1.mtx
8 0 64 4847571 68993773 64 0.1833954652150472 0.14782474835713705
8 1 64 4847571 68993773 64 0.13621869087219238 0.07361939748128256
8 2 64 4847571 68993773 64 0.12738105456034343 0.047821601231892906
8 3 64 4847571 68993773 64 0.10398828188578288 0.019572893778483074
8 4 64 4847571 68993773 64 0.0825631300608317 0.012731377283732097
8 5 64 4847571 68993773 64 0.08153824806213379 0.011657126744588216
8 6 64 4847571 68993773 64 0.07161720593770345 0.010126352310180664
8 7 64 4847571 68993773 64 0.06060274442036947 0.007381518681844075
graphdata/snap/soc-LiveJournal1/soc-LiveJournal1.mtx
8 0 128 4847571 68993773 128 0.3035670916239421 0.1483043352762858
8 1 128 4847571 68993773 128 0.24013466835021974 0.0780829906463623
8 2 128 4847571 68993773 128 0.22427913347880046 0.05682187080383301
8 3 128 4847571 68993773 128 0.18453922271728515 0.02364352544148763
8 4 128 4847571 68993773 128 0.15845263799031575 0.013880046208699544
8 5 128 4847571 68993773 128 0.1516531785329183 0.011972395579020183
8 6 128 4847571 68993773 128 0.131957483291626 0.013994979858398437
8 7 128 4847571 68993773 128 0.10932265917460124 0.009674771626790365
graphdata/snap/soc-LiveJournal1/soc-LiveJournal1.mtx
8 0 256 4847571 68993773 256 0.5689860502878825 0.15726788838704428
8 1 256 4847571 68993773 256 0.4624531586964925 0.08035766283671061
8 2 256 4847571 68993773 256 0.4287806669871012 0.05305466651916504
8 3 256 4847571 68993773 256 0.3737826347351074 0.02996997833251953
8 4 256 4847571 68993773 256 0.3301356474558512 0.017728837331136067
8 5 256 4847571 68993773 256 0.28133268356323243 0.013251765569051107
8 6 256 4847571 68993773 256 0.2624494711558024 0.0141417662302653
8 7 256 4847571 68993773 256 0.21583952903747558 0.009988101323445638
