graphdata/snap/com-LiveJournal/com-LiveJournal.mtx
8 0 16 3997962 69362378 16 0.047324879964192705 0.14508819580078125
8 1 16 3997962 69362378 16 0.04637702306111654 0.0760662873586019
8 2 16 3997962 69362378 16 0.04214475949605306 0.04764231046040853
8 3 16 3997962 69362378 16 0.0378568967183431 0.024241320292154946
8 4 16 3997962 69362378 16 0.032940340042114255 0.017553981145222983
8 5 16 3997962 69362378 16 0.02711803118387858 0.011647844314575195
8 6 16 3997962 69362378 16 0.026027218500773112 0.009787654876708985
8 7 16 3997962 69362378 16 0.02385706901550293 0.010022878646850586
graphdata/snap/com-LiveJournal/com-LiveJournal.mtx
8 0 32 3997962 69362378 32 0.08066709836324056 0.14217950503031412
8 1 32 3997962 69362378 32 0.08045536677042643 0.07821741104125976
8 2 32 3997962 69362378 32 0.06777793566385905 0.04735331535339356
8 3 32 3997962 69362378 32 0.05977940559387207 0.029059696197509765
8 4 32 3997962 69362378 32 0.050815947850545246 0.016951640446980793
8 5 32 3997962 69362378 32 0.042475557327270506 0.012156089146931967
8 6 32 3997962 69362378 32 0.03863345781962077 0.009850184122721354
8 7 32 3997962 69362378 32 0.03340841929117839 0.008079226811726887
graphdata/snap/com-LiveJournal/com-LiveJournal.mtx
8 0 64 3997962 69362378 64 0.148421573638916 0.1388604482014974
8 1 64 3997962 69362378 64 0.14097450574239095 0.07232723236083985
8 2 64 3997962 69362378 64 0.12159212430318196 0.04496844609578451
8 3 64 3997962 69362378 64 0.10415992736816407 0.025460243225097656
8 4 64 3997962 69362378 64 0.08731500307718913 0.015560102462768555
8 5 64 3997962 69362378 64 0.07569096883138021 0.012231810887654623
8 6 64 3997962 69362378 64 0.06643568674723307 0.009323724110921224
8 7 64 3997962 69362378 64 0.05480227470397949 0.00785220464070638
graphdata/snap/com-LiveJournal/com-LiveJournal.mtx
8 0 128 3997962 69362378 128 0.2544993877410889 0.13949405352274577
8 1 128 3997962 69362378 128 0.24721217155456543 0.0755313237508138
8 2 128 3997962 69362378 128 0.20858829816182453 0.048587830861409505
8 3 128 3997962 69362378 128 0.18103893597920737 0.025447368621826172
8 4 128 3997962 69362378 128 0.15151540438334146 0.016702874501546224
8 5 128 3997962 69362378 128 0.13869856198628744 0.012433703740437825
8 6 128 3997962 69362378 128 0.11054849624633789 0.008733304341634114
8 7 128 3997962 69362378 128 0.10409746170043946 0.008301703135172527
graphdata/snap/com-LiveJournal/com-LiveJournal.mtx
8 0 256 3997962 69362378 256 0.45595154762268064 0.14228898684183758
8 1 256 3997962 69362378 256 0.4302908738454183 0.07467320760091146
8 2 256 3997962 69362378 256 0.38902228673299155 0.054073031743367514
8 3 256 3997962 69362378 256 0.36780824661254885 0.026218557357788087
8 4 256 3997962 69362378 256 0.31191129684448243 0.021585369110107423
8 5 256 3997962 69362378 256 0.25290462176005046 0.013039875030517577
8 6 256 3997962 69362378 256 0.2203839937845866 0.011122592290242513
8 7 256 3997962 69362378 256 0.1924538294474284 0.008759180704752604
