graphdata/snap/cit-Patents/cit-Patents.mtx
8 0 16 3774768 16518948 16 0.02220441500345866 0.0055878957112630205
8 1 16 3774768 16518948 16 0.024184560775756835 0.006552489598592123
8 2 16 3774768 16518948 16 0.028762690226236978 0.008807214101155598
8 3 16 3774768 16518948 16 0.036173677444458006 0.013509925206502278
8 4 16 3774768 16518948 16 0.030054823557535807 0.011528841654459636
8 5 16 3774768 16518948 16 0.0287443478902181 0.012784067789713542
8 6 16 3774768 16518948 16 0.022016080220540364 0.00987248420715332
8 7 16 3774768 16518948 16 0.01273347536722819 0.006093549728393555
graphdata/snap/cit-Patents/cit-Patents.mtx
8 0 32 3774768 16518948 32 0.03809080123901367 0.005175876617431641
8 1 32 3774768 16518948 32 0.03831669489542643 0.006209452946980794
8 2 32 3774768 16518948 32 0.04587588310241699 0.010140307744344075
8 3 32 3774768 16518948 32 0.05223929087320964 0.012666734059651692
8 4 32 3774768 16518948 32 0.046901607513427736 0.010891389846801759
8 5 32 3774768 16518948 32 0.04595824877421061 0.012774960199991862
8 6 32 3774768 16518948 32 0.03930497169494629 0.009024874369303385
8 7 32 3774768 16518948 32 0.02060976028442383 0.0059700489044189455
graphdata/snap/cit-Patents/cit-Patents.mtx
8 0 64 3774768 16518948 64 0.04731562932332357 0.004917287826538086
8 1 64 3774768 16518948 64 0.06992595990498861 0.005686902999877929
8 2 64 3774768 16518948 64 0.08032132784525553 0.011132017771402995
8 3 64 3774768 16518948 64 0.08412567774454753 0.01130367914835612
8 4 64 3774768 16518948 64 0.08595007260640462 0.0120726744333903
8 5 64 3774768 16518948 64 0.07785747845967611 0.011856381098429363
8 6 64 3774768 16518948 64 0.05605885187784831 0.010350942611694336
8 7 64 3774768 16518948 64 0.03089791933695475 0.005889622370402018
graphdata/snap/cit-Patents/cit-Patents.mtx
8 0 128 3774768 16518948 128 0.09839839935302734 0.005542246500651041
8 1 128 3774768 16518948 128 0.12242418924967448 0.007242838541666667
8 2 128 3774768 16518948 128 0.17241013844807943 0.011678330103556315
8 3 128 3774768 16518948 128 0.1641116460164388 0.011303075154622396
8 4 128 3774768 16518948 128 0.15054481824239094 0.01203138033548991
8 5 128 3774768 16518948 128 0.13607687950134278 0.011329110463460286
8 6 128 3774768 16518948 128 0.10661215782165527 0.010490353902180989
8 7 128 3774768 16518948 128 0.0575262705485026 0.006561930974324544
graphdata/snap/cit-Patents/cit-Patents.mtx
8 0 256 3774768 16518948 256 0.20100456873575848 0.006296857198079427
8 1 256 3774768 16518948 256 0.24663694699605307 0.009148375193277995
8 2 256 3774768 16518948 256 0.3018983523050944 0.010744047164916993
8 3 256 3774768 16518948 256 0.30687705675760907 0.012549797693888346
8 4 256 3774768 16518948 256 0.29884244600931803 0.013278357187906901
8 5 256 3774768 16518948 256 0.2566443761189779 0.015424696604410808
8 6 256 3774768 16518948 256 0.19338221549987794 0.009534676869710287
8 7 256 3774768 16518948 256 0.10216267903645833 0.00724482536315918
