graphdata/snap/sx-stackoverflow/sx-stackoverflow.mtx
8 0 16 2601977 36233450 16 0.026168314615885417 0.06265021959940592
8 1 16 2601977 36233450 16 0.02176183064778646 0.01968108812967936
8 2 16 2601977 36233450 16 0.02298437754313151 0.019605684280395507
8 3 16 2601977 36233450 16 0.018499120076497396 0.012722667058308918
8 4 16 2601977 36233450 16 0.01750359535217285 0.012419509887695312
8 5 16 2601977 36233450 16 0.015782531102498373 0.0097563107808431
8 6 16 2601977 36233450 16 0.020907990137736 0.008744525909423827
8 7 16 2601977 36233450 16 0.016091648737589517 0.007316780090332031
graphdata/snap/sx-stackoverflow/sx-stackoverflow.mtx
8 0 32 2601977 36233450 32 0.04561883608500163 0.06337862014770508
8 1 32 2601977 36233450 32 0.03705280621846517 0.019966618220011393
8 2 32 2601977 36233450 32 0.03537882169087728 0.017679516474405924
8 3 32 2601977 36233450 32 0.030676603317260742 0.011834096908569337
8 4 32 2601977 36233450 32 0.02780125935872396 0.010400136311848959
8 5 32 2601977 36233450 32 0.03034548759460449 0.0113526980082194
8 6 32 2601977 36233450 32 0.03083955446879069 0.010610453287760417
8 7 32 2601977 36233450 32 0.02233093579610189 0.007317209243774414
graphdata/snap/sx-stackoverflow/sx-stackoverflow.mtx
8 0 64 2601977 36233450 64 0.0796729564666748 0.06227920850118001
8 1 64 2601977 36233450 64 0.06333374977111816 0.019091351826985677
8 2 64 2601977 36233450 64 0.05605142911275228 0.01810448964436849
8 3 64 2601977 36233450 64 0.050432809193929035 0.014477698008219402
8 4 64 2601977 36233450 64 0.047977113723754884 0.012144772211710612
8 5 64 2601977 36233450 64 0.045927842458089195 0.009477519989013672
8 6 64 2601977 36233450 64 0.03899416923522949 0.007890558242797852
8 7 64 2601977 36233450 64 0.03953436215718587 0.007836739222208658
graphdata/snap/sx-stackoverflow/sx-stackoverflow.mtx
8 0 128 2601977 36233450 128 0.13212890625 0.0661976178487142
8 1 128 2601977 36233450 128 0.1029680887858073 0.02052605946858724
8 2 128 2601977 36233450 128 0.09442133903503418 0.014864699045817057
8 3 128 2601977 36233450 128 0.08864938418070475 0.01320336659749349
8 4 128 2601977 36233450 128 0.08417147000630697 0.011785348256429037
8 5 128 2601977 36233450 128 0.07870052655537924 0.00964357058207194
8 6 128 2601977 36233450 128 0.07012400627136231 0.009748093287150065
8 7 128 2601977 36233450 128 0.06030708948771159 0.006960376103719076
graphdata/snap/sx-stackoverflow/sx-stackoverflow.mtx
8 0 256 2601977 36233450 256 0.22966087659200032 0.06406830151875814
8 1 256 2601977 36233450 256 0.19395214716593426 0.020513439178466798
8 2 256 2601977 36233450 256 0.1752978006998698 0.01870269775390625
8 3 256 2601977 36233450 256 0.16707201004028321 0.013344017664591472
8 4 256 2601977 36233450 256 0.15485033988952637 0.012374560038248697
8 5 256 2601977 36233450 256 0.1498031775156657 0.01129293441772461
8 6 256 2601977 36233450 256 0.13440020879109701 0.009765052795410156
8 7 256 2601977 36233450 256 0.1154913584391276 0.008950757980346679
