graphdata/snap/wiki-Talk/wiki-Talk.mtx
8 0 16 2394385 5021410 16 0.008587201436360678 0.009929784138997396
8 1 16 2394385 5021410 16 0.04034129778544108 0.006305996576944987
8 2 16 2394385 5021410 16 0.0344965140024821 0.00451807975769043
8 3 16 2394385 5021410 16 0.033223597208658855 0.0041375319163004555
8 4 16 2394385 5021410 16 0.033810758590698244 0.004226477940877279
8 5 16 2394385 5021410 16 0.03835695584615072 0.003158410390218099
8 6 16 2394385 5021410 16 0.03975836435953776 0.005061292648315429
8 7 16 2394385 5021410 16 0.04162670771280925 0.004786141713460286
graphdata/snap/wiki-Talk/wiki-Talk.mtx
8 0 32 2394385 5021410 32 0.016713953018188475 0.007478666305541992
8 1 32 2394385 5021410 32 0.03464655876159668 0.006131442387898763
8 2 32 2394385 5021410 32 0.040300178527832034 0.0045354366302490234
8 3 32 2394385 5021410 32 0.04044664700826009 0.005633163452148438
8 4 32 2394385 5021410 32 0.039304129282633465 0.004031658172607422
8 5 32 2394385 5021410 32 0.03650549252827962 0.005337381362915039
8 6 32 2394385 5021410 32 0.03794264793395996 0.005208031336466471
8 7 32 2394385 5021410 32 0.040109809239705405 0.004144493738810221
graphdata/snap/wiki-Talk/wiki-Talk.mtx
8 0 64 2394385 5021410 64 0.026099475224812825 0.009270366032918293
8 1 64 2394385 5021410 64 0.045861212412516277 0.00468298594156901
8 2 64 2394385 5021410 64 0.04937283198038737 0.003320598602294922
8 3 64 2394385 5021410 64 0.052466630935668945 0.004586219787597656
8 4 64 2394385 5021410 64 0.05117855072021484 0.004381338755289714
8 5 64 2394385 5021410 64 0.0566168467203776 0.00449066162109375
8 6 64 2394385 5021410 64 0.05283862749735514 0.004197994867960612
8 7 64 2394385 5021410 64 0.05544761021931966 0.004950793584187826
graphdata/snap/wiki-Talk/wiki-Talk.mtx
8 0 128 2394385 5021410 128 0.04325386683146159 0.007403389612833659
8 1 128 2394385 5021410 128 0.07156089146931967 0.00430148442586263
8 2 128 2394385 5021410 128 0.07062549591064453 0.003951549530029297
8 3 128 2394385 5021410 128 0.06723461151123047 0.0047321319580078125
8 4 128 2394385 5021410 128 0.06414737701416015 0.004425430297851562
8 5 128 2394385 5021410 128 0.06179941495259603 0.004723215103149414
8 6 128 2394385 5021410 128 0.06709399223327636 0.003973674774169922
8 7 128 2394385 5021410 128 0.07372763951619467 0.003594382603963216
graphdata/snap/wiki-Talk/wiki-Talk.mtx
8 0 256 2394385 5021410 256 0.095549742380778 0.008015203475952148
8 1 256 2394385 5021410 256 0.10784651438395182 0.00525816281636556
8 2 256 2394385 5021410 256 0.11255628267923991 0.0047953287760416664
8 3 256 2394385 5021410 256 0.11508412361145019 0.004927476247151692
8 4 256 2394385 5021410 256 0.1170489470163981 0.004065291086832682
8 5 256 2394385 5021410 256 0.1090355396270752 0.004015620549519857
8 6 256 2394385 5021410 256 0.10951790809631348 0.0045692761739095054
8 7 256 2394385 5021410 256 0.11339758237202963 0.005245701471964518
