graphdata/snap/roadNet-CA/roadNet-CA.mtx
8 0 16 1971281 5533214 16 0.028099838892618814 0.0049463431040445965
8 1 16 1971281 5533214 16 0.024858442942301433 0.009506781895955404
8 2 16 1971281 5533214 16 0.02680384318033854 0.005922540028889974
8 3 16 1971281 5533214 16 0.028354612986246745 0.006454579035441081
8 4 16 1971281 5533214 16 0.03011312484741211 0.006824620564778646
8 5 16 1971281 5533214 16 0.031788301467895505 0.0070054054260253905
8 6 16 1971281 5533214 16 0.02615815798441569 0.007098754247029622
8 7 16 1971281 5533214 16 0.029818216959635418 0.00577249526977539
graphdata/snap/roadNet-CA/roadNet-CA.mtx
8 0 32 1971281 5533214 32 0.0300719420115153 0.0063615957895914715
8 1 32 1971281 5533214 32 0.023786242802937826 0.0067679087320963545
8 2 32 1971281 5533214 32 0.01934839884440104 0.00592954953511556
8 3 32 1971281 5533214 32 0.029318571090698242 0.005143801371256511
8 4 32 1971281 5533214 32 0.023905229568481446 0.005822579065958659
8 5 32 1971281 5533214 32 0.025356133778889973 0.00550243059794108
8 6 32 1971281 5533214 32 0.027312803268432616 0.006238142649332683
8 7 32 1971281 5533214 32 0.024149179458618164 0.004937378565470377
graphdata/snap/roadNet-CA/roadNet-CA.mtx
8 0 64 1971281 5533214 64 0.04885031382242839 0.006605958938598633
8 1 64 1971281 5533214 64 0.042334953943888344 0.005295546849568685
8 2 64 1971281 5533214 64 0.042338864008585615 0.008973010381062825
8 3 64 1971281 5533214 64 0.037819894154866536 0.004665295282999675
8 4 64 1971281 5533214 64 0.041583013534545896 0.007485342025756836
8 5 64 1971281 5533214 64 0.05126256942749023 0.006037727991739909
8 6 64 1971281 5533214 64 0.05032889048258463 0.0050547281901041664
8 7 64 1971281 5533214 64 0.049789810180664064 0.005777517954508464
graphdata/snap/roadNet-CA/roadNet-CA.mtx
8 0 128 1971281 5533214 128 0.06017114321390788 0.005228153864542643
8 1 128 1971281 5533214 128 0.05584853490193685 0.00546271006266276
8 2 128 1971281 5533214 128 0.06471212704976399 0.0049531777699788416
8 3 128 1971281 5533214 128 0.06590410868326822 0.006164089838663737
8 4 128 1971281 5533214 128 0.06104038556416829 0.005207268397013346
8 5 128 1971281 5533214 128 0.061394723256429036 0.006289943059285482
8 6 128 1971281 5533214 128 0.06132508913675944 0.006028175354003906
8 7 128 1971281 5533214 128 0.062495787938435875 0.004779227574666341
graphdata/snap/roadNet-CA/roadNet-CA.mtx
8 0 256 1971281 5533214 256 0.08621376355489095 0.006009197235107422
8 1 256 1971281 5533214 256 0.09333570798238118 0.006787792841593424
8 2 256 1971281 5533214 256 0.09842165311177571 0.007496849695841471
8 3 256 1971281 5533214 256 0.09039700826009114 0.00569767951965332
8 4 256 1971281 5533214 256 0.09362796147664389 0.006414667765299479
8 5 256 1971281 5533214 256 0.08545424143473307 0.006020387013753255
8 6 256 1971281 5533214 256 0.08925660451253255 0.006520859400431315
8 7 256 1971281 5533214 256 0.0898259162902832 0.0062296390533447266
