graphdata/snap/wiki-topcats/wiki-topcats.mtx
8 0 16 1791489 28511807 16 0.022714678446451822 0.014251295725504558
8 1 16 1791489 28511807 16 0.024865055084228517 0.01237794558207194
8 2 16 1791489 28511807 16 0.022372659047444662 0.011663246154785156
8 3 16 1791489 28511807 16 0.02136656443277995 0.014132134119669596
8 4 16 1791489 28511807 16 0.021235005060831705 0.020989163716634115
8 5 16 1791489 28511807 16 0.020327154795328775 0.02045723597208659
8 6 16 1791489 28511807 16 0.021938530604044597 0.013698895772298178
8 7 16 1791489 28511807 16 0.02237710952758789 0.010749244689941406
graphdata/snap/wiki-topcats/wiki-topcats.mtx
8 0 32 1791489 28511807 32 0.03888659477233887 0.012256542841593424
8 1 32 1791489 28511807 32 0.035873158772786455 0.01249399185180664
8 2 32 1791489 28511807 32 0.03453191121419271 0.01276852289835612
8 3 32 1791489 28511807 32 0.03544050852457682 0.012566804885864258
8 4 32 1791489 28511807 32 0.034866952896118165 0.01632240613301595
8 5 32 1791489 28511807 32 0.03353692690531413 0.015960502624511718
8 6 32 1791489 28511807 32 0.03973997433980306 0.011887613932291667
8 7 32 1791489 28511807 32 0.040477355321248375 0.011432472864786785
graphdata/snap/wiki-topcats/wiki-topcats.mtx
8 0 64 1791489 28511807 64 0.05665192604064941 0.013700342178344727
8 1 64 1791489 28511807 64 0.060689719518025716 0.013268264134724934
8 2 64 1791489 28511807 64 0.0636016050974528 0.012867005666097005
8 3 64 1791489 28511807 64 0.06092543601989746 0.010226281483968098
8 4 64 1791489 28511807 64 0.05401377677917481 0.01958597501118978
8 5 64 1791489 28511807 64 0.05458224614461263 0.018984476725260418
8 6 64 1791489 28511807 64 0.06111720403035482 0.012660837173461914
8 7 64 1791489 28511807 64 0.06608303387959798 0.012757571538289388
graphdata/snap/wiki-topcats/wiki-topcats.mtx
8 0 128 1791489 28511807 128 0.10256020228068034 0.014898109436035156
8 1 128 1791489 28511807 128 0.1079587459564209 0.01545546849568685
8 2 128 1791489 28511807 128 0.1043999195098877 0.014428281784057617
8 3 128 1791489 28511807 128 0.10085876782735188 0.012621800104777018
8 4 128 1791489 28511807 128 0.10379341443379721 0.017641417185465493
8 5 128 1791489 28511807 128 0.09440310796101888 0.015031003952026367
8 6 128 1791489 28511807 128 0.10659879048665365 0.01169281005859375
8 7 128 1791489 28511807 128 0.10202649434407553 0.011473576227823893
graphdata/snap/wiki-topcats/wiki-topcats.mtx
8 0 256 1791489 28511807 256 0.2169830004374186 0.015449889500935872
8 1 256 1791489 28511807 256 0.21911881764729818 0.017500607172648112
8 2 256 1791489 28511807 256 0.21749027570088705 0.014054965972900391
8 3 256 1791489 28511807 256 0.21022113164265951 0.016164604822794595
8 4 256 1791489 28511807 256 0.1792973518371582 0.015357033411661784
8 5 256 1791489 28511807 256 0.19116137822469076 0.017067750295003254
8 6 256 1791489 28511807 256 0.20374282201131186 0.014860773086547851
8 7 256 1791489 28511807 256 0.20399626096089682 0.013344049453735352
