graphdata/snap/as-Skitter/as-Skitter.mtx
8 0 16 1696415 22190596 16 0.020664374033610027 0.030070145924886067
8 1 16 1696415 22190596 16 0.020192639032999674 0.013933197657267252
8 2 16 1696415 22190596 16 0.015020116170247396 0.012407128016153972
8 3 16 1696415 22190596 16 0.019109376271565757 0.009684928258260091
8 4 16 1696415 22190596 16 0.01598989168802897 0.0064542134602864586
8 5 16 1696415 22190596 16 0.01428980827331543 0.005649073918660482
8 6 16 1696415 22190596 16 0.011380894978841146 0.004652214050292969
8 7 16 1696415 22190596 16 0.0101072629292806 0.0038261254628499347
graphdata/snap/as-Skitter/as-Skitter.mtx
8 0 32 1696415 22190596 32 0.033771514892578125 0.03180513381958008
8 1 32 1696415 22190596 32 0.0319760799407959 0.01720115343729655
8 2 32 1696415 22190596 32 0.031131156285603843 0.011271111170450846
8 3 32 1696415 22190596 32 0.030634991327921548 0.009656143188476563
8 4 32 1696415 22190596 32 0.02916720708211263 0.007317368189493815
8 5 32 1696415 22190596 32 0.02499114672342936 0.00573736826578776
8 6 32 1696415 22190596 32 0.019350290298461914 0.004093138376871744
8 7 32 1696415 22190596 32 0.01591952641805013 0.003263982137044271
graphdata/snap/as-Skitter/as-Skitter.mtx
8 0 64 1696415 22190596 64 0.05815553665161133 0.03177658716837565
8 1 64 1696415 22190596 64 0.05668730735778808 0.014465522766113282
8 2 64 1696415 22190596 64 0.04621744155883789 0.01027069091796875
8 3 64 1696415 22190596 64 0.05034896532694499 0.00848088264465332
8 4 64 1696415 22190596 64 0.041223907470703126 0.008783070246378581
8 5 64 1696415 22190596 64 0.03364893595377604 0.005954472223917643
8 6 64 1696415 22190596 64 0.034034442901611325 0.0050449371337890625
8 7 64 1696415 22190596 64 0.029317839940388998 0.004121144612630208
graphdata/snap/as-Skitter/as-Skitter.mtx
8 0 128 1696415 22190596 128 0.1014954408009847 0.03410576184590657
8 1 128 1696415 22190596 128 0.1013009230295817 0.016935125986735026
8 2 128 1696415 22190596 128 0.08469161987304688 0.011251052220662435
8 3 128 1696415 22190596 128 0.08893809318542481 0.009203084309895833
8 4 128 1696415 22190596 128 0.07153472900390626 0.008487065633138021
8 5 128 1696415 22190596 128 0.062276665369669595 0.005329751968383789
8 6 128 1696415 22190596 128 0.05088666280110677 0.004132795333862305
8 7 128 1696415 22190596 128 0.04368403752644857 0.003950866063435873
graphdata/snap/as-Skitter/as-Skitter.mtx
8 0 256 1696415 22190596 256 0.18384617169698078 0.02915215492248535
8 1 256 1696415 22190596 256 0.18670231501261395 0.02336853345235189
8 2 256 1696415 22190596 256 0.16016238530476887 0.01123058001200358
8 3 256 1696415 22190596 256 0.15799590746561687 0.00944677988688151
8 4 256 1696415 22190596 256 0.13721760114034018 0.007155625025431315
8 5 256 1696415 22190596 256 0.1175087292989095 0.006869967778523763
8 6 256 1696415 22190596 256 0.09554354349772136 0.0052068233489990234
8 7 256 1696415 22190596 256 0.08370230992635092 0.003922080993652344
