graphdata/snap/wiki-talk-temporal/wiki-talk-temporal.mtx
2 0 16 1140149 3309592 16 0.008819007873535156 0.0020885467529296875
2 1 16 1140149 3309592 16 0.013616800308227539 0.0013880252838134766
graphdata/snap/wiki-talk-temporal/wiki-talk-temporal.mtx
2 0 32 1140149 3309592 32 0.018714523315429686 0.0020028114318847655
2 1 32 1140149 3309592 32 0.02052726745605469 0.001497650146484375
graphdata/snap/wiki-talk-temporal/wiki-talk-temporal.mtx
2 0 64 1140149 3309592 64 0.034262871742248534 0.0022027254104614257
2 1 64 1140149 3309592 64 0.038503599166870114 0.0018626213073730468
graphdata/snap/wiki-talk-temporal/wiki-talk-temporal.mtx
2 0 128 1140149 3309592 128 0.06623978614807129 0.00297853946685791
2 1 128 1140149 3309592 128 0.06544694900512696 0.002196335792541504
graphdata/snap/wiki-talk-temporal/wiki-talk-temporal.mtx
2 0 256 1140149 3309592 256 0.12107419967651367 0.004549384117126465
2 1 256 1140149 3309592 256 0.12231194972991943 0.003432440757751465
graphdata/snap/wiki-talk-temporal/wiki-talk-temporal.mtx
4 0 16 1140149 3309592 16 0.010544848442077637 0.0017183065414428712
4 1 16 1140149 3309592 16 0.01876676082611084 0.0013683557510375977
4 2 16 1140149 3309592 16 0.020941734313964844 0.0017585515975952148
4 3 16 1140149 3309592 16 0.015697026252746583 0.0016243934631347656
graphdata/snap/wiki-talk-temporal/wiki-talk-temporal.mtx
4 0 32 1140149 3309592 32 0.01320662498474121 0.001727151870727539
4 1 32 1140149 3309592 32 0.023854732513427734 0.0014547586441040039
4 2 32 1140149 3309592 32 0.021649885177612304 0.0020469903945922853
4 3 32 1140149 3309592 32 0.02272200584411621 0.0013970136642456055
graphdata/snap/wiki-talk-temporal/wiki-talk-temporal.mtx
4 0 64 1140149 3309592 64 0.022085165977478026 0.002176380157470703
4 1 64 1140149 3309592 64 0.027579545974731445 0.0017089605331420898
4 2 64 1140149 3309592 64 0.02534966468811035 0.0012997865676879882
4 3 64 1140149 3309592 64 0.027784442901611327 0.001304030418395996
graphdata/snap/wiki-talk-temporal/wiki-talk-temporal.mtx
4 0 128 1140149 3309592 128 0.03924884796142578 0.0021453857421875
4 1 128 1140149 3309592 128 0.046907472610473636 0.0014516353607177735
4 2 128 1140149 3309592 128 0.047362112998962404 0.0014893770217895507
4 3 128 1140149 3309592 128 0.045199012756347655 0.0015891075134277343
graphdata/snap/wiki-talk-temporal/wiki-talk-temporal.mtx
4 0 256 1140149 3309592 256 0.07161488533020019 0.003010249137878418
4 1 256 1140149 3309592 256 0.07747054100036621 0.0021634578704833986
4 2 256 1140149 3309592 256 0.0803210973739624 0.002198147773742676
4 3 256 1140149 3309592 256 0.0816511869430542 0.0021073341369628905
graphdata/snap/wiki-talk-temporal/wiki-talk-temporal.mtx
8 0 16 1140149 3309592 16 0.008673667907714844 0.0016649723052978515
8 1 16 1140149 3309592 16 0.023370909690856933 0.001335477828979492
8 2 16 1140149 3309592 16 0.03588578701019287 0.0014351129531860352
8 3 16 1140149 3309592 16 0.034148788452148436 0.002158522605895996
8 4 16 1140149 3309592 16 0.032214236259460446 0.0013643741607666016
8 5 16 1140149 3309592 16 0.031375551223754884 0.00164794921875
8 6 16 1140149 3309592 16 0.0318448543548584 0.0019371509552001953
8 7 16 1140149 3309592 16 0.02539658546447754 0.0018997430801391602
graphdata/snap/wiki-talk-temporal/wiki-talk-temporal.mtx
8 0 32 1140149 3309592 32 0.01027224063873291 0.0018425464630126953
8 1 32 1140149 3309592 32 0.04231734275817871 0.001691746711730957
8 2 32 1140149 3309592 32 0.04679255485534668 0.0021589040756225587
8 3 32 1140149 3309592 32 0.040540337562561035 0.0013568878173828125
8 4 32 1140149 3309592 32 0.029883718490600585 0.0023497819900512697
8 5 32 1140149 3309592 32 0.039679312705993654 0.00160675048828125
8 6 32 1140149 3309592 32 0.030550479888916016 0.0013067483901977538
8 7 32 1140149 3309592 32 0.038002848625183105 0.0011558771133422852
graphdata/snap/wiki-talk-temporal/wiki-talk-temporal.mtx
8 0 64 1140149 3309592 64 0.017569851875305176 0.0016507625579833985
8 1 64 1140149 3309592 64 0.047426891326904294 0.0014392375946044923
8 2 64 1140149 3309592 64 0.04595439434051514 0.001267719268798828
8 3 64 1140149 3309592 64 0.056254220008850095 0.0022606134414672853
8 4 64 1140149 3309592 64 0.05585787296295166 0.0024581193923950196
8 5 64 1140149 3309592 64 0.047225213050842284 0.0013342857360839843
8 6 64 1140149 3309592 64 0.04830505847930908 0.0014621496200561523
8 7 64 1140149 3309592 64 0.046955990791320804 0.0016098499298095703
graphdata/snap/wiki-talk-temporal/wiki-talk-temporal.mtx
8 0 128 1140149 3309592 128 0.03079831600189209 0.0017526388168334962
8 1 128 1140149 3309592 128 0.05389561653137207 0.0019019842147827148
8 2 128 1140149 3309592 128 0.04626622200012207 0.0019150257110595703
8 3 128 1140149 3309592 128 0.05557084083557129 0.0018602848052978516
8 4 128 1140149 3309592 128 0.05348207950592041 0.001318645477294922
8 5 128 1140149 3309592 128 0.05033910274505615 0.0018149614334106445
8 6 128 1140149 3309592 128 0.06073617935180664 0.0014824867248535156
8 7 128 1140149 3309592 128 0.056838059425354005 0.002674579620361328
graphdata/snap/wiki-talk-temporal/wiki-talk-temporal.mtx
8 0 256 1140149 3309592 256 0.06238057613372803 0.002480435371398926
8 1 256 1140149 3309592 256 0.08094577789306641 0.0017109394073486328
8 2 256 1140149 3309592 256 0.08172202110290527 0.0016240835189819335
8 3 256 1140149 3309592 256 0.08913705348968506 0.004180002212524414
8 4 256 1140149 3309592 256 0.07330949306488037 0.004207158088684082
8 5 256 1140149 3309592 256 0.08867366313934326 0.0016066074371337891
8 6 256 1140149 3309592 256 0.0796283483505249 0.0015886783599853515
8 7 256 1140149 3309592 256 0.0813281774520874 0.0016195535659790038
