graphdata/snap/roadNet-TX/roadNet-TX.mtx
2 0 16 1393383 3843320 16 0.015154194831848145 0.001990389823913574
2 1 16 1393383 3843320 16 0.019191861152648926 0.0018576383590698242
graphdata/snap/roadNet-TX/roadNet-TX.mtx
2 0 32 1393383 3843320 32 0.02862386703491211 0.002103853225708008
2 1 32 1393383 3843320 32 0.0291595458984375 0.0022708415985107423
graphdata/snap/roadNet-TX/roadNet-TX.mtx
2 0 64 1393383 3843320 64 0.04345548152923584 0.0022401332855224608
2 1 64 1393383 3843320 64 0.04443414211273193 0.0020739555358886717
graphdata/snap/roadNet-TX/roadNet-TX.mtx
2 0 128 1393383 3843320 128 0.06752777099609375 0.0032268762588500977
2 1 128 1393383 3843320 128 0.06735992431640625 0.0033026218414306642
graphdata/snap/roadNet-TX/roadNet-TX.mtx
2 0 256 1393383 3843320 256 0.1270231246948242 0.00526888370513916
2 1 256 1393383 3843320 256 0.12781164646148682 0.00537717342376709
graphdata/snap/roadNet-TX/roadNet-TX.mtx
4 0 16 1393383 3843320 16 0.016155767440795898 0.0015896797180175782
4 1 16 1393383 3843320 16 0.02086806297302246 0.0015897750854492188
4 2 16 1393383 3843320 16 0.02156863212585449 0.0018197298049926758
4 3 16 1393383 3843320 16 0.021451449394226073 0.001778411865234375
graphdata/snap/roadNet-TX/roadNet-TX.mtx
4 0 32 1393383 3843320 32 0.01551210880279541 0.0016929149627685548
4 1 32 1393383 3843320 32 0.018843674659729005 0.0015558719635009766
4 2 32 1393383 3843320 32 0.018651580810546874 0.0016038656234741212
4 3 32 1393383 3843320 32 0.01932370662689209 0.0015202045440673828
graphdata/snap/roadNet-TX/roadNet-TX.mtx
4 0 64 1393383 3843320 64 0.027591419219970704 0.00218052864074707
4 1 64 1393383 3843320 64 0.03906090259552002 0.001681685447692871
4 2 64 1393383 3843320 64 0.0369035005569458 0.0015842437744140625
4 3 64 1393383 3843320 64 0.035987257957458496 0.0019182682037353516
graphdata/snap/roadNet-TX/roadNet-TX.mtx
4 0 128 1393383 3843320 128 0.043235039710998534 0.0021554708480834963
4 1 128 1393383 3843320 128 0.053368759155273435 0.0019461870193481444
4 2 128 1393383 3843320 128 0.053667449951171876 0.0019144773483276366
4 3 128 1393383 3843320 128 0.05161550045013428 0.0018892288208007812
graphdata/snap/roadNet-TX/roadNet-TX.mtx
4 0 256 1393383 3843320 256 0.08836846351623535 0.0030174493789672852
4 1 256 1393383 3843320 256 0.08077178001403809 0.0030616283416748046
4 2 256 1393383 3843320 256 0.08215892314910889 0.0030898809432983398
4 3 256 1393383 3843320 256 0.09170525074005127 0.002900838851928711
graphdata/snap/roadNet-TX/roadNet-TX.mtx
8 0 16 1393383 3843320 16 0.04386582374572754 0.003178715705871582
8 1 16 1393383 3843320 16 0.03598809242248535 0.0013762712478637695
8 2 16 1393383 3843320 16 0.03005638122558594 0.0013840675354003906
8 3 16 1393383 3843320 16 0.037176513671875 0.0015725374221801757
8 4 16 1393383 3843320 16 0.04122881889343262 0.001312112808227539
8 5 16 1393383 3843320 16 0.045009803771972653 0.0020177602767944337
8 6 16 1393383 3843320 16 0.04310302734375 0.0031411170959472655
8 7 16 1393383 3843320 16 0.04123821258544922 0.0015831470489501953
graphdata/snap/roadNet-TX/roadNet-TX.mtx
8 0 32 1393383 3843320 32 0.04449436664581299 0.0012822151184082031
8 1 32 1393383 3843320 32 0.046834135055541994 0.0014242172241210938
8 2 32 1393383 3843320 32 0.05019538402557373 0.0020659208297729493
8 3 32 1393383 3843320 32 0.04633316993713379 0.0016171693801879882
8 4 32 1393383 3843320 32 0.05522463321685791 0.001974940299987793
8 5 32 1393383 3843320 32 0.04839351177215576 0.0015951633453369141
8 6 32 1393383 3843320 32 0.054641342163085936 0.0016705751419067382
8 7 32 1393383 3843320 32 0.058288955688476564 0.0018836498260498048
graphdata/snap/roadNet-TX/roadNet-TX.mtx
8 0 64 1393383 3843320 64 0.06270799636840821 0.0016046762466430664
8 1 64 1393383 3843320 64 0.05456163883209229 0.002109074592590332
8 2 64 1393383 3843320 64 0.0503584623336792 0.002005195617675781
8 3 64 1393383 3843320 64 0.042966794967651364 0.001418161392211914
8 4 64 1393383 3843320 64 0.05578196048736572 0.0024261713027954102
8 5 64 1393383 3843320 64 0.05010788440704346 0.0016697406768798827
8 6 64 1393383 3843320 64 0.053325438499450685 0.004901266098022461
8 7 64 1393383 3843320 64 0.05690624713897705 0.00564887523651123
graphdata/snap/roadNet-TX/roadNet-TX.mtx
8 0 128 1393383 3843320 128 0.057180261611938475 0.0018467187881469726
8 1 128 1393383 3843320 128 0.06338686943054199 0.002502131462097168
8 2 128 1393383 3843320 128 0.06769602298736573 0.001715683937072754
8 3 128 1393383 3843320 128 0.06660122871398926 0.0016181468963623047
8 4 128 1393383 3843320 128 0.07135262489318847 0.0015216112136840821
8 5 128 1393383 3843320 128 0.06764750480651856 0.002432441711425781
8 6 128 1393383 3843320 128 0.05961272716522217 0.002096223831176758
8 7 128 1393383 3843320 128 0.06950249671936035 0.00221400260925293
graphdata/snap/roadNet-TX/roadNet-TX.mtx
8 0 256 1393383 3843320 256 0.08810944557189941 0.0020682811737060547
8 1 256 1393383 3843320 256 0.0785370111465454 0.0020566225051879884
8 2 256 1393383 3843320 256 0.10036871433258057 0.0019982576370239256
8 3 256 1393383 3843320 256 0.08962831497192383 0.004104042053222656
8 4 256 1393383 3843320 256 0.08937959671020508 0.003073716163635254
8 5 256 1393383 3843320 256 0.08720879554748535 0.0028877019882202148
8 6 256 1393383 3843320 256 0.09104588031768798 0.003236699104309082
8 7 256 1393383 3843320 256 0.0816303014755249 0.0021075963973999023
