graphdata/snap/papers100m.mm
8 0 16 111059956 1615685872 16 0.8659603595733643 0.06282830238342285
8 1 16 111059956 1615685872 16 0.9859000047047933 0.11046854654947917
8 2 16 111059956 1615685872 16 0.837029774983724 0.11949865023295085
8 3 16 111059956 1615685872 16 0.8836745421091715 0.13504648208618164
8 4 16 111059956 1615685872 16 0.751617431640625 0.043344338734944664
8 5 16 111059956 1615685872 16 0.6397461891174316 0.03299363454182943
8 6 16 111059956 1615685872 16 0.4083562692006429 0.019611835479736328
8 7 16 111059956 1615685872 16 0.4524548848470052 0.019471406936645508
graphdata/snap/papers100m.mm
8 0 32 111059956 1615685872 32 1.4198708534240723 0.06760247548421223
8 1 32 111059956 1615685872 32 1.6406479676564534 0.12125158309936523
8 2 32 111059956 1615685872 32 1.4198544025421143 0.12494874000549316
8 3 32 111059956 1615685872 32 1.43195645014445 0.15132514635721842
8 4 32 111059956 1615685872 32 1.113555113474528 0.04483358065287272
8 5 32 111059956 1615685872 32 1.0392626921335857 0.035608768463134766
8 6 32 111059956 1615685872 32 0.6874829133351644 0.019849061965942383
8 7 32 111059956 1615685872 32 0.7504590352376302 0.01999497413635254
graphdata/snap/papers100m.mm
8 0 64 111059956 1615685872 64 
8 1 64 111059956 1615685872 64 
8 2 64 111059956 1615685872 64 
8 3 64 111059956 1615685872 64 
8 4 64 111059956 1615685872 64 
8 5 64 111059956 1615685872 64 
8 6 64 111059956 1615685872 64 
8 7 64 111059956 1615685872 64 
graphdata/snap/papers100m.mm
8 0 128 
8 1 128 
8 2 128 
8 3 128 
8 4 128 
8 5 128 
8 6 128 
8 7 128 
