graphdata/snap/mag240m.mm
8 0 16 244160499 1728364232 16 0.48369256655375165 0.008750597635904947
8 1 16 244160499 1728364232 16 0.5744799772898356 0.008523146311442057
8 2 16 244160499 1728364232 16 0.48908066749572754 0.007615248362223308
8 3 16 244160499 1728364232 16 0.5000189145406088 0.007822831471761068
8 4 16 244160499 1728364232 16 2.3194235960642495 0.1689600149790446
8 5 16 244160499 1728364232 16 1.6570792198181152 0.14310622215270996
8 6 16 244160499 1728364232 16 1.8453969955444336 0.14237054189046225
8 7 16 244160499 1728364232 16 1.9912811915079753 0.143218994140625
graphdata/snap/mag240m.mm
8 0 32 244160499 1728364232 32 
8 1 32 244160499 1728364232 32 
8 2 32 244160499 1728364232 32 
8 3 32 244160499 1728364232 32 
8 4 32 244160499 1728364232 32 
8 5 32 244160499 1728364232 32 
8 6 32 244160499 1728364232 32 
8 7 32 244160499 1728364232 32 
graphdata/snap/mag240m.mm
8 0 64 
8 1 64 
8 2 64 
8 3 64 
8 4 64 
8 5 64 
8 6 64 
8 7 64 
graphdata/snap/mag240m.mm
8 0 128 
8 1 128 
8 2 128 
8 3 128 
8 4 128 
8 5 128 
8 6 128 
8 7 128 
