graphdata/snap/twitter7.mm
8 0 16 41652230 1468365182 16 0.27482859293619794 0.10163577397664388
8 1 16 41652230 1468365182 16 0.24798107147216797 0.06029915809631348
8 2 16 41652230 1468365182 16 0.23537731170654297 0.04303868611653646
8 3 16 41652230 1468365182 16 0.2541479269663493 0.040717363357543945
8 4 16 41652230 1468365182 16 0.26552597681681317 0.04129854838053385
8 5 16 41652230 1468365182 16 0.40780146916707355 0.05382450421651205
8 6 16 41652230 1468365182 16 0.48264090220133465 0.06454555193583171
8 7 16 41652230 1468365182 16 0.34302790959676105 0.04842329025268555
graphdata/snap/twitter7.mm
8 0 32 41652230 1468365182 32 0.5431519349416097 0.10910471280415852
8 1 32 41652230 1468365182 32 0.4293559392293294 0.06187907854715983
8 2 32 41652230 1468365182 32 0.43102169036865234 0.042937119801839195
8 3 32 41652230 1468365182 32 0.47705769538879395 0.041500250498453774
8 4 32 41652230 1468365182 32 0.4621688524881999 0.04253546396891276
8 5 32 41652230 1468365182 32 0.7472610473632812 0.05339876810709635
8 6 32 41652230 1468365182 32 0.8391075929005941 0.0634003480275472
8 7 32 41652230 1468365182 32 0.5749994913736979 0.04914196332295736
graphdata/snap/twitter7.mm
8 0 64 41652230 1468365182 64 0.90842072168986 0.12363592783610027
8 1 64 41652230 1468365182 64 0.7974910736083984 0.06383760770161946
8 2 64 41652230 1468365182 64 0.786719799041748 0.0460665225982666
8 3 64 41652230 1468365182 64 0.869964599609375 0.04395516713460287
8 4 64 41652230 1468365182 64 0.933646043141683 0.04747319221496582
8 5 64 41652230 1468365182 64 1.4214422702789307 0.05916929244995117
8 6 64 41652230 1468365182 64 1.8741803963979085 0.08336456616719563
8 7 64 41652230 1468365182 64 1.226499319076538 0.05372460683186849
graphdata/snap/twitter7.mm
8 0 128 41652230 1468365182 128 1.6636221408843994 0.17187603314717612
8 1 128 41652230 1468365182 128 1.4449851512908936 0.08984891573588054
8 2 128 41652230 1468365182 128 1.4198272228240967 0.06444573402404785
8 3 128 41652230 1468365182 128 1.8116133213043213 0.062188943227132164
8 4 128 41652230 1468365182 128 1.618280013402303 0.06293757756551106
8 5 128 41652230 1468365182 128 2.8932607968648276 0.0864109992980957
8 6 128 41652230 1468365182 128 3.069346268971761 0.11575126647949219
8 7 128 41652230 1468365182 128 2.223647197087606 0.0748740832010905
