graphdata/snap/soc-LiveJournal1/soc-LiveJournal1.mtx
2 0 16 4847571 68993773 16 0.08764681816101075 0.021408271789550782
2 1 16 4847571 68993773 16 0.06923139095306396 0.00506887435913086
graphdata/snap/soc-LiveJournal1/soc-LiveJournal1.mtx
2 0 32 4847571 68993773 32 0.14411330223083496 0.02234156131744385
2 1 32 4847571 68993773 32 0.115338134765625 0.005457329750061035
graphdata/snap/soc-LiveJournal1/soc-LiveJournal1.mtx
2 0 64 4847571 68993773 64 0.21143946647644044 0.024888134002685545
2 1 64 4847571 68993773 64 0.15585854053497314 0.006919980049133301
graphdata/snap/soc-LiveJournal1/soc-LiveJournal1.mtx
2 0 128 4847571 68993773 128 0.3959160566329956 0.03361823558807373
2 1 128 4847571 68993773 128 0.3709719181060791 0.010988926887512207
graphdata/snap/soc-LiveJournal1/soc-LiveJournal1.mtx
2 0 256 4847571 68993773 256 0.7551618814468384 0.05325491428375244
2 1 256 4847571 68993773 256 0.6654158353805542 0.01820194721221924
graphdata/snap/soc-LiveJournal1/soc-LiveJournal1.mtx
4 0 16 4847571 68993773 16 0.07234127521514892 0.015172743797302246
4 1 16 4847571 68993773 16 0.06716752052307129 0.006274366378784179
4 2 16 4847571 68993773 16 0.05863182544708252 0.00343782901763916
4 3 16 4847571 68993773 16 0.03930771350860596 0.0023960113525390626
graphdata/snap/soc-LiveJournal1/soc-LiveJournal1.mtx
4 0 32 4847571 68993773 32 0.11905269622802735 0.015591788291931152
4 1 32 4847571 68993773 32 0.09857330322265626 0.006748294830322266
4 2 32 4847571 68993773 32 0.08185782432556152 0.0034779071807861327
4 3 32 4847571 68993773 32 0.06299707889556885 0.0024255037307739256
graphdata/snap/soc-LiveJournal1/soc-LiveJournal1.mtx
4 0 64 4847571 68993773 64 0.21998157501220703 0.01725304126739502
4 1 64 4847571 68993773 64 0.17340443134307862 0.007638692855834961
4 2 64 4847571 68993773 64 0.1411811351776123 0.0042781829833984375
4 3 64 4847571 68993773 64 0.10907595157623291 0.003072690963745117
graphdata/snap/soc-LiveJournal1/soc-LiveJournal1.mtx
4 0 128 4847571 68993773 128 0.39483792781829835 0.023324871063232423
4 1 128 4847571 68993773 128 0.3056972026824951 0.010538792610168457
4 2 128 4847571 68993773 128 0.2617947578430176 0.006224441528320313
4 3 128 4847571 68993773 128 0.19647622108459473 0.004712653160095215
graphdata/snap/soc-LiveJournal1/soc-LiveJournal1.mtx
4 0 256 4847571 68993773 256 0.7094280958175659 0.03724572658538818
4 1 256 4847571 68993773 256 0.5705994129180908 0.016888928413391114
4 2 256 4847571 68993773 256 0.4820159912109375 0.010603499412536622
4 3 256 4847571 68993773 256 0.3756441354751587 0.008035588264465331
graphdata/snap/soc-LiveJournal1/soc-LiveJournal1.mtx
8 0 16 4847571 68993773 16 0.06672732830047608 0.010117769241333008
8 1 16 4847571 68993773 16 0.05603394508361816 0.005901813507080078
8 2 16 4847571 68993773 16 0.050188422203063965 0.003846287727355957
8 3 16 4847571 68993773 16 0.0426821231842041 0.0030183792114257812
8 4 16 4847571 68993773 16 0.035477399826049805 0.0022408485412597655
8 5 16 4847571 68993773 16 0.03065636157989502 0.001955127716064453
8 6 16 4847571 68993773 16 0.03138110637664795 0.001856684684753418
8 7 16 4847571 68993773 16 0.03621184825897217 0.0017055749893188476
graphdata/snap/soc-LiveJournal1/soc-LiveJournal1.mtx
8 0 32 4847571 68993773 32 0.10541386604309082 0.010320472717285156
8 1 32 4847571 68993773 32 0.0922773838043213 0.00612030029296875
8 2 32 4847571 68993773 32 0.08715600967407226 0.003787374496459961
8 3 32 4847571 68993773 32 0.06815009117126465 0.0027970314025878907
8 4 32 4847571 68993773 32 0.05481929779052734 0.0023969173431396484
8 5 32 4847571 68993773 32 0.05169160366058349 0.002207779884338379
8 6 32 4847571 68993773 32 0.046818995475769044 0.0018395185470581055
8 7 32 4847571 68993773 32 0.045038461685180664 0.0017048120498657227
graphdata/snap/soc-LiveJournal1/soc-LiveJournal1.mtx
8 0 64 4847571 68993773 64 0.1951993227005005 0.011283254623413086
8 1 64 4847571 68993773 64 0.1658862829208374 0.006706047058105469
8 2 64 4847571 68993773 64 0.13661835193634034 0.004346275329589843
8 3 64 4847571 68993773 64 0.11339516639709472 0.0032538175582885742
8 4 64 4847571 68993773 64 0.0971609115600586 0.0026654481887817385
8 5 64 4847571 68993773 64 0.08968424797058105 0.002394843101501465
8 6 64 4847571 68993773 64 0.0761148452758789 0.002005124092102051
8 7 64 4847571 68993773 64 0.06427264213562012 0.0018620014190673829
graphdata/snap/soc-LiveJournal1/soc-LiveJournal1.mtx
8 0 128 4847571 68993773 128 0.32481918334960935 0.015102314949035644
8 1 128 4847571 68993773 128 0.27269320487976073 0.00895986557006836
8 2 128 4847571 68993773 128 0.25264246463775636 0.0059876680374145504
8 3 128 4847571 68993773 128 0.20483310222625734 0.004494881629943848
8 4 128 4847571 68993773 128 0.18071892261505126 0.003781628608703613
8 5 128 4847571 68993773 128 0.16108293533325196 0.003322887420654297
8 6 128 4847571 68993773 128 0.14120163917541503 0.0028423309326171876
8 7 128 4847571 68993773 128 0.1182448148727417 0.00273592472076416
graphdata/snap/soc-LiveJournal1/soc-LiveJournal1.mtx
8 0 256 4847571 68993773 256 0.6117197036743164 0.024447011947631835
8 1 256 4847571 68993773 256 0.5103771924972534 0.014632678031921387
8 2 256 4847571 68993773 256 0.46023433208465575 0.010075521469116212
8 3 256 4847571 68993773 256 0.4322522640228271 0.007433295249938965
8 4 256 4847571 68993773 256 0.3488093376159668 0.0063195466995239254
8 5 256 4847571 68993773 256 0.3249190092086792 0.005356812477111816
8 6 256 4847571 68993773 256 0.2905707836151123 0.004721283912658691
8 7 256 4847571 68993773 256 0.2409599542617798 0.004345250129699707
