graphdata/snap/com-LiveJournal/com-LiveJournal.mtx
2 0 16 3997962 69362378 16 0.07370898723602295 0.020156717300415038
2 1 16 3997962 69362378 16 0.06350350379943848 0.00502007007598877
graphdata/snap/com-LiveJournal/com-LiveJournal.mtx
2 0 32 3997962 69362378 32 0.12579758167266847 0.021025323867797853
2 1 32 3997962 69362378 32 0.103080415725708 0.005337572097778321
graphdata/snap/com-LiveJournal/com-LiveJournal.mtx
2 0 64 3997962 69362378 64 0.2246135950088501 0.023207378387451173
2 1 64 3997962 69362378 64 0.17481565475463867 0.006532597541809082
graphdata/snap/com-LiveJournal/com-LiveJournal.mtx
2 0 128 3997962 69362378 128 0.4252618312835693 0.030548357963562013
2 1 128 3997962 69362378 128 0.3087602615356445 0.009906768798828125
graphdata/snap/com-LiveJournal/com-LiveJournal.mtx
2 0 256 3997962 69362378 256 0.6984098672866821 0.04867660999298096
2 1 256 3997962 69362378 256 0.5837636947631836 0.016672420501708984
graphdata/snap/com-LiveJournal/com-LiveJournal.mtx
4 0 16 3997962 69362378 16 0.061963987350463864 0.014325666427612304
4 1 16 3997962 69362378 16 0.0624699592590332 0.006439471244812011
4 2 16 3997962 69362378 16 0.048131489753723146 0.0034010648727416993
4 3 16 3997962 69362378 16 0.03509979248046875 0.0021732091903686524
graphdata/snap/com-LiveJournal/com-LiveJournal.mtx
4 0 32 3997962 69362378 32 0.1093597650527954 0.014818358421325683
4 1 32 3997962 69362378 32 0.10325279235839843 0.00682060718536377
4 2 32 3997962 69362378 32 0.08208241462707519 0.0037812709808349608
4 3 32 3997962 69362378 32 0.0619694709777832 0.0023895740509033204
graphdata/snap/com-LiveJournal/com-LiveJournal.mtx
4 0 64 3997962 69362378 64 0.22548749446868896 0.016252946853637696
4 1 64 3997962 69362378 64 0.1678983449935913 0.007587647438049317
4 2 64 3997962 69362378 64 0.1404273748397827 0.004207682609558105
4 3 64 3997962 69362378 64 0.09505631923675537 0.0029151439666748047
graphdata/snap/com-LiveJournal/com-LiveJournal.mtx
4 0 128 3997962 69362378 128 0.3393040657043457 0.02091212272644043
4 1 128 3997962 69362378 128 0.288273286819458 0.010368990898132324
4 2 128 3997962 69362378 128 0.23996200561523437 0.006002974510192871
4 3 128 3997962 69362378 128 0.17236733436584473 0.004242610931396484
graphdata/snap/com-LiveJournal/com-LiveJournal.mtx
4 0 256 3997962 69362378 256 0.6151185989379883 0.03321592807769776
4 1 256 3997962 69362378 256 0.5331168174743652 0.016121435165405273
4 2 256 3997962 69362378 256 0.4440828084945679 0.01006765365600586
4 3 256 3997962 69362378 256 0.3380326271057129 0.0071182727813720705
graphdata/snap/com-LiveJournal/com-LiveJournal.mtx
8 0 16 3997962 69362378 16 0.053660225868225095 0.009625506401062012
8 1 16 3997962 69362378 16 0.04904782772064209 0.005653214454650879
8 2 16 3997962 69362378 16 0.04785418510437012 0.0037127256393432615
8 3 16 3997962 69362378 16 0.044362425804138184 0.0030033111572265623
8 4 16 3997962 69362378 16 0.043611907958984376 0.002471303939819336
8 5 16 3997962 69362378 16 0.03161454200744629 0.0019223690032958984
8 6 16 3997962 69362378 16 0.031093454360961913 0.0016851186752319335
8 7 16 3997962 69362378 16 0.02475886344909668 0.0017260074615478515
graphdata/snap/com-LiveJournal/com-LiveJournal.mtx
8 0 32 3997962 69362378 32 0.09096834659576417 0.009884119033813477
8 1 32 3997962 69362378 32 0.08663363456726074 0.005745577812194824
8 2 32 3997962 69362378 32 0.07967853546142578 0.0037699460983276365
8 3 32 3997962 69362378 32 0.07043490409851075 0.0030350685119628906
8 4 32 3997962 69362378 32 0.05707075595855713 0.00245363712310791
8 5 32 3997962 69362378 32 0.049083399772644046 0.002025151252746582
8 6 32 3997962 69362378 32 0.04856753349304199 0.0018441915512084962
8 7 32 3997962 69362378 32 0.04777247905731201 0.0016068458557128907
graphdata/snap/com-LiveJournal/com-LiveJournal.mtx
8 0 64 3997962 69362378 64 0.15818243026733397 0.010729217529296875
8 1 64 3997962 69362378 64 0.1436244487762451 0.00644683837890625
8 2 64 3997962 69362378 64 0.12725474834442138 0.004161953926086426
8 3 64 3997962 69362378 64 0.1128086805343628 0.0033844470977783202
8 4 64 3997962 69362378 64 0.09282460212707519 0.0027516365051269533
8 5 64 3997962 69362378 64 0.07940032482147216 0.0022777557373046876
8 6 64 3997962 69362378 64 0.07333943843841553 0.0019230842590332031
8 7 64 3997962 69362378 64 0.06339945793151855 0.0018074989318847656
graphdata/snap/com-LiveJournal/com-LiveJournal.mtx
8 0 128 3997962 69362378 128 0.27892322540283204 0.013592004776000977
8 1 128 3997962 69362378 128 0.2516768455505371 0.008334994316101074
8 2 128 3997962 69362378 128 0.23295907974243163 0.005731368064880371
8 3 128 3997962 69362378 128 0.20356321334838867 0.004539108276367188
8 4 128 3997962 69362378 128 0.17048170566558837 0.003719925880432129
8 5 128 3997962 69362378 128 0.14241762161254884 0.0031020641326904297
8 6 128 3997962 69362378 128 0.11451692581176758 0.0026283025741577148
8 7 128 3997962 69362378 128 0.11007003784179688 0.002439260482788086
graphdata/snap/com-LiveJournal/com-LiveJournal.mtx
8 0 256 3997962 69362378 256 0.5238646268844604 0.021756982803344725
8 1 256 3997962 69362378 256 0.4958888053894043 0.013231134414672852
8 2 256 3997962 69362378 256 0.3770716428756714 0.009505033493041992
8 3 256 3997962 69362378 256 0.41857779026031494 0.007409310340881348
8 4 256 3997962 69362378 256 0.34841887950897216 0.006038808822631836
8 5 256 3997962 69362378 256 0.29132585525512694 0.004967021942138672
8 6 256 3997962 69362378 256 0.2297130823135376 0.004176998138427734
8 7 256 3997962 69362378 256 0.2269284248352051 0.0038019657135009766
