graphdata/snap/cit-Patents/cit-Patents.mtx
2 0 16 3774768 16518948 16 0.06658434867858887 0.004243302345275879
2 1 16 3774768 16518948 16 0.0419729471206665 0.009661483764648437
graphdata/snap/cit-Patents/cit-Patents.mtx
2 0 32 3774768 16518948 32 0.10716047286987304 0.0048236846923828125
2 1 32 3774768 16518948 32 0.07819938659667969 0.010205364227294922
graphdata/snap/cit-Patents/cit-Patents.mtx
2 0 64 3774768 16518948 64 0.182535982131958 0.005997776985168457
2 1 64 3774768 16518948 64 0.10979948043823243 0.011034393310546875
graphdata/snap/cit-Patents/cit-Patents.mtx
2 0 128 3774768 16518948 128 0.2991448163986206 0.009263396263122559
2 1 128 3774768 16518948 128 0.2169351577758789 0.014956498146057129
graphdata/snap/cit-Patents/cit-Patents.mtx
2 0 256 3774768 16518948 256 0.609934949874878 0.01601700782775879
2 1 256 3774768 16518948 256 0.39303634166717527 0.020511913299560546
graphdata/snap/cit-Patents/cit-Patents.mtx
4 0 16 3774768 16518948 16 0.03573007583618164 0.0019177675247192382
4 1 16 3774768 16518948 16 0.04590713977813721 0.0031894445419311523
4 2 16 3774768 16518948 16 0.038032007217407224 0.0035190820693969727
4 3 16 3774768 16518948 16 0.021378850936889647 0.005620026588439941
graphdata/snap/cit-Patents/cit-Patents.mtx
4 0 32 3774768 16518948 32 0.05695233345031738 0.002075481414794922
4 1 32 3774768 16518948 32 0.07615821361541748 0.003383946418762207
4 2 32 3774768 16518948 32 0.06840262413024903 0.003734135627746582
4 3 32 3774768 16518948 32 0.03175535202026367 0.005733418464660645
graphdata/snap/cit-Patents/cit-Patents.mtx
4 0 64 3774768 16518948 64 0.09409902095794678 0.0025405168533325197
4 1 64 3774768 16518948 64 0.13496079444885253 0.0040710210800170895
4 2 64 3774768 16518948 64 0.11879222393035889 0.004490995407104492
4 3 64 3774768 16518948 64 0.05943562984466553 0.0062380552291870115
graphdata/snap/cit-Patents/cit-Patents.mtx
4 0 128 3774768 16518948 128 0.17077283859252929 0.003994655609130859
4 1 128 3774768 16518948 128 0.22566027641296388 0.00616767406463623
4 2 128 3774768 16518948 128 0.19313504695892333 0.006470727920532227
4 3 128 3774768 16518948 128 0.11551501750946044 0.00767667293548584
graphdata/snap/cit-Patents/cit-Patents.mtx
4 0 256 3774768 16518948 256 0.28312067985534667 0.006885099411010742
4 1 256 3774768 16518948 256 0.4182954549789429 0.010067963600158691
4 2 256 3774768 16518948 256 0.35012993812561033 0.010930109024047851
4 3 256 3774768 16518948 256 0.18972451686859132 0.010010886192321777
graphdata/snap/cit-Patents/cit-Patents.mtx
8 0 16 3774768 16518948 16 0.028786659240722656 0.0014015674591064454
8 1 16 3774768 16518948 16 0.03081676959991455 0.0015239477157592773
8 2 16 3774768 16518948 16 0.03479752540588379 0.0018167972564697265
8 3 16 3774768 16518948 16 0.03562631607055664 0.0023189067840576174
8 4 16 3774768 16518948 16 0.031365180015563966 0.0021538734436035156
8 5 16 3774768 16518948 16 0.04157259464263916 0.002140641212463379
8 6 16 3774768 16518948 16 0.023624396324157713 0.001697707176208496
8 7 16 3774768 16518948 16 0.014611625671386718 0.004722690582275391
graphdata/snap/cit-Patents/cit-Patents.mtx
8 0 32 3774768 16518948 32 0.03645546436309814 0.0015005826950073241
8 1 32 3774768 16518948 32 0.04153175354003906 0.001543569564819336
8 2 32 3774768 16518948 32 0.052845549583435056 0.0019101858139038085
8 3 32 3774768 16518948 32 0.05241448879241943 0.0023440122604370117
8 4 32 3774768 16518948 32 0.05594747066497803 0.0022764682769775392
8 5 32 3774768 16518948 32 0.047135114669799805 0.0022644996643066406
8 6 32 3774768 16518948 32 0.037970876693725585 0.0018177509307861328
8 7 32 3774768 16518948 32 0.025642919540405273 0.004830360412597656
graphdata/snap/cit-Patents/cit-Patents.mtx
8 0 64 3774768 16518948 64 0.058879423141479495 0.0018465280532836913
8 1 64 3774768 16518948 64 0.07563164234161376 0.0018909692764282227
8 2 64 3774768 16518948 64 0.10672588348388672 0.002230072021484375
8 3 64 3774768 16518948 64 0.09486289024353027 0.0026495695114135743
8 4 64 3774768 16518948 64 0.09811437129974365 0.0026455163955688477
8 5 64 3774768 16518948 64 0.10004627704620361 0.00265805721282959
8 6 64 3774768 16518948 64 0.06010980606079101 0.0020314455032348633
8 7 64 3774768 16518948 64 0.03409452438354492 0.004775881767272949
graphdata/snap/cit-Patents/cit-Patents.mtx
8 0 128 3774768 16518948 128 0.10288937091827392 0.0022960186004638674
8 1 128 3774768 16518948 128 0.13890297412872316 0.0025678396224975584
8 2 128 3774768 16518948 128 0.16806485652923583 0.0034038305282592775
8 3 128 3774768 16518948 128 0.17899186611175538 0.0036569833755493164
8 4 128 3774768 16518948 128 0.1681004285812378 0.003934454917907715
8 5 128 3774768 16518948 128 0.1447277307510376 0.0037566423416137695
8 6 128 3774768 16518948 128 0.11715731620788575 0.002801799774169922
8 7 128 3774768 16518948 128 0.0691864013671875 0.005309939384460449
graphdata/snap/cit-Patents/cit-Patents.mtx
8 0 256 3774768 16518948 256 0.1859899044036865 0.003658604621887207
8 1 256 3774768 16518948 256 0.26548240184783933 0.004089999198913574
8 2 256 3774768 16518948 256 0.3480777025222778 0.005001235008239746
8 3 256 3774768 16518948 256 0.3381573915481567 0.006144189834594726
8 4 256 3774768 16518948 256 0.3173075199127197 0.006490492820739746
8 5 256 3774768 16518948 256 0.2937439441680908 0.005985808372497558
8 6 256 3774768 16518948 256 0.211037540435791 0.004550266265869141
8 7 256 3774768 16518948 256 0.1141474962234497 0.006105637550354004
