graphdata/snap/sx-stackoverflow/sx-stackoverflow.mtx
2 0 16 2601977 36233450 16 0.040201783180236816 0.010034823417663574
2 1 16 2601977 36233450 16 0.032916259765625 0.004068779945373535
graphdata/snap/sx-stackoverflow/sx-stackoverflow.mtx
2 0 32 2601977 36233450 32 0.07798218727111816 0.010359692573547363
2 1 32 2601977 36233450 32 0.06937232017517089 0.004166412353515625
graphdata/snap/sx-stackoverflow/sx-stackoverflow.mtx
2 0 64 2601977 36233450 64 0.12984743118286132 0.011747455596923828
2 1 64 2601977 36233450 64 0.09411957263946533 0.004890799522399902
graphdata/snap/sx-stackoverflow/sx-stackoverflow.mtx
2 0 128 2601977 36233450 128 0.21883165836334229 0.015218615531921387
2 1 128 2601977 36233450 128 0.17369487285614013 0.006922483444213867
graphdata/snap/sx-stackoverflow/sx-stackoverflow.mtx
2 0 256 2601977 36233450 256 0.39314851760864256 0.025132083892822267
2 1 256 2601977 36233450 256 0.3147278785705566 0.011747264862060547
graphdata/snap/sx-stackoverflow/sx-stackoverflow.mtx
4 0 16 2601977 36233450 16 0.03374755382537842 0.006824183464050293
4 1 16 2601977 36233450 16 0.03015444278717041 0.0034847021102905273
4 2 16 2601977 36233450 16 0.03715059757232666 0.002648448944091797
4 3 16 2601977 36233450 16 0.020144391059875488 0.0020612239837646484
graphdata/snap/sx-stackoverflow/sx-stackoverflow.mtx
4 0 32 2601977 36233450 32 0.06007087230682373 0.007075619697570801
4 1 32 2601977 36233450 32 0.049654054641723636 0.003713393211364746
4 2 32 2601977 36233450 32 0.04603800773620605 0.002797102928161621
4 3 32 2601977 36233450 32 0.039068412780761716 0.002313661575317383
graphdata/snap/sx-stackoverflow/sx-stackoverflow.mtx
4 0 64 2601977 36233450 64 0.10640411376953125 0.007707357406616211
4 1 64 2601977 36233450 64 0.08783957958221436 0.004005980491638183
4 2 64 2601977 36233450 64 0.07429227828979493 0.0031012535095214845
4 3 64 2601977 36233450 64 0.055750560760498044 0.0024430513381958007
graphdata/snap/sx-stackoverflow/sx-stackoverflow.mtx
4 0 128 2601977 36233450 128 0.17352683544158937 0.01000680923461914
4 1 128 2601977 36233450 128 0.13677003383636474 0.005540728569030762
4 2 128 2601977 36233450 128 0.1140979290008545 0.004279637336730957
4 3 128 2601977 36233450 128 0.09272177219390869 0.003373599052429199
graphdata/snap/sx-stackoverflow/sx-stackoverflow.mtx
4 0 256 2601977 36233450 256 0.3220644474029541 0.01607215404510498
4 1 256 2601977 36233450 256 0.26280531883239744 0.009356927871704102
4 2 256 2601977 36233450 256 0.22919080257415772 0.0069871187210083004
4 3 256 2601977 36233450 256 0.17677013874053954 0.005449128150939941
graphdata/snap/sx-stackoverflow/sx-stackoverflow.mtx
8 0 16 2601977 36233450 16 0.029394865036010742 0.004925942420959473
8 1 16 2601977 36233450 16 0.023274755477905272 0.002732062339782715
8 2 16 2601977 36233450 16 0.02219252586364746 0.002359151840209961
8 3 16 2601977 36233450 16 0.01696176528930664 0.002135610580444336
8 4 16 2601977 36233450 16 0.018241620063781737 0.001952052116394043
8 5 16 2601977 36233450 16 0.025355052947998048 0.0018301010131835938
8 6 16 2601977 36233450 16 0.017674994468688966 0.0016658544540405274
8 7 16 2601977 36233450 16 0.018009090423583986 0.0014529228210449219
graphdata/snap/sx-stackoverflow/sx-stackoverflow.mtx
8 0 32 2601977 36233450 32 0.05085644721984863 0.005152273178100586
8 1 32 2601977 36233450 32 0.04270205497741699 0.002875542640686035
8 2 32 2601977 36233450 32 0.04042818546295166 0.0024597883224487306
8 3 32 2601977 36233450 32 0.03153064250946045 0.0021972894668579102
8 4 32 2601977 36233450 32 0.03963615894317627 0.0019652843475341797
8 5 32 2601977 36233450 32 0.037519192695617674 0.0018407583236694336
8 6 32 2601977 36233450 32 0.02938539981842041 0.001692485809326172
8 7 32 2601977 36233450 32 0.029710006713867188 0.0015541791915893554
graphdata/snap/sx-stackoverflow/sx-stackoverflow.mtx
8 0 64 2601977 36233450 64 0.08894181251525879 0.005324864387512207
8 1 64 2601977 36233450 64 0.07112910747528076 0.003046131134033203
8 2 64 2601977 36233450 64 0.06289956569671631 0.002659249305725098
8 3 64 2601977 36233450 64 0.05944466590881348 0.0025071620941162108
8 4 64 2601977 36233450 64 0.05386927127838135 0.0021184444427490234
8 5 64 2601977 36233450 64 0.054395627975463864 0.0019754648208618166
8 6 64 2601977 36233450 64 0.04730558395385742 0.0017704248428344726
8 7 64 2601977 36233450 64 0.036064863204956055 0.0017438411712646484
graphdata/snap/sx-stackoverflow/sx-stackoverflow.mtx
8 0 128 2601977 36233450 128 0.14838874340057373 0.006544804573059082
8 1 128 2601977 36233450 128 0.11374919414520264 0.003966021537780762
8 2 128 2601977 36233450 128 0.113350510597229 0.0034197568893432617
8 3 128 2601977 36233450 128 0.10005099773406982 0.002945423126220703
8 4 128 2601977 36233450 128 0.10277955532073975 0.0026802778244018554
8 5 128 2601977 36233450 128 0.08749711513519287 0.0024140119552612306
8 6 128 2601977 36233450 128 0.07898015975952148 0.0022339820861816406
8 7 128 2601977 36233450 128 0.06981570720672607 0.0020180463790893553
graphdata/snap/sx-stackoverflow/sx-stackoverflow.mtx
8 0 256 2601977 36233450 256 0.2609241247177124 0.010357880592346191
8 1 256 2601977 36233450 256 0.21594738960266113 0.006174826622009277
8 2 256 2601977 36233450 256 0.21143701076507568 0.005321025848388672
8 3 256 2601977 36233450 256 0.18848695755004882 0.004615664482116699
8 4 256 2601977 36233450 256 0.17512223720550538 0.004209995269775391
8 5 256 2601977 36233450 256 0.1631458282470703 0.0036986827850341796
8 6 256 2601977 36233450 256 0.14434318542480468 0.0033588171005249023
8 7 256 2601977 36233450 256 0.12287440299987792 0.002981686592102051
