graphdata/snap/wiki-Talk/wiki-Talk.mtx
2 0 16 2394385 5021410 16 0.02544896602630615 0.0024805068969726562
2 1 16 2394385 5021410 16 0.027048206329345702 0.0017104387283325196
graphdata/snap/wiki-Talk/wiki-Talk.mtx
2 0 32 2394385 5021410 32 0.037173104286193845 0.0026028633117675783
2 1 32 2394385 5021410 32 0.0417133092880249 0.0019242048263549804
graphdata/snap/wiki-Talk/wiki-Talk.mtx
2 0 64 2394385 5021410 64 0.06932861804962158 0.0030641794204711915
2 1 64 2394385 5021410 64 0.07186586856842041 0.0024352073669433594
graphdata/snap/wiki-Talk/wiki-Talk.mtx
2 0 128 2394385 5021410 128 0.10184307098388672 0.004688262939453125
2 1 128 2394385 5021410 128 0.10986104011535644 0.0036179065704345704
graphdata/snap/wiki-Talk/wiki-Talk.mtx
2 0 256 2394385 5021410 256 0.20177810192108153 0.007881712913513184
2 1 256 2394385 5021410 256 0.21654701232910156 0.006212377548217773
graphdata/snap/wiki-Talk/wiki-Talk.mtx
4 0 16 2394385 5021410 16 0.011523938179016114 0.0020161867141723633
4 1 16 2394385 5021410 16 0.022246074676513673 0.00131378173828125
4 2 16 2394385 5021410 16 0.019626140594482422 0.0013068914413452148
4 3 16 2394385 5021410 16 0.023223447799682616 0.0013450145721435546
graphdata/snap/wiki-Talk/wiki-Talk.mtx
4 0 32 2394385 5021410 32 0.0255871057510376 0.002113795280456543
4 1 32 2394385 5021410 32 0.031653976440429686 0.0013632774353027344
4 2 32 2394385 5021410 32 0.029427504539489745 0.0014599084854125977
4 3 32 2394385 5021410 32 0.02864396572113037 0.0013637304306030273
graphdata/snap/wiki-Talk/wiki-Talk.mtx
4 0 64 2394385 5021410 64 0.03911747932434082 0.002243661880493164
4 1 64 2394385 5021410 64 0.04343559741973877 0.0016016006469726563
4 2 64 2394385 5021410 64 0.042547082901000975 0.0017820119857788086
4 3 64 2394385 5021410 64 0.046046900749206546 0.0015373706817626953
graphdata/snap/wiki-Talk/wiki-Talk.mtx
4 0 128 2394385 5021410 128 0.0776597023010254 0.0030948400497436525
4 1 128 2394385 5021410 128 0.08247449398040771 0.002222442626953125
4 2 128 2394385 5021410 128 0.08835377693176269 0.002593326568603516
4 3 128 2394385 5021410 128 0.08345961570739746 0.0023607254028320313
graphdata/snap/wiki-Talk/wiki-Talk.mtx
4 0 256 2394385 5021410 256 0.1370098114013672 0.00475459098815918
4 1 256 2394385 5021410 256 0.15235464572906493 0.003515195846557617
4 2 256 2394385 5021410 256 0.15920555591583252 0.0036879777908325195
4 3 256 2394385 5021410 256 0.15660250186920166 0.0035338401794433594
graphdata/snap/wiki-Talk/wiki-Talk.mtx
8 0 16 2394385 5021410 16 0.007668614387512207 0.0017586946487426758
8 1 16 2394385 5021410 16 0.029143452644348145 0.0013603925704956054
8 2 16 2394385 5021410 16 0.02428247928619385 0.0013495683670043945
8 3 16 2394385 5021410 16 0.028472375869750977 0.001363682746887207
8 4 16 2394385 5021410 16 0.024914193153381347 0.001904606819152832
8 5 16 2394385 5021410 16 0.030297374725341795 0.0018568992614746093
8 6 16 2394385 5021410 16 0.0275249719619751 0.0012130260467529297
8 7 16 2394385 5021410 16 0.030342936515808105 0.0019349336624145507
graphdata/snap/wiki-Talk/wiki-Talk.mtx
8 0 32 2394385 5021410 32 0.01758103370666504 0.001768183708190918
8 1 32 2394385 5021410 32 0.044975447654724124 0.0013596057891845704
8 2 32 2394385 5021410 32 0.042666840553283694 0.0014484405517578125
8 3 32 2394385 5021410 32 0.04077908992767334 0.0015487432479858398
8 4 32 2394385 5021410 32 0.03982324600219726 0.0016625642776489258
8 5 32 2394385 5021410 32 0.029895615577697755 0.0015510082244873046
8 6 32 2394385 5021410 32 0.03708560466766357 0.001371288299560547
8 7 32 2394385 5021410 32 0.03793456554412842 0.0034021854400634764
graphdata/snap/wiki-Talk/wiki-Talk.mtx
8 0 64 2394385 5021410 64 0.03033895492553711 0.0018887996673583984
8 1 64 2394385 5021410 64 0.05386464595794678 0.0014758110046386719
8 2 64 2394385 5021410 64 0.054679346084594724 0.0023222446441650392
8 3 64 2394385 5021410 64 0.05834956169128418 0.0013415813446044922
8 4 64 2394385 5021410 64 0.05559208393096924 0.0016530275344848633
8 5 64 2394385 5021410 64 0.0629767656326294 0.001425027847290039
8 6 64 2394385 5021410 64 0.05335016250610351 0.0012902259826660157
8 7 64 2394385 5021410 64 0.05480952262878418 0.0015967607498168946
graphdata/snap/wiki-Talk/wiki-Talk.mtx
8 0 128 2394385 5021410 128 0.049179673194885254 0.0022000551223754885
8 1 128 2394385 5021410 128 0.06989495754241944 0.0017950057983398438
8 2 128 2394385 5021410 128 0.07227423191070556 0.002084231376647949
8 3 128 2394385 5021410 128 0.07400264739990234 0.0022567987442016603
8 4 128 2394385 5021410 128 0.06754014492034913 0.0021208763122558595
8 5 128 2394385 5021410 128 0.06956560611724853 0.0016505956649780274
8 6 128 2394385 5021410 128 0.07101738452911377 0.0025301218032836915
8 7 128 2394385 5021410 128 0.07986855506896973 0.0020954132080078123
graphdata/snap/wiki-Talk/wiki-Talk.mtx
8 0 256 2394385 5021410 256 0.0992499589920044 0.0031658411026000977
8 1 256 2394385 5021410 256 0.11336698532104492 0.002503800392150879
8 2 256 2394385 5021410 256 0.1184969425201416 0.002315783500671387
8 3 256 2394385 5021410 256 0.1301020622253418 0.0024756908416748045
8 4 256 2394385 5021410 256 0.13079142570495605 0.0033368349075317385
8 5 256 2394385 5021410 256 0.12444934844970704 0.00219879150390625
8 6 256 2394385 5021410 256 0.12030544281005859 0.0029830455780029295
8 7 256 2394385 5021410 256 0.12348670959472656 0.002457332611083984
