graphdata/snap/roadNet-CA/roadNet-CA.mtx
2 0 16 1971281 5533214 16 0.01954648494720459 0.0022191524505615233
2 1 16 1971281 5533214 16 0.01544327735900879 0.0020323753356933593
graphdata/snap/roadNet-CA/roadNet-CA.mtx
2 0 32 1971281 5533214 32 0.03660881519317627 0.0024000167846679687
2 1 32 1971281 5533214 32 0.03679587841033936 0.0024857282638549804
graphdata/snap/roadNet-CA/roadNet-CA.mtx
2 0 64 1971281 5533214 64 0.06741626262664795 0.0028415918350219727
2 1 64 1971281 5533214 64 0.06149327754974365 0.0026667118072509766
graphdata/snap/roadNet-CA/roadNet-CA.mtx
2 0 128 1971281 5533214 128 0.08885180950164795 0.00433194637298584
2 1 128 1971281 5533214 128 0.09363288879394531 0.004016971588134766
graphdata/snap/roadNet-CA/roadNet-CA.mtx
2 0 256 1971281 5533214 256 0.19851331710815429 0.006860256195068359
2 1 256 1971281 5533214 256 0.19900078773498536 0.006829977035522461
graphdata/snap/roadNet-CA/roadNet-CA.mtx
4 0 16 1971281 5533214 16 0.01933619976043701 0.0021950960159301757
4 1 16 1971281 5533214 16 0.023610496520996095 0.0016426324844360351
4 2 16 1971281 5533214 16 0.018107342720031738 0.001763629913330078
4 3 16 1971281 5533214 16 0.021355581283569337 0.0017671823501586915
graphdata/snap/roadNet-CA/roadNet-CA.mtx
4 0 32 1971281 5533214 32 0.021663808822631837 0.001639580726623535
4 1 32 1971281 5533214 32 0.030075764656066893 0.0016465902328491211
4 2 32 1971281 5533214 32 0.025851130485534668 0.0019330263137817382
4 3 32 1971281 5533214 32 0.02572476863861084 0.0018256902694702148
graphdata/snap/roadNet-CA/roadNet-CA.mtx
4 0 64 1971281 5533214 64 0.04558892250061035 0.0018848657608032226
4 1 64 1971281 5533214 64 0.04470536708831787 0.0017485857009887696
4 2 64 1971281 5533214 64 0.04145395755767822 0.001946878433227539
4 3 64 1971281 5533214 64 0.04761636257171631 0.0017754316329956054
graphdata/snap/roadNet-CA/roadNet-CA.mtx
4 0 128 1971281 5533214 128 0.06461150646209717 0.002639293670654297
4 1 128 1971281 5533214 128 0.06825053691864014 0.002335667610168457
4 2 128 1971281 5533214 128 0.07040252685546874 0.0025067567825317384
4 3 128 1971281 5533214 128 0.0714268445968628 0.0023895263671875
graphdata/snap/roadNet-CA/roadNet-CA.mtx
4 0 256 1971281 5533214 256 0.13435420989990235 0.003760695457458496
4 1 256 1971281 5533214 256 0.13399848937988282 0.003772115707397461
4 2 256 1971281 5533214 256 0.11565420627593995 0.004274821281433106
4 3 256 1971281 5533214 256 0.14153292179107665 0.0038693428039550783
graphdata/snap/roadNet-CA/roadNet-CA.mtx
8 0 16 1971281 5533214 16 0.021399903297424316 0.0012645483016967773
8 1 16 1971281 5533214 16 0.024189162254333495 0.0015075922012329102
8 2 16 1971281 5533214 16 0.02876880168914795 0.0014829397201538085
8 3 16 1971281 5533214 16 0.02081575393676758 0.0021713733673095702
8 4 16 1971281 5533214 16 0.03331534862518311 0.002118372917175293
8 5 16 1971281 5533214 16 0.02660679817199707 0.0018073081970214843
8 6 16 1971281 5533214 16 0.02181422710418701 0.0013269662857055664
8 7 16 1971281 5533214 16 0.027211713790893554 0.0028701066970825196
graphdata/snap/roadNet-CA/roadNet-CA.mtx
8 0 32 1971281 5533214 32 0.03045687675476074 0.00141451358795166
8 1 32 1971281 5533214 32 0.041481852531433105 0.0014998197555541992
8 2 32 1971281 5533214 32 0.03664858341217041 0.0014022588729858398
8 3 32 1971281 5533214 32 0.03512840270996094 0.0015141963958740234
8 4 32 1971281 5533214 32 0.029492449760437012 0.0013461828231811524
8 5 32 1971281 5533214 32 0.030477571487426757 0.002902650833129883
8 6 32 1971281 5533214 32 0.040106892585754395 0.002016615867614746
8 7 32 1971281 5533214 32 0.03345377445220947 0.0014280080795288086
graphdata/snap/roadNet-CA/roadNet-CA.mtx
8 0 64 1971281 5533214 64 0.038378024101257326 0.001566624641418457
8 1 64 1971281 5533214 64 0.04622669219970703 0.0015319347381591796
8 2 64 1971281 5533214 64 0.04727227687835693 0.0014941692352294922
8 3 64 1971281 5533214 64 0.04225320816040039 0.0015737295150756836
8 4 64 1971281 5533214 64 0.04882416725158691 0.0017409563064575196
8 5 64 1971281 5533214 64 0.04002389907836914 0.002090263366699219
8 6 64 1971281 5533214 64 0.04505002498626709 0.001724576950073242
8 7 64 1971281 5533214 64 0.052777576446533206 0.002686429023742676
graphdata/snap/roadNet-CA/roadNet-CA.mtx
8 0 128 1971281 5533214 128 0.06378121376037597 0.0030670642852783205
8 1 128 1971281 5533214 128 0.07104725837707519 0.002457880973815918
8 2 128 1971281 5533214 128 0.07331445217132568 0.002258038520812988
8 3 128 1971281 5533214 128 0.05577898025512695 0.001938605308532715
8 4 128 1971281 5533214 128 0.08037781715393066 0.002499675750732422
8 5 128 1971281 5533214 128 0.06824719905853271 0.001950240135192871
8 6 128 1971281 5533214 128 0.07044789791107178 0.001676487922668457
8 7 128 1971281 5533214 128 0.07625317573547363 0.002411675453186035
graphdata/snap/roadNet-CA/roadNet-CA.mtx
8 0 256 1971281 5533214 256 0.09871768951416016 0.002777361869812012
8 1 256 1971281 5533214 256 0.0920299768447876 0.002739262580871582
8 2 256 1971281 5533214 256 0.09497337341308594 0.002670097351074219
8 3 256 1971281 5533214 256 0.09525146484375 0.002602291107177734
8 4 256 1971281 5533214 256 0.09391629695892334 0.0023860931396484375
8 5 256 1971281 5533214 256 0.08747045993804932 0.00290224552154541
8 6 256 1971281 5533214 256 0.10385890007019043 0.0025107860565185547
8 7 256 1971281 5533214 256 0.1012192726135254 0.0027465343475341795
