graphdata/snap/wiki-topcats/wiki-topcats.mtx
2 0 16 1791489 28511807 16 0.03617348670959473 0.004901504516601563
2 1 16 1791489 28511807 16 0.03960442543029785 0.006006503105163574
graphdata/snap/wiki-topcats/wiki-topcats.mtx
2 0 32 1791489 28511807 32 0.05722672939300537 0.005072784423828125
2 1 32 1791489 28511807 32 0.06059408187866211 0.006357336044311523
graphdata/snap/wiki-topcats/wiki-topcats.mtx
2 0 64 1791489 28511807 64 0.09482424259185791 0.005623459815979004
2 1 64 1791489 28511807 64 0.10505642890930175 0.007019829750061035
graphdata/snap/wiki-topcats/wiki-topcats.mtx
2 0 128 1791489 28511807 128 0.14560234546661377 0.007939362525939941
2 1 128 1791489 28511807 128 0.14761276245117189 0.008888030052185058
graphdata/snap/wiki-topcats/wiki-topcats.mtx
2 0 256 1791489 28511807 256 0.2704261302947998 0.01263427734375
2 1 256 1791489 28511807 256 0.2676903009414673 0.014520692825317382
graphdata/snap/wiki-topcats/wiki-topcats.mtx
4 0 16 1791489 28511807 16 0.027326083183288573 0.00325319766998291
4 1 16 1791489 28511807 16 0.033542943000793454 0.0026027679443359373
4 2 16 1791489 28511807 16 0.033051252365112305 0.004106712341308594
4 3 16 1791489 28511807 16 0.026276016235351564 0.002707386016845703
graphdata/snap/wiki-topcats/wiki-topcats.mtx
4 0 32 1791489 28511807 32 0.049182987213134764 0.0032557249069213867
4 1 32 1791489 28511807 32 0.04381351470947266 0.00267183780670166
4 2 32 1791489 28511807 32 0.04772107601165772 0.004347443580627441
4 3 32 1791489 28511807 32 0.04553425312042236 0.0029543161392211912
graphdata/snap/wiki-topcats/wiki-topcats.mtx
4 0 64 1791489 28511807 64 0.09490320682525635 0.004141712188720703
4 1 64 1791489 28511807 64 0.07053525447845459 0.002876567840576172
4 2 64 1791489 28511807 64 0.08366475105285645 0.004498410224914551
4 3 64 1791489 28511807 64 0.07379095554351807 0.0029731035232543946
graphdata/snap/wiki-topcats/wiki-topcats.mtx
4 0 128 1791489 28511807 128 0.15116729736328124 0.004926061630249024
4 1 128 1791489 28511807 128 0.12632155418395996 0.0037416458129882813
4 2 128 1791489 28511807 128 0.14511442184448242 0.00570220947265625
4 3 128 1791489 28511807 128 0.12454500198364257 0.0038404226303100585
graphdata/snap/wiki-topcats/wiki-topcats.mtx
4 0 256 1791489 28511807 256 0.2566619157791138 0.007172918319702149
4 1 256 1791489 28511807 256 0.24155733585357667 0.005730438232421875
4 2 256 1791489 28511807 256 0.2515546798706055 0.008738899230957031
4 3 256 1791489 28511807 256 0.2570697069168091 0.00606849193572998
graphdata/snap/wiki-topcats/wiki-topcats.mtx
8 0 16 1791489 28511807 16 0.0242995023727417 0.00208897590637207
8 1 16 1791489 28511807 16 0.02189979553222656 0.0020429134368896485
8 2 16 1791489 28511807 16 0.020985674858093262 0.0017982959747314454
8 3 16 1791489 28511807 16 0.02258937358856201 0.00194857120513916
8 4 16 1791489 28511807 16 0.025863099098205566 0.0023575782775878905
8 5 16 1791489 28511807 16 0.022135448455810548 0.0026443004608154297
8 6 16 1791489 28511807 16 0.02219362258911133 0.0018536567687988282
8 7 16 1791489 28511807 16 0.02404181957244873 0.0017290353775024415
graphdata/snap/wiki-topcats/wiki-topcats.mtx
8 0 32 1791489 28511807 32 0.038636088371276855 0.002128338813781738
8 1 32 1791489 28511807 32 0.04397907257080078 0.0021138429641723634
8 2 32 1791489 28511807 32 0.037078022956848145 0.0019678115844726563
8 3 32 1791489 28511807 32 0.040264034271240236 0.0021236419677734377
8 4 32 1791489 28511807 32 0.03788909912109375 0.00265045166015625
8 5 32 1791489 28511807 32 0.03305709362030029 0.002785038948059082
8 6 32 1791489 28511807 32 0.04170377254486084 0.001971125602722168
8 7 32 1791489 28511807 32 0.04025564193725586 0.0019874334335327148
graphdata/snap/wiki-topcats/wiki-topcats.mtx
8 0 64 1791489 28511807 64 0.058470940589904784 0.002280926704406738
8 1 64 1791489 28511807 64 0.07573606967926025 0.0023138999938964845
8 2 64 1791489 28511807 64 0.060984563827514646 0.001990056037902832
8 3 64 1791489 28511807 64 0.06644904613494873 0.0018698930740356444
8 4 64 1791489 28511807 64 0.06032130718231201 0.0025311708450317383
8 5 64 1791489 28511807 64 0.06083681583404541 0.0029191970825195312
8 6 64 1791489 28511807 64 0.06402702331542968 0.0020464181900024412
8 7 64 1791489 28511807 64 0.06842103004455566 0.002026081085205078
graphdata/snap/wiki-topcats/wiki-topcats.mtx
8 0 128 1791489 28511807 128 0.11274712085723877 0.0027486085891723633
8 1 128 1791489 28511807 128 0.1273707628250122 0.002758169174194336
8 2 128 1791489 28511807 128 0.1139725923538208 0.002477598190307617
8 3 128 1791489 28511807 128 0.10798795223236084 0.0023290634155273436
8 4 128 1791489 28511807 128 0.12009837627410888 0.0030679225921630858
8 5 128 1791489 28511807 128 0.10801074504852295 0.0033739328384399412
8 6 128 1791489 28511807 128 0.11489343643188477 0.0025023460388183595
8 7 128 1791489 28511807 128 0.11777751445770264 0.0022369861602783204
graphdata/snap/wiki-topcats/wiki-topcats.mtx
8 0 256 1791489 28511807 256 0.2344191312789917 0.003977084159851074
8 1 256 1791489 28511807 256 0.239355206489563 0.0039582490921020504
8 2 256 1791489 28511807 256 0.22709991931915283 0.0035463809967041016
8 3 256 1791489 28511807 256 0.2317262649536133 0.0032213211059570314
8 4 256 1791489 28511807 256 0.20779497623443605 0.004626154899597168
8 5 256 1791489 28511807 256 0.19272809028625487 0.00502324104309082
8 6 256 1791489 28511807 256 0.23320295810699462 0.0036660432815551758
8 7 256 1791489 28511807 256 0.2199634552001953 0.003333449363708496
