graphdata/snap/as-Skitter/as-Skitter.mtx
2 0 16 1696415 22190596 16 0.03537993431091309 0.006898212432861328
2 1 16 1696415 22190596 16 0.02619009017944336 0.0026923656463623048
graphdata/snap/as-Skitter/as-Skitter.mtx
2 0 32 1696415 22190596 32 0.057226252555847165 0.006964731216430664
2 1 32 1696415 22190596 32 0.04096124172210693 0.002297186851501465
graphdata/snap/as-Skitter/as-Skitter.mtx
2 0 64 1696415 22190596 64 0.09572093486785889 0.007626771926879883
2 1 64 1696415 22190596 64 0.06698594093322754 0.0027794599533081054
graphdata/snap/as-Skitter/as-Skitter.mtx
2 0 128 1696415 22190596 128 0.16192796230316162 0.0096297025680542
2 1 128 1696415 22190596 128 0.12476537227630616 0.004053878784179688
graphdata/snap/as-Skitter/as-Skitter.mtx
2 0 256 1696415 22190596 256 0.29865279197692873 0.015352272987365722
2 1 256 1696415 22190596 256 0.22900536060333251 0.006463050842285156
graphdata/snap/as-Skitter/as-Skitter.mtx
4 0 16 1696415 22190596 16 0.026316118240356446 0.004903531074523926
4 1 16 1696415 22190596 16 0.028084993362426758 0.0025813102722167967
4 2 16 1696415 22190596 16 0.01891956329345703 0.0017746925354003907
4 3 16 1696415 22190596 16 0.019622111320495607 0.0014311552047729492
graphdata/snap/as-Skitter/as-Skitter.mtx
4 0 32 1696415 22190596 32 0.044124054908752444 0.005000877380371094
4 1 32 1696415 22190596 32 0.04393310546875 0.002559185028076172
4 2 32 1696415 22190596 32 0.03259932994842529 0.0018389225006103516
4 3 32 1696415 22190596 32 0.02513461112976074 0.0014349937438964844
graphdata/snap/as-Skitter/as-Skitter.mtx
4 0 64 1696415 22190596 64 0.08105194568634033 0.0054019451141357425
4 1 64 1696415 22190596 64 0.07520906925201416 0.0027369022369384765
4 2 64 1696415 22190596 64 0.05703158378601074 0.0019629240036010743
4 3 64 1696415 22190596 64 0.03913009166717529 0.0015282392501831054
graphdata/snap/as-Skitter/as-Skitter.mtx
4 0 128 1696415 22190596 128 0.1314235210418701 0.006531453132629395
4 1 128 1696415 22190596 128 0.12197542190551758 0.0035837173461914064
4 2 128 1696415 22190596 128 0.08878464698791504 0.0026788949966430665
4 3 128 1696415 22190596 128 0.06941070556640624 0.002210116386413574
graphdata/snap/as-Skitter/as-Skitter.mtx
4 0 256 1696415 22190596 256 0.22902798652648926 0.01026761531829834
4 1 256 1696415 22190596 256 0.2280611515045166 0.00560150146484375
4 2 256 1696415 22190596 256 0.1827704906463623 0.004061460494995117
4 3 256 1696415 22190596 256 0.13928260803222656 0.003281974792480469
graphdata/snap/as-Skitter/as-Skitter.mtx
8 0 16 1696415 22190596 16 0.018951964378356934 0.003567075729370117
8 1 16 1696415 22190596 16 0.022025275230407714 0.0022725582122802733
8 2 16 1696415 22190596 16 0.0202465295791626 0.0018545866012573242
8 3 16 1696415 22190596 16 0.019001078605651856 0.0015798091888427734
8 4 16 1696415 22190596 16 0.017446446418762206 0.001367807388305664
8 5 16 1696415 22190596 16 0.014987540245056153 0.001289677619934082
8 6 16 1696415 22190596 16 0.013523411750793458 0.0012838125228881836
8 7 16 1696415 22190596 16 0.011845874786376952 0.001163625717163086
graphdata/snap/as-Skitter/as-Skitter.mtx
8 0 32 1696415 22190596 32 0.04045114517211914 0.003524327278137207
8 1 32 1696415 22190596 32 0.037664389610290526 0.002216482162475586
8 2 32 1696415 22190596 32 0.03411734104156494 0.001842188835144043
8 3 32 1696415 22190596 32 0.03130362033843994 0.0016851425170898438
8 4 32 1696415 22190596 32 0.024855160713195802 0.0014298200607299806
8 5 32 1696415 22190596 32 0.021317315101623536 0.0012995481491088867
8 6 32 1696415 22190596 32 0.023175621032714845 0.0012708425521850586
8 7 32 1696415 22190596 32 0.01937253475189209 0.0011662960052490235
graphdata/snap/as-Skitter/as-Skitter.mtx
8 0 64 1696415 22190596 64 0.06394023895263672 0.0040570259094238285
8 1 64 1696415 22190596 64 0.0579892635345459 0.002367877960205078
8 2 64 1696415 22190596 64 0.058254146575927736 0.002051091194152832
8 3 64 1696415 22190596 64 0.05305790901184082 0.0018118619918823242
8 4 64 1696415 22190596 64 0.04001495838165283 0.001610565185546875
8 5 64 1696415 22190596 64 0.037043976783752444 0.001365971565246582
8 6 64 1696415 22190596 64 0.03390371799468994 0.0014311552047729492
8 7 64 1696415 22190596 64 0.030918383598327638 0.0012964248657226563
graphdata/snap/as-Skitter/as-Skitter.mtx
8 0 128 1696415 22190596 128 0.10447955131530762 0.004545521736145019
8 1 128 1696415 22190596 128 0.10682365894317628 0.0030096769332885742
8 2 128 1696415 22190596 128 0.08774189949035645 0.002329516410827637
8 3 128 1696415 22190596 128 0.09391779899597168 0.002175760269165039
8 4 128 1696415 22190596 128 0.07319562435150147 0.001857924461364746
8 5 128 1696415 22190596 128 0.07135508060455323 0.0016681671142578125
8 6 128 1696415 22190596 128 0.05642457008361816 0.0015353918075561523
8 7 128 1696415 22190596 128 0.05031344890594482 0.0015953540802001952
graphdata/snap/as-Skitter/as-Skitter.mtx
8 0 256 1696415 22190596 256 0.20106170177459717 0.0066323518753051754
8 1 256 1696415 22190596 256 0.2004716157913208 0.00437314510345459
8 2 256 1696415 22190596 256 0.1688140869140625 0.003361940383911133
8 3 256 1696415 22190596 256 0.16688597202301025 0.003381490707397461
8 4 256 1696415 22190596 256 0.13732578754425048 0.0030517816543579102
8 5 256 1696415 22190596 256 0.12864935398101807 0.0023736953735351562
8 6 256 1696415 22190596 256 0.10368936061859131 0.0025908708572387694
8 7 256 1696415 22190596 256 0.09073989391326905 0.0020479202270507813
